#-----------------------------------------------------------
# Vivado v2018.3 (64-bit)
# SW Build 2405991 on Thu Dec  6 23:36:41 MST 2018
# IP Build 2404404 on Fri Dec  7 01:43:56 MST 2018
# Start of session at: Wed May  1 12:15:57 2024
# Process ID: 507700
# Current directory: /home/binh/work/pulpino-binh/fpga/ips
# Command line: vivado
# Log file: /home/binh/work/pulpino-binh/fpga/ips/vivado.log
# Journal file: /home/binh/work/pulpino-binh/fpga/ips/vivado.jou
#-----------------------------------------------------------
start_gui
open_project /home/binh/work/pulpino-binh/fpga/ips/bram_control/bram_control.xpr
Scanning sources...
Finished scanning sources
INFO: [IP_Flow 19-234] Refreshing IP repositories
INFO: [IP_Flow 19-1704] No user IP repositories specified
INFO: [IP_Flow 19-2313] Loaded Vivado IP repository '/home/binh/Downloads/vivado-2018.3/Vivado/2018.3/data/ip'.
open_project: Time (s): cpu = 00:00:11 ; elapsed = 00:00:05 . Memory (MB): peak = 6434.211 ; gain = 137.176 ; free physical = 5136 ; free virtual = 40490
open_bd_design {/home/binh/work/pulpino-binh/fpga/ips/bram_control/bram_control.srcs/sources_1/bd/design_1/design_1.bd}
Adding cell -- xilinx.com:ip:blk_mem_gen:8.4 - blk_mem_gen_0
Adding cell -- xilinx.com:ip:axi_bram_ctrl:4.1 - axi_bram_ctrl_0
Adding cell -- xilinx.com:ip:axi_gpio:2.0 - axi_gpio_emu
Adding cell -- xilinx.com:ip:axi_gpio:2.0 - axi_jtag_emu
Adding cell -- xilinx.com:ip:axi_gpio:2.0 - axi_pulp_control
Adding cell -- xilinx.com:ip:processing_system7:5.5 - processing_system7_0
Adding cell -- xilinx.com:ip:xlconstant:1.1 - xlconstant_0
Adding cell -- xilinx.com:ip:smartconnect:1.0 - axi_smc
Adding cell -- xilinx.com:ip:proc_sys_reset:5.0 - rst_ps7_0_50M
Adding cell -- xilinx.com:module_ref:pulpino:1.0 - pulpino_0
Successfully read diagram <design_1> from BD file </home/binh/work/pulpino-binh/fpga/ips/bram_control/bram_control.srcs/sources_1/bd/design_1/design_1.bd>
update_compile_order -fileset sources_1
close_project
exit
INFO: [Common 17-206] Exiting Vivado at Wed May  1 12:17:18 2024...
