cd linux-xlnx && git checkout -f tags/xilinx-v2018.3
HEAD is now at 51445f9139af drm: xlnx: crtc: Fix max width and height overflow
cd linux-xlnx && \
	git checkout xilinx-v2017.4 -- ./drivers/tty/serial/xilinx_uartps.c && \
	sed -ie 's/CONFIG_SERIAL_XILINX_NR_UARTS/2/' drivers/tty/serial/xilinx_uartps.c
cp config/kernel.config.2018.3 ./linux-xlnx/.config
cd linux-xlnx && make ARCH=arm CROSS_COMPILE=arm-linux-gnueabihf- UIMAGE_LOADADDR=0x8000 uImage PATH=/home/binh/work/pulpino-binh/fpga/sw/u-boot-xlnx/tools/:/opt/riscv/bin:/home/binh/Downloads/ModelSim-20.1/modelsim_ase/bin:/home/binh/Downloads/vivado-2018.3/SDK/2018.3/bin:/home/binh/Downloads/vivado-2018.3/SDK/2018.3/gnu/microblaze/lin/bin:/home/binh/Downloads/vivado-2018.3/SDK/2018.3/gnu/arm/lin/bin:/home/binh/Downloads/vivado-2018.3/SDK/2018.3/gnu/microblaze/linux_toolchain/lin64_le/bin:/home/binh/Downloads/vivado-2018.3/SDK/2018.3/gnu/aarch32/lin/gcc-arm-linux-gnueabi/bin:/home/binh/Downloads/vivado-2018.3/SDK/2018.3/gnu/aarch32/lin/gcc-arm-none-eabi/bin:/home/binh/Downloads/vivado-2018.3/SDK/2018.3/gnu/aarch64/lin/aarch64-linux/bin:/home/binh/Downloads/vivado-2018.3/SDK/2018.3/gnu/aarch64/lin/aarch64-none/bin:/home/binh/Downloads/vivado-2018.3/SDK/2018.3/gnu/armr5/lin/gcc-arm-none-eabi/bin:/home/binh/Downloads/vivado-2018.3/SDK/2018.3/tps/lnx64/cmake-3.3.2/bin:/home/binh/Downloads/vivado-2018.3/Vivado/2018.3/bin:/home/binh/.local/bin:/usr/local/sbin:/usr/local/bin:/usr/sbin:/usr/bin:/sbin:/bin:/usr/games:/usr/local/games:/snap/bin:/snap/bin:/home/binh/.local/share/coursier/bin -j4
make[1]: Entering directory '/home/binh/work/pulpino-binh/fpga/sw/linux-xlnx'
  HOSTCC  scripts/basic/fixdep
  HOSTCC  scripts/basic/bin2c
  HOSTCC  scripts/kconfig/conf.o
  HOSTCC  scripts/kconfig/zconf.tab.o
  HOSTLD  scripts/kconfig/conf
scripts/kconfig/conf  --silentoldconfig Kconfig
  SYSHDR  arch/arm/include/generated/uapi/asm/unistd-common.h
  SYSHDR  arch/arm/include/generated/uapi/asm/unistd-oabi.h
  CHK     include/config/kernel.release
  SYSHDR  arch/arm/include/generated/uapi/asm/unistd-eabi.h
  CHK     include/generated/uapi/linux/version.h
  HOSTCC  scripts/dtc/dtc.o
  HOSTCC  scripts/genksyms/genksyms.o
  CC      scripts/mod/empty.o
  HOSTCC  scripts/dtc/flattree.o
  HOSTCC  scripts/mod/mk_elfconfig
  CC      scripts/mod/devicetable-offsets.s
  HOSTCC  scripts/genksyms/parse.tab.o
  MKELF   scripts/mod/elfconfig.h
  CHK     scripts/mod/devicetable-offsets.h
  HOSTCC  scripts/mod/sumversion.o
  HOSTCC  scripts/genksyms/lex.lex.o
  HOSTCC  scripts/kallsyms
  HOSTCC  scripts/dtc/fstree.o
  HOSTCC  scripts/mod/modpost.o
  HOSTCC  scripts/dtc/data.o
  HOSTCC  scripts/conmakehash
  HOSTCC  scripts/dtc/livetree.o
  CHK     include/generated/utsrelease.h
  HOSTCC  scripts/sortextable
  HOSTLD  scripts/genksyms/genksyms
  HOSTCC  scripts/dtc/treesource.o
  HOSTCC  scripts/dtc/srcpos.o
  HOSTCC  scripts/dtc/checks.o
  HOSTCC  scripts/mod/file2alias.o
  HOSTCC  scripts/dtc/util.o
  HOSTCC  scripts/dtc/dtc-lexer.lex.o
  HOSTCC  scripts/dtc/dtc-parser.tab.o
  SYSNR   arch/arm/include/generated/asm/unistd-nr.h
  GEN     arch/arm/include/generated/asm/mach-types.h
  SYSTBL  arch/arm/include/generated/calls-oabi.S
  SYSTBL  arch/arm/include/generated/calls-eabi.S
  CHK     include/generated/timeconst.h
  CC      kernel/bounds.s
  HOSTLD  scripts/dtc/dtc
  CHK     include/generated/bounds.h
  CC      arch/arm/kernel/asm-offsets.s
  HOSTLD  scripts/mod/modpost
  CHK     include/generated/asm-offsets.h
  CALL    scripts/checksyscalls.sh
  CC      init/main.o
  CHK     include/generated/compile.h
  CC      init/do_mounts.o
  HOSTCC  usr/gen_init_cpio
  CC      init/do_mounts_rd.o
  GEN     usr/initramfs_data.cpio
  AS      usr/initramfs_data.o
  AR      usr/built-in.o
  CC      arch/arm/vfp/vfpmodule.o
  CC      init/do_mounts_initrd.o
  AS      arch/arm/vfp/entry.o
  AS      arch/arm/vfp/vfphw.o
  CC      arch/arm/vfp/vfpsingle.o
  CC      init/initramfs.o
  CC      init/calibrate.o
  CC      arch/arm/vfp/vfpdouble.o
  CC      init/init_task.o
  CC      arch/arm/kernel/elf.o
  AS      arch/arm/kernel/entry-common.o
  CC      arch/arm/kernel/irq.o
  CC      init/version.o
  CC      arch/arm/kernel/opcodes.o
  AR      init/mounts.o
  AR      init/built-in.o
  CC      arch/arm/mm/extable.o
  CC      arch/arm/common/firmware.o
  AR      arch/arm/vfp/vfp.o
  AR      arch/arm/vfp/built-in.o
  AR      arch/arm/probes/built-in.o
  CC      arch/arm/net/bpf_jit_32.o
  CC      arch/arm/kernel/process.o
  CC      arch/arm/mm/fault.o
  AR      arch/arm/common/built-in.o
  AR      arch/arm/crypto/built-in.o
  CC      arch/arm/mm/init.o
  CC      arch/arm/kernel/ptrace.o
  CC      arch/arm/kernel/reboot.o
  CC      arch/arm/mm/iomap.o
  AR      arch/arm/firmware/built-in.o
  CC      arch/arm/mm/dma-mapping.o
  CC      arch/arm/kernel/return_address.o
  CC      arch/arm/kernel/setup.o
  CC      arch/arm/mach-zynq/common.o
  CC      arch/arm/mm/fault-armv.o
  CC      arch/arm/mach-zynq/efuse.o
  CC      arch/arm/mach-zynq/slcr.o
  CC      arch/arm/mm/flush.o
  CC      arch/arm/kernel/signal.o
  CC      arch/arm/mach-zynq/zynq_ocm.o
  CC      arch/arm/mach-zynq/pm.o
  CC      arch/arm/mm/idmap.o
  AS      arch/arm/kernel/sigreturn_codes.o
  CC      arch/arm/kernel/stacktrace.o
  CC      arch/arm/kernel/sys_arm.o
  CC      arch/arm/mm/ioremap.o
  AS      arch/arm/mach-zynq/headsmp.o
  CC      arch/arm/mach-zynq/platsmp.o
  AR      arch/arm/net/built-in.o
  CC      kernel/fork.o
  CC      arch/arm/kernel/time.o
  AS      arch/arm/mach-zynq/suspend.o
  AR      arch/arm/mach-zynq/built-in.o
  CC      arch/arm/kernel/traps.o
  CC      arch/arm/mm/mmap.o
  CC      kernel/exec_domain.o
  CC      arch/arm/mm/pgd.o
  CC      arch/arm/kernel/atags_parse.o
  CC      arch/arm/mm/mmu.o
  AS      arch/arm/kernel/entry-armv.o
  AR      certs/built-in.o
  CC      arch/arm/kernel/cpuidle.o
  CC      arch/arm/mm/pageattr.o
  CC      arch/arm/kernel/armksyms.o
  CC      arch/arm/mm/proc-syms.o
  CC      kernel/panic.o
  CC      arch/arm/kernel/module.o
  CC      kernel/cpu.o
  CC      arch/arm/mm/alignment.o
  CC      arch/arm/kernel/bios32.o
  AS      arch/arm/mm/abort-ev7.o
  CC      kernel/exit.o
  AS      arch/arm/mm/pabort-v7.o
  AS      arch/arm/mm/cache-v7.o
  CC      arch/arm/mm/copypage-v6.o
  CC      arch/arm/mm/context.o
  CC      arch/arm/kernel/isa.o
  AS      arch/arm/kernel/sleep.o
  CC      mm/filemap.o
  CC      arch/arm/kernel/suspend.o
  AS      arch/arm/mm/tlb-v7.o
  AS      arch/arm/mm/proc-v7.o
  CC      arch/arm/mm/l2c-common.o
  CC      arch/arm/mm/cache-l2x0.o
  CC      arch/arm/kernel/smp.o
  CC      kernel/softirq.o
  AS      arch/arm/mm/l2c-l2x0-resume.o
  AR      arch/arm/mm/built-in.o
  CC      mm/mempool.o
  CC      arch/arm/kernel/smp_tlb.o
  CC      kernel/resource.o
  CC      arch/arm/kernel/smp_scu.o
  CC      mm/oom_kill.o
  CC      arch/arm/kernel/smp_twd.o
  CC      mm/maccess.o
  CC      arch/arm/kernel/unwind.o
  CC      kernel/sysctl.o
  CC      mm/page_alloc.o
  CC      mm/page-writeback.o
  CC      arch/arm/kernel/devtree.o
  CC      arch/arm/kernel/swp_emulate.o
  CC      arch/arm/kernel/hw_breakpoint.o
  CC      kernel/sysctl_binary.o
  CC      arch/arm/kernel/perf_regs.o
  CC      arch/arm/kernel/perf_callchain.o
  CC      kernel/capability.o
  CC      kernel/ptrace.o
  CC      arch/arm/kernel/perf_event_xscale.o
  CC      arch/arm/kernel/perf_event_v6.o
  CC      arch/arm/kernel/perf_event_v7.o
  CC      mm/readahead.o
  CC      fs/open.o
  CC      kernel/user.o
  CC      arch/arm/kernel/topology.o
  CC      kernel/signal.o
  CC      mm/swap.o
  CC      arch/arm/kernel/io.o
  AS      arch/arm/kernel/debug.o
  CC      arch/arm/kernel/early_printk.o
  AS      arch/arm/kernel/hyp-stub.o
  AS      arch/arm/kernel/smccc-call.o
  AS      arch/arm/kernel/head.o
  LDS     arch/arm/kernel/vmlinux.lds
  AR      arch/arm/kernel/built-in.o
  CC      fs/read_write.o
  CC      ipc/util.o
  CC      mm/truncate.o
  CC      ipc/msgutil.o
  CC      ipc/msg.o
  CC      fs/file_table.o
  CC      kernel/sys.o
  CC      mm/vmscan.o
  CC      ipc/sem.o
  CC      fs/super.o
  CC      ipc/shm.o
  CC      kernel/umh.o
  CC      fs/char_dev.o
  CC      mm/shmem.o
  CC      kernel/workqueue.o
  CC      fs/stat.o
  CC      ipc/syscall.o
  CC      ipc/ipc_sysctl.o
  AR      ipc/built-in.o
  CC      mm/util.o
  CC      fs/exec.o
  CC      fs/pipe.o
  CC      fs/namei.o
  CC      kernel/pid.o
  CC      mm/mmzone.o
  CC      fs/fcntl.o
  CC      mm/vmstat.o
  CC      kernel/task_work.o
  CC      security/commoncap.o
  CC      kernel/extable.o
  CC      mm/backing-dev.o
  CC      kernel/params.o
  CC      security/min_addr.o
  CC      mm/mm_init.o
  AR      security/built-in.o
  CC      crypto/api.o
  CC      kernel/kthread.o
  CC      mm/mmu_context.o
  CC      fs/ioctl.o
  CC      mm/percpu.o
  CC      crypto/cipher.o
  CC      kernel/sys_ni.o
  CC      kernel/nsproxy.o
  CC      fs/readdir.o
  CC      crypto/compress.o
  CC      kernel/notifier.o
  CC      crypto/memneq.o
  CC      fs/select.o
  CC      kernel/ksysfs.o
  CC      mm/slab_common.o
  CC      crypto/crypto_wq.o
  CC      kernel/cred.o
  CC      crypto/algapi.o
  CC      mm/compaction.o
  CC      kernel/reboot.o
  CC      fs/dcache.o
  CC      mm/vmacache.o
  CC      kernel/async.o
  CC      crypto/scatterwalk.o
  CC      mm/swap_slots.o
  CC      kernel/range.o
  CC      kernel/smpboot.o
  CC      mm/interval_tree.o
  CC      crypto/proc.o
  CC      kernel/ucount.o
  CC      crypto/aead.o
  CC      mm/list_lru.o
  CC      kernel/kmod.o
  CC      fs/inode.o
  CC      mm/workingset.o
  CC      crypto/ablkcipher.o
  CC      kernel/groups.o
  CC      mm/debug.o
  CC      mm/gup.o
  CC      kernel/bpf/core.o
  CC      crypto/blkcipher.o
  CC      fs/attr.o
  CC      mm/highmem.o
  CC      fs/bad_inode.o
  CC      crypto/skcipher.o
  CC      mm/memory.o
  CC      fs/file.o
  AR      kernel/bpf/built-in.o
  CC      kernel/cgroup/cgroup.o
  CC      crypto/ahash.o
  CC      fs/filesystems.o
  CC      fs/namespace.o
  CC      crypto/shash.o
  CC      mm/mincore.o
  CC      mm/mlock.o
  CC      crypto/akcipher.o
  CC      crypto/kpp.o
  CC      kernel/cgroup/namespace.o
  CC      mm/mmap.o
  CC      kernel/cgroup/cgroup-v1.o
  CC      fs/seq_file.o
  CC      crypto/acompress.o
  CC      crypto/scompress.o
  CC      fs/xattr.o
  AR      kernel/cgroup/built-in.o
  CC      kernel/events/core.o
  CC      crypto/algboss.o
  CC      mm/mprotect.o
  CC      fs/libfs.o
  CC      mm/mremap.o
  CC      crypto/testmgr.o
  CC      crypto/crypto_null.o
  CC      mm/msync.o
  CC      fs/fs-writeback.o
  CC      mm/page_vma_mapped.o
  CC      crypto/aes_generic.o
  CC      mm/pagewalk.o
  CC      mm/pgtable-generic.o
  CC      crypto/crc32c_generic.o
  CC      fs/pnode.o
  CC      mm/rmap.o
  CC      crypto/rng.o
  CC      fs/splice.o
  AR      crypto/crypto.o
  AR      crypto/crypto_algapi.o
  AR      crypto/crypto_blkcipher.o
  AR      crypto/crypto_hash.o
  AR      crypto/crypto_acompress.o
  AR      crypto/cryptomgr.o
  AR      crypto/built-in.o
  CC      fs/sync.o
  CC      mm/vmalloc.o
  CC      kernel/irq/irqdesc.o
  CC      fs/utimes.o
  CC      kernel/events/ring_buffer.o
  CC      fs/stack.o
  CC      kernel/irq/handle.o
  CC      fs/fs_struct.o
  CC      kernel/events/callchain.o
  CC      mm/process_vm_access.o
  CC      kernel/irq/manage.o
  CC      fs/statfs.o
  CC      mm/init-mm.o
  CC      kernel/events/hw_breakpoint.o
  CC      mm/nobootmem.o
  CC      fs/fs_pin.o
  CC      fs/nsfs.o
  CC      kernel/irq/spurious.o
  AR      kernel/events/built-in.o
  CC      mm/fadvise.o
  AR      kernel/livepatch/built-in.o
  CC      mm/madvise.o
  CC      fs/buffer.o
  CC      kernel/irq/resend.o
  CC      kernel/locking/mutex.o
  CC      kernel/irq/chip.o
  CC      mm/memblock.o
  CC      kernel/locking/semaphore.o
  CC      kernel/irq/dummychip.o
  CC      mm/page_io.o
  CC      kernel/locking/rwsem.o
  CC      kernel/irq/devres.o
  CC      kernel/locking/percpu-rwsem.o
  CC      mm/swap_state.o
  CC      kernel/irq/autoprobe.o
  CC      kernel/locking/spinlock.o
  CC      fs/block_dev.o
  CC      kernel/locking/osq_lock.o
  CC      kernel/irq/irqdomain.o
  CC      mm/swapfile.o
  CC      kernel/locking/rtmutex.o
  CC      kernel/locking/rwsem-xadd.o
  CC      kernel/irq/proc.o
  CC      fs/direct-io.o
  AR      kernel/locking/built-in.o
  CC      mm/dmapool.o
  CC      kernel/irq/pm.o
  CC      kernel/irq/msi.o
  CC      mm/slab.o
  CC      kernel/power/qos.o
  CC      kernel/irq/affinity.o
  AR      kernel/irq/built-in.o
  CC      kernel/printk/printk.o
  CC      kernel/power/main.o
  CC      fs/mpage.o
  CC      kernel/power/console.o
  CC      mm/migrate.o
  CC      fs/proc_namespace.o
  CC      kernel/power/process.o
  AR      fs/configfs/built-in.o
  CC      fs/devpts/inode.o
  CC      kernel/power/suspend.o
  CC      kernel/printk/printk_safe.o
  CC      mm/page_isolation.o
  AR      fs/devpts/devpts.o
  AR      fs/devpts/built-in.o
  AR      fs/exofs/built-in.o
  CC      fs/exportfs/expfs.o
  AR      kernel/printk/built-in.o
  CC      mm/early_ioremap.o
  AR      kernel/power/built-in.o
  CC      kernel/rcu/update.o
  CC      block/bio.o
  CC      mm/cma.o
  AR      fs/exportfs/exportfs.o
  AR      fs/exportfs/built-in.o
  CC      fs/ext2/balloc.o
  CC      mm/frame_vector.o
  CC      kernel/rcu/sync.o
  CC      kernel/rcu/srcutree.o
  CC      fs/ext2/dir.o
  AR      mm/built-in.o
  CC      block/elevator.o
  CC      kernel/rcu/tree.o
  CC      fs/ext2/file.o
  CC      kernel/rcu/rcu_segcblist.o
  CC      fs/ext2/ialloc.o
  CC      fs/ext2/inode.o
  CC      block/blk-core.o
  CC      block/blk-tag.o
  CC      fs/ext2/ioctl.o
  CC      drivers/amba/bus.o
  CC      fs/ext2/namei.o
  CC      fs/ext2/super.o
  AR      drivers/amba/built-in.o
  AR      drivers/auxdisplay/built-in.o
  CC      drivers/base/component.o
  AR      kernel/rcu/built-in.o
  CC      kernel/sched/core.o
  CC      block/blk-sysfs.o
  CC      drivers/base/core.o
  CC      fs/ext2/symlink.o
  AR      fs/ext2/ext2.o
  AR      fs/ext2/built-in.o
  CC      fs/ext4/balloc.o
  CC      block/blk-flush.o
  CC      block/blk-settings.o
  CC      fs/ext4/bitmap.o
  CC      drivers/base/bus.o
  CC      fs/ext4/block_validity.o
  CC      block/blk-ioc.o
  CC      kernel/sched/loadavg.o
  CC      fs/ext4/dir.o
  CC      drivers/base/dd.o
  CC      kernel/sched/clock.o
  CC      block/blk-map.o
  CC      kernel/sched/cputime.o
  CC      fs/ext4/ext4_jbd2.o
  CC      drivers/base/syscore.o
  CC      block/blk-exec.o
  CC      fs/ext4/extents.o
  CC      kernel/sched/idle_task.o
  CC      drivers/base/driver.o
  CC      kernel/sched/fair.o
  CC      block/blk-merge.o
  CC      drivers/base/class.o
  CC      drivers/base/platform.o
  CC      block/blk-softirq.o
  CC      drivers/base/cpu.o
  CC      block/blk-timeout.o
  CC      drivers/base/firmware.o
  CC      fs/ext4/extents_status.o
  CC      block/blk-lib.o
  CC      drivers/base/init.o
  CC      kernel/sched/rt.o
  CC      drivers/base/map.o
  CC      drivers/base/devres.o
  CC      block/blk-mq.o
  CC      fs/ext4/file.o
  CC      drivers/base/attribute_container.o
  CC      kernel/sched/deadline.o
  CC      fs/ext4/fsmap.o
  CC      drivers/base/transport_class.o
  CC      drivers/base/topology.o
  CC      fs/ext4/fsync.o
  CC      drivers/base/container.o
  CC      drivers/base/property.o
  CC      fs/ext4/hash.o
  CC      block/blk-mq-tag.o
  CC      kernel/sched/wait.o
  CC      fs/ext4/ialloc.o
  CC      kernel/sched/wait_bit.o
  CC      block/blk-stat.o
  CC      drivers/base/cacheinfo.o
  CC      kernel/sched/swait.o
  CC      kernel/sched/completion.o
  CC      block/blk-mq-sysfs.o
  CC      drivers/base/devtmpfs.o
  CC      kernel/sched/idle.o
  CC      fs/ext4/indirect.o
  CC      drivers/base/dma-contiguous.o
  CC      block/blk-mq-cpumap.o
  CC      kernel/sched/cpupri.o
  CC      drivers/base/power/sysfs.o
  CC      block/blk-mq-sched.o
  CC      kernel/sched/cpudeadline.o
  CC      fs/ext4/inline.o
  CC      drivers/base/power/generic_ops.o
  CC      kernel/sched/topology.o
  CC      block/ioctl.o
  CC      drivers/base/power/common.o
  CC      kernel/sched/stop_task.o
  CC      drivers/base/power/qos.o
  CC      fs/ext4/inode.o
  CC      kernel/sched/cpufreq.o
  CC      block/genhd.o
  CC      kernel/sched/membarrier.o
  CC      drivers/base/power/runtime.o
  AR      kernel/sched/built-in.o
  CC      kernel/time/time.o
  CC      drivers/base/power/wakeirq.o
  CC      block/partition-generic.o
  CC      kernel/time/timer.o
  CC      drivers/base/power/main.o
  CC      block/ioprio.o
  CC      kernel/time/hrtimer.o
  CC      drivers/base/power/wakeup.o
  CC      fs/ext4/ioctl.o
  CC      block/badblocks.o
  CC      kernel/time/timekeeping.o
  CC      block/partitions/check.o
  CC      drivers/base/power/clock_ops.o
  CC      fs/ext4/mballoc.o
  CC      block/partitions/msdos.o
  AR      drivers/base/power/built-in.o
  CC      drivers/base/regmap/regmap.o
  CC      block/partitions/efi.o
  CC      kernel/time/ntp.o
  AR      block/partitions/built-in.o
  CC      block/scsi_ioctl.o
  CC      drivers/base/regmap/regcache.o
  CC      kernel/time/clocksource.o
  CC      block/noop-iosched.o
  CC      drivers/base/regmap/regcache-rbtree.o
  CC      block/deadline-iosched.o
  CC      kernel/time/jiffies.o
  CC      drivers/base/regmap/regcache-flat.o
  CC      drivers/base/regmap/regmap-i2c.o
  CC      fs/ext4/migrate.o
  CC      kernel/time/timer_list.o
  CC      block/cfq-iosched.o
  CC      drivers/base/regmap/regmap-spi.o
  CC      kernel/time/timeconv.o
  CC      kernel/time/timecounter.o
  CC      fs/ext4/mmp.o
  CC      kernel/time/alarmtimer.o
  CC      drivers/base/regmap/regmap-mmio.o
  CC      fs/ext4/move_extent.o
  AR      drivers/base/regmap/built-in.o
  AR      drivers/base/test/built-in.o
  CC      drivers/base/dma-mapping.o
  CC      kernel/time/posix-timers.o
  CC      fs/ext4/namei.o
  CC      block/mq-deadline.o
  CC      drivers/base/dma-coherent.o
  CC      kernel/time/posix-cpu-timers.o
  CC      block/kyber-iosched.o
  CC      drivers/base/firmware_class.o
  CC      kernel/time/posix-clock.o
  CC      block/blk-mq-pci.o
  CC      drivers/base/module.o
  CC      kernel/time/itimer.o
  CC      block/blk-mq-virtio.o
  CC      drivers/base/soc.o
  CC      kernel/time/clockevents.o
  CC      fs/ext4/page-io.o
  CC      drivers/base/pinctrl.o
  AR      block/built-in.o
  CC      sound/sound_core.o
  CC      drivers/base/platform-msi.o
  AR      sound/arm/built-in.o
  AR      sound/atmel/built-in.o
  CC      sound/core/sound.o
  CC      kernel/time/tick-common.o
  CC      fs/ext4/readpage.o
  CC      drivers/base/arch_topology.o
  CC      sound/core/init.o
  AR      drivers/base/built-in.o
  CC      drivers/block/brd.o
  CC      fs/ext4/resize.o
  CC      kernel/time/tick-broadcast.o
  CC      sound/core/memory.o
  CC      drivers/block/loop.o
  CC      sound/core/control.o
  CC      kernel/time/tick-broadcast-hrtimer.o
  CC      kernel/time/sched_clock.o
  CC      kernel/time/tick-oneshot.o
  CC      fs/ext4/super.o
  CC      kernel/time/tick-sched.o
  CC      sound/core/misc.o
  AR      drivers/block/built-in.o
  AR      drivers/bus/built-in.o
  AR      drivers/cdrom/built-in.o
  CC      drivers/char/mem.o
  CC      sound/core/device.o
  AR      kernel/time/built-in.o
  CC      kernel/freezer.o
  CC      drivers/char/random.o
  CC      sound/core/info.o
  CC      kernel/futex.o
  CC      sound/core/ctljack.o
  CC      drivers/char/misc.o
  CC      sound/core/jack.o
  AR      drivers/char/agp/built-in.o
  AR      drivers/char/built-in.o
  AR      drivers/char/ipmi/built-in.o
  CC      drivers/clk/clk-devres.o
  CC      fs/ext4/symlink.o
  CC      sound/core/timer.o
  CC      kernel/smp.o
  CC      drivers/clk/clk-bulk.o
  CC      fs/ext4/sysfs.o
  CC      drivers/clk/clkdev.o
  CC      kernel/uid16.o
  CC      fs/ext4/xattr.o
  CC      drivers/clk/clk.o
  CC      kernel/module.o
  CC      sound/core/pcm.o
  CC      sound/core/pcm_native.o
  CC      drivers/clk/clk-divider.o
  CC      fs/ext4/xattr_trusted.o
  CC      fs/ext4/xattr_user.o
  AR      fs/ext4/ext4.o
  AR      fs/ext4/built-in.o
  CC      fs/fat/cache.o
  CC      kernel/kallsyms.o
  CC      drivers/clk/clk-fixed-factor.o
  CC      fs/fat/dir.o
  CC      drivers/clk/clk-fixed-rate.o
  GZIP    kernel/config_data.gz
  CC      kernel/stop_machine.o
  CC      sound/core/pcm_lib.o
  CC      drivers/clk/clk-gate.o
  CC      kernel/utsname_sysctl.o
  CC      drivers/clk/clk-multiplier.o
  CC      kernel/elfcore.o
  CC      fs/fat/fatent.o
  CC      drivers/clk/clk-mux.o
  CC      kernel/irq_work.o
  CC      drivers/clk/clk-composite.o
  CC      kernel/cpu_pm.o
  CC      drivers/clk/clk-fractional-divider.o
  CC      fs/fat/file.o
  CC      kernel/memremap.o
  CC      sound/core/pcm_misc.o
  CC      drivers/clk/clk-gpio.o
  CHK     kernel/config_data.h
  UPD     kernel/config_data.h
  CC      kernel/configs.o
  AR      kernel/built-in.o
  CC      sound/core/pcm_memory.o
  AR      firmware/built-in.o
  CC      fs/fat/inode.o
  CC      sound/core/memalloc.o
  CC      drivers/clk/clk-conf.o
  CC      drivers/clk/clk-si570.o
  AR      sound/drivers/mpu401/built-in.o
  AR      sound/drivers/opl3/built-in.o
  AR      sound/drivers/opl4/built-in.o
  AR      sound/drivers/pcsp/built-in.o
  AR      sound/drivers/vx/built-in.o
  AR      sound/drivers/built-in.o
  CC      drivers/clocksource/timer-of.o
  CC      sound/core/pcm_timer.o
  CC      drivers/clocksource/timer-probe.o
  AR      sound/core/snd.o
  AR      sound/core/snd-timer.o
  AR      sound/core/snd-pcm.o
  AR      sound/core/built-in.o
  AR      sound/firewire/built-in.o
  AR      sound/hda/built-in.o
  AR      sound/i2c/other/built-in.o
  AR      sound/i2c/built-in.o
  AR      sound/isa/ad1816a/built-in.o
  AR      sound/isa/ad1848/built-in.o
  AR      sound/isa/cs423x/built-in.o
  AR      sound/isa/es1688/built-in.o
  AR      sound/isa/galaxy/built-in.o
  AR      sound/isa/gus/built-in.o
  AR      sound/isa/msnd/built-in.o
  AR      sound/isa/opti9xx/built-in.o
  AR      sound/isa/sb/built-in.o
  AR      sound/isa/wavefront/built-in.o
  AR      sound/isa/wss/built-in.o
  AR      sound/isa/built-in.o
  AR      sound/mips/built-in.o
  AR      sound/parisc/built-in.o
  AR      sound/pci/ac97/built-in.o
  AR      sound/pci/ali5451/built-in.o
  AR      sound/pci/asihpi/built-in.o
  AR      sound/pci/au88x0/built-in.o
  AR      sound/pci/aw2/built-in.o
  AR      sound/pci/ca0106/built-in.o
  CC      drivers/clocksource/cadence_ttc_timer.o
  AR      sound/pci/cs46xx/built-in.o
  AR      sound/pci/cs5535audio/built-in.o
  AR      drivers/clk/bcm/built-in.o
  AR      sound/pci/ctxfi/built-in.o
  AR      drivers/clk/imgtec/built-in.o
  AR      sound/pci/echoaudio/built-in.o
  AR      drivers/clk/mvebu/built-in.o
  AR      sound/pci/emu10k1/built-in.o
  AR      drivers/clk/renesas/built-in.o
  AR      sound/pci/hda/built-in.o
  AR      drivers/clk/ti/built-in.o
  AR      sound/pci/ice1712/built-in.o
  CC      drivers/clk/zynq/clkc.o
  AR      sound/pci/korg1212/built-in.o
  AR      sound/pci/lola/built-in.o
  AR      sound/pci/lx6464es/built-in.o
  AR      sound/pci/mixart/built-in.o
  AR      sound/pci/nm256/built-in.o
  AR      sound/pci/oxygen/built-in.o
  AR      sound/pci/pcxhr/built-in.o
  AR      sound/pci/riptide/built-in.o
  AR      sound/pci/rme9652/built-in.o
  AR      sound/pci/trident/built-in.o
  AR      sound/pci/vx222/built-in.o
  AR      sound/pci/ymfpci/built-in.o
  AR      sound/pci/built-in.o
  AR      sound/pcmcia/pdaudiocf/built-in.o
  AR      sound/pcmcia/vx/built-in.o
  AR      sound/pcmcia/built-in.o
  AR      sound/ppc/built-in.o
  AR      sound/sh/built-in.o
  CC      sound/soc/soc-core.o
  CC      fs/fat/misc.o
  CC      drivers/clocksource/dummy_timer.o
  CC      drivers/clk/zynq/pll.o
  AR      drivers/clocksource/built-in.o
  CC      drivers/connector/cn_queue.o
  AR      drivers/clk/zynq/built-in.o
  AR      drivers/clk/built-in.o
  CC      fs/fuse/dev.o
  CC      fs/fat/nfs.o
  CC      fs/fat/namei_vfat.o
  CC      drivers/connector/connector.o
  CC      drivers/connector/cn_proc.o
  CC      fs/fat/namei_msdos.o
  CC      sound/soc/soc-dapm.o
  CC      fs/fuse/dir.o
  AR      fs/fat/fat.o
  AR      fs/fat/vfat.o
  AR      fs/fat/msdos.o
  AR      fs/fat/built-in.o
  CC      drivers/cpufreq/cpufreq.o
  AR      drivers/connector/cn.o
  AR      drivers/connector/built-in.o
  CC      drivers/cpufreq/freq_table.o
  CC      sound/soc/soc-jack.o
  CC      fs/fuse/file.o
  CC      drivers/cpufreq/cpufreq_stats.o
  CC      drivers/cpuidle/cpuidle.o
  CC      drivers/cpufreq/cpufreq_performance.o
  CC      drivers/cpufreq/cpufreq_powersave.o
  CC      sound/soc/soc-cache.o
  CC      drivers/cpufreq/cpufreq_userspace.o
  CC      drivers/cpufreq/cpufreq_ondemand.o
  CC      sound/soc/soc-utils.o
  CC      drivers/cpuidle/driver.o
  CC      drivers/cpuidle/governor.o
  CC      sound/soc/soc-pcm.o
  CC      drivers/cpuidle/sysfs.o
  CC      drivers/cpufreq/cpufreq_conservative.o
  CC      fs/fuse/inode.o
  CC      drivers/cpufreq/cpufreq_governor.o
  CC      drivers/cpuidle/governors/ladder.o
  CC      drivers/cpuidle/governors/menu.o
  CC      drivers/cpufreq/cpufreq_governor_attr_set.o
  AR      drivers/cpuidle/governors/built-in.o
  CC      drivers/cpuidle/cpuidle-zynq.o
  CC      fs/fuse/control.o
  AR      drivers/cpufreq/built-in.o
  AR      drivers/crypto/built-in.o
  AR      drivers/crypto/virtio/built-in.o
  CC      fs/fuse/xattr.o
  AR      drivers/cpuidle/built-in.o
  CC      drivers/dma/dmaengine.o
  CC      sound/soc/soc-io.o
  CC      sound/soc/soc-devres.o
  CC      fs/fuse/acl.o
  CC      drivers/dma-buf/dma-buf.o
  AR      fs/fuse/fuse.o
  AR      fs/fuse/built-in.o
  CC      fs/jbd2/transaction.o
  CC      sound/soc/soc-ops.o
  CC      drivers/dma/of-dma.o
  CC      drivers/dma-buf/dma-fence.o
  AR      sound/soc/adi/built-in.o
  AR      sound/soc/amd/built-in.o
  AR      sound/soc/atmel/built-in.o
  AR      sound/soc/au1x/built-in.o
  AR      sound/soc/bcm/built-in.o
  AR      sound/soc/blackfin/built-in.o
  AR      sound/soc/cirrus/built-in.o
  AR      sound/soc/codecs/built-in.o
  AR      sound/soc/davinci/built-in.o
  AR      sound/soc/dwc/built-in.o
  AR      sound/soc/fsl/built-in.o
  AR      sound/soc/generic/built-in.o
  AR      sound/soc/hisilicon/built-in.o
  AR      drivers/dma/qcom/built-in.o
  AR      sound/soc/img/built-in.o
  CC      drivers/dma/xilinx/xilinx_frmbuf.o
  AR      sound/soc/intel/boards/built-in.o
  AR      sound/soc/intel/built-in.o
  AR      sound/soc/jz4740/built-in.o
  AR      sound/soc/kirkwood/built-in.o
  AR      sound/soc/mediatek/built-in.o
  AR      sound/soc/mxs/built-in.o
  AR      sound/soc/nuc900/built-in.o
  AR      sound/soc/omap/built-in.o
  AR      sound/soc/pxa/built-in.o
  AR      sound/soc/qcom/built-in.o
  AR      sound/soc/rockchip/built-in.o
  AR      sound/soc/samsung/built-in.o
  AR      sound/soc/sh/built-in.o
  AR      sound/soc/sirf/built-in.o
  AR      sound/soc/spear/built-in.o
  AR      sound/soc/sti/built-in.o
  AR      sound/soc/stm/built-in.o
  AR      sound/soc/sunxi/built-in.o
  AR      sound/soc/tegra/built-in.o
  AR      sound/soc/txx9/built-in.o
  AR      sound/soc/ux500/built-in.o
  AR      sound/soc/xilinx/built-in.o
  AR      sound/soc/xtensa/built-in.o
  AR      sound/soc/zte/built-in.o
  AR      sound/soc/snd-soc-core.o
  AR      sound/soc/built-in.o
  AR      sound/sparc/built-in.o
  AR      sound/spi/built-in.o
  AR      sound/synth/built-in.o
  AR      sound/usb/6fire/built-in.o
  AR      sound/usb/bcd2000/built-in.o
  AR      sound/usb/caiaq/built-in.o
  AR      sound/usb/hiface/built-in.o
  AR      sound/usb/misc/built-in.o
  AR      sound/usb/usx2y/built-in.o
  AR      sound/usb/built-in.o
  AR      sound/x86/built-in.o
  CC      sound/last.o
  CC      drivers/dma-buf/dma-fence-array.o
  AR      sound/soundcore.o
  AR      sound/built-in.o
  CC      drivers/dma-buf/reservation.o
  CC      fs/jbd2/commit.o
  CC      fs/jffs2/compr.o
  AR      drivers/dma/xilinx/built-in.o
  AR      drivers/dma/built-in.o
  CC      fs/kernfs/mount.o
  CC      drivers/dma-buf/seqno-fence.o
  CC      fs/jffs2/dir.o
  CC      fs/kernfs/inode.o
  CC      drivers/dma-buf/sync_file.o
  CC      fs/jbd2/recovery.o
  CC      fs/jffs2/file.o
  CC      fs/kernfs/dir.o
  CC      fs/jffs2/ioctl.o
  AR      drivers/dma-buf/built-in.o
  AR      drivers/firewire/built-in.o
  CC      drivers/firmware/memmap.o
  CC      fs/jbd2/checkpoint.o
  CC      fs/jffs2/nodelist.o
  AR      drivers/firmware/broadcom/built-in.o
  AR      drivers/firmware/meson/built-in.o
  AR      drivers/firmware/tegra/built-in.o
  AR      drivers/firmware/xilinx/built-in.o
  AR      drivers/firmware/built-in.o
  CC      drivers/gpio/devres.o
  CC      fs/jbd2/revoke.o
  CC      fs/jffs2/malloc.o
  CC      fs/kernfs/file.o
  CC      drivers/gpio/gpiolib.o
  CC      fs/jffs2/read.o
  CC      fs/jbd2/journal.o
  CC      fs/jffs2/nodemgmt.o
  CC      fs/kernfs/symlink.o
  AR      fs/kernfs/built-in.o
  CC      fs/lockd/clntlock.o
  CC      fs/jffs2/readinode.o
  CC      drivers/gpio/gpiolib-legacy.o
  CC      fs/lockd/clntproc.o
  AR      fs/jbd2/jbd2.o
  AR      fs/jbd2/built-in.o
  CC      drivers/gpu/drm/drm_crtc_helper.o
  CC      fs/jffs2/write.o
  CC      drivers/gpio/gpiolib-devprop.o
  CC      drivers/gpio/gpiolib-of.o
  CC      fs/jffs2/scan.o
  CC      fs/lockd/clntxdr.o
  CC      drivers/gpu/drm/drm_dp_helper.o
  CC      drivers/gpio/gpiolib-sysfs.o
  CC      fs/jffs2/gc.o
  CC      fs/lockd/host.o
  CC      drivers/gpio/gpio-mmio.o
  CC      drivers/gpu/drm/drm_probe_helper.o
  CC      drivers/gpio/gpio-xilinx.o
  CC      fs/jffs2/symlink.o
  CC      fs/lockd/svc.o
  CC      fs/jffs2/build.o
  CC      drivers/gpu/drm/drm_plane_helper.o
  CC      drivers/gpio/gpio-zynq.o
  CC      fs/jffs2/erase.o
  AR      drivers/gpio/gpio-generic.o
  AR      drivers/gpio/built-in.o
  CC      fs/jffs2/background.o
  CC      fs/lockd/svclock.o
  CC      drivers/gpu/drm/drm_dp_mst_topology.o
  CC      drivers/gpu/drm/drm_atomic_helper.o
  CC      fs/jffs2/fs.o
  CC      fs/lockd/svcshare.o
  CC      fs/jffs2/writev.o
  CC      fs/jffs2/super.o
  CC      fs/lockd/svcproc.o
  CC      fs/jffs2/debug.o
  CC      drivers/gpu/drm/drm_kms_helper_common.o
  CC      fs/nfs/client.o
  CC      fs/jffs2/wbuf.o
  CC      fs/lockd/svcsubs.o
  CC      drivers/gpu/drm/drm_dp_dual_mode_helper.o
  CC      fs/jffs2/compr_rtime.o
  CC      fs/lockd/mon.o
  CC      drivers/gpu/drm/drm_simple_kms_helper.o
  CC      fs/jffs2/compr_zlib.o
  CC      fs/nfs/dir.o
  CC      fs/jffs2/summary.o
  CC      drivers/gpu/drm/drm_modeset_helper.o
  CC      fs/lockd/xdr.o
  AR      fs/jffs2/jffs2.o
  AR      fs/jffs2/built-in.o
  CC      fs/nfs/file.o
  CC      drivers/gpu/drm/drm_scdc_helper.o
  CC      fs/lockd/clnt4xdr.o
  CC      drivers/gpu/drm/drm_gem_framebuffer_helper.o
  CC      fs/lockd/xdr4.o
  CC      fs/nfs/getroot.o
  CC      fs/lockd/svc4proc.o
  CC      drivers/gpu/drm/bridge/panel.o
  CC      net/socket.o
  CC      fs/nfs/inode.o
  CC      fs/lockd/procfs.o
  CC      drivers/gpu/drm/drm_fb_helper.o
  AR      fs/lockd/lockd.o
  AR      fs/lockd/built-in.o
  CC      drivers/gpu/drm/drm_fb_cma_helper.o
  AS      arch/arm/lib/ashldi3.o
  AS      arch/arm/lib/ashrdi3.o
  AS      arch/arm/lib/backtrace.o
  AS      arch/arm/lib/bswapsdi2.o
  AS      arch/arm/lib/call_with_stack.o
  AS      arch/arm/lib/changebit.o
  AS      arch/arm/lib/clear_user.o
  AS      arch/arm/lib/clearbit.o
  AS      arch/arm/lib/copy_from_user.o
  AS      arch/arm/lib/copy_page.o
  AS      arch/arm/lib/copy_to_user.o
  AS      arch/arm/lib/csumipv6.o
  AS      arch/arm/lib/csumpartial.o
  AS      arch/arm/lib/csumpartialcopy.o
  AS      arch/arm/lib/csumpartialcopyuser.o
  AS      arch/arm/lib/delay-loop.o
  CC      arch/arm/lib/delay.o
  AR      net/802/built-in.o
  CC      net/bpf/test_run.o
  CC      fs/nfs/super.o
  AS      arch/arm/lib/div64.o
  AS      arch/arm/lib/findbit.o
  AS      arch/arm/lib/getuser.o
  AS      arch/arm/lib/io-readsb.o
  AS      arch/arm/lib/io-readsl.o
  AS      arch/arm/lib/io-readsw-armv4.o
  CC      drivers/gpu/drm/drm_auth.o
  AS      arch/arm/lib/io-writesb.o
  AS      arch/arm/lib/io-writesl.o
  AS      arch/arm/lib/io-writesw-armv4.o
  AS      arch/arm/lib/lib1funcs.o
  AS      arch/arm/lib/lshrdi3.o
  AS      arch/arm/lib/memchr.o
  AS      arch/arm/lib/memcpy.o
  AS      arch/arm/lib/memmove.o
  AS      arch/arm/lib/memset.o
  AS      arch/arm/lib/memzero.o
  AS      arch/arm/lib/muldi3.o
  AS      arch/arm/lib/putuser.o
  AS      arch/arm/lib/setbit.o
  AS      arch/arm/lib/strchr.o
  AS      arch/arm/lib/strrchr.o
  AS      arch/arm/lib/testchangebit.o
  AS      arch/arm/lib/testclearbit.o
  AS      arch/arm/lib/testsetbit.o
  AS      arch/arm/lib/ucmpdi2.o
  AR      arch/arm/lib/lib.a
  EXPORTS arch/arm/lib/lib-ksyms.o
  AR      net/bpf/built-in.o
  CC      net/can/af_can.o
  AR      arch/arm/lib/built-in.o
  CC      fs/nfs/io.o
  CC      drivers/gpu/drm/drm_bufs.o
  CC      drivers/gpu/vga/vgaarb.o
  CC      fs/nfs/direct.o
  CC      net/can/proc.o
  AR      drivers/gpu/vga/built-in.o
  CC      fs/nfs/pagelist.o
  CC      net/can/raw.o
  CC      drivers/gpu/drm/drm_cache.o
  CC      drivers/gpu/drm/drm_context.o
  CC      net/core/sock.o
  CC      net/can/bcm.o
  CC      drivers/gpu/drm/drm_dma.o
  CC      fs/nfs/read.o
  CC      drivers/gpu/drm/drm_file.o
  CC      net/can/gw.o
  CC      drivers/gpu/drm/drm_gem.o
  CC      fs/nfs/symlink.o
  CC      fs/nfs/unlink.o
  CC      net/core/request_sock.o
  AR      net/can/can.o
  AR      net/can/can-raw.o
  AR      net/can/can-bcm.o
  AR      net/can/can-gw.o
  AR      net/can/built-in.o
  CC      lib/lockref.o
  CC      drivers/gpu/drm/drm_ioctl.o
  CC      lib/bcd.o
  CC      lib/div64.o
  CC      net/core/skbuff.o
  CC      lib/sort.o
  CC      fs/nfs/write.o
  CC      lib/parser.o
  CC      drivers/gpu/drm/drm_irq.o
  CC      lib/debug_locks.o
  CC      lib/random32.o
  CC      lib/bust_spinlocks.o
  CC      drivers/gpu/drm/drm_lock.o
  CC      lib/kasprintf.o
  CC      lib/bitmap.o
  CC      drivers/gpu/drm/drm_memory.o
  CC      lib/scatterlist.o
  CC      fs/nfs/namespace.o
  CC      drivers/gpu/drm/drm_drv.o
  CC      lib/gcd.o
  CC      lib/lcm.o
  CC      lib/list_sort.o
  CC      lib/uuid.o
  CC      fs/nfs/mount_clnt.o
  CC      lib/flex_array.o
  CC      drivers/gpu/drm/drm_scatter.o
  CC      lib/iov_iter.o
  CC      net/core/datagram.o
  CC      fs/nfs/nfstrace.o
  CC      drivers/gpu/drm/drm_pci.o
  CC      fs/nfs/export.o
  CC      net/core/stream.o
  CC      drivers/gpu/drm/drm_sysfs.o
  CC      fs/nfs/nfsroot.o
  CC      drivers/gpu/drm/drm_hashtab.o
  CC      lib/clz_ctz.o
  CC      net/core/scm.o
  CC      lib/bsearch.o
  CC      lib/find_bit.o
  CC      lib/llist.o
  CC      fs/nfs/sysctl.o
  CC      lib/memweight.o
  CC      lib/kfifo.o
  CC      drivers/gpu/drm/drm_mm.o
  CC      fs/nfs/nfs2super.o
  CC      net/core/gen_stats.o
  CC      lib/percpu-refcount.o
  CC      fs/nfs/proc.o
  CC      lib/percpu_ida.o
  CC      drivers/gpu/drm/drm_crtc.o
  CC      net/core/gen_estimator.o
  CC      lib/rhashtable.o
  CC      fs/nfs/nfs2xdr.o
  CC      net/core/net_namespace.o
  CC      drivers/gpu/drm/drm_fourcc.o
  CC      drivers/gpu/drm/drm_modes.o
  CC      fs/nfs/nfs3super.o
  CC      lib/reciprocal_div.o
  CC      net/core/secure_seq.o
  CC      lib/once.o
  CC      fs/nfs/nfs3client.o
  CC      lib/refcount.o
  CC      lib/usercopy.o
  CC      lib/errseq.o
  CC      lib/string_helpers.o
  CC      drivers/gpu/drm/drm_edid.o
  CC      net/core/flow_dissector.o
  CC      fs/nfs/nfs3proc.o
  CC      lib/hexdump.o
  CC      lib/kstrtox.o
  CC      fs/nfs/nfs3xdr.o
  CC      net/core/sysctl_net_core.o
  CC      lib/pci_iomap.o
  CC      lib/iomap_copy.o
  CC      drivers/gpu/drm/drm_info.o
  CC      lib/devres.o
  CC      net/core/dev.o
  AR      fs/nfs/nfs.o
  AR      fs/nfs/nfsv2.o
  AR      fs/nfs/nfsv3.o
  AR      fs/nfs/built-in.o
  CC      fs/nfs_common/grace.o
  CC      drivers/gpu/drm/drm_encoder_slave.o
  CC      lib/hweight.o
  CC      lib/bitrev.o
  CC      lib/rational.o
  CC      lib/crc16.o
  AR      fs/nfs_common/built-in.o
  CC      fs/nls/nls_base.o
  HOSTCC  lib/gen_crc32table
  CC      lib/genalloc.o
  CC      drivers/gpu/drm/drm_trace_points.o
  CC      fs/nls/nls_cp437.o
  CC      fs/nls/nls_ascii.o
  CC      drivers/gpu/drm/drm_global.o
  CC      fs/nls/nls_iso8859-1.o
  CC      lib/fonts/fonts.o
  AR      fs/nls/built-in.o
  CC      fs/notify/fsnotify.o
  CC      drivers/gpu/drm/drm_prime.o
  CC      lib/fonts/font_8x8.o
  CC      lib/fonts/font_8x16.o
  AR      lib/fonts/font.o
  AR      lib/fonts/built-in.o
  CC      lib/xz/xz_dec_syms.o
  CC      fs/notify/notification.o
  CC      lib/xz/xz_dec_stream.o
  CC      drivers/gpu/drm/drm_rect.o
  CC      lib/xz/xz_dec_lzma2.o
  CC      fs/notify/group.o
  CC      fs/notify/mark.o
  CC      drivers/gpu/drm/drm_vma_manager.o
  CC      lib/xz/xz_dec_bcj.o
  AR      lib/xz/xz_dec.o
  AR      lib/xz/built-in.o
  CC      lib/zlib_deflate/deflate.o
  CC      fs/notify/fdinfo.o
  CC      drivers/gpu/drm/drm_flip_work.o
  AR      fs/notify/dnotify/built-in.o
  AR      fs/notify/fanotify/built-in.o
  CC      fs/notify/inotify/inotify_fsnotify.o
  CC      lib/zlib_deflate/deftree.o
  CC      fs/notify/inotify/inotify_user.o
  CC      drivers/gpu/drm/drm_modeset_lock.o
  CC      net/core/ethtool.o
  AR      fs/notify/inotify/built-in.o
  AR      fs/notify/built-in.o
  CC      lib/zlib_deflate/deflate_syms.o
  CC      fs/proc/task_mmu.o
  AR      lib/zlib_deflate/zlib_deflate.o
  AR      lib/zlib_deflate/built-in.o
  CC      lib/zlib_inflate/inffast.o
  CC      lib/zlib_inflate/inflate.o
  CC      drivers/gpu/drm/drm_atomic.o
  CC      lib/zlib_inflate/infutil.o
  CC      fs/proc/inode.o
  CC      lib/zlib_inflate/inftrees.o
  CC      lib/zlib_inflate/inflate_syms.o
  AR      lib/zlib_inflate/zlib_inflate.o
  AR      lib/zlib_inflate/built-in.o
  CC      lib/percpu_counter.o
  CC      fs/proc/root.o
  CC      lib/swiotlb.o
  CC      fs/proc/base.o
  CC      drivers/gpu/drm/drm_bridge.o
  CC      net/core/dev_addr_lists.o
  CC      drivers/gpu/drm/drm_framebuffer.o
  CC      lib/iommu-helper.o
  CC      net/core/dst.o
  CC      lib/iommu-common.o
  CC      fs/proc/generic.o
  CC      drivers/gpu/drm/drm_connector.o
  CC      lib/syscall.o
  CC      lib/nlattr.o
  CC      net/core/netevent.o
  CC      fs/proc/array.o
  CC      net/core/neighbour.o
  CC      lib/cpu_rmap.o
  CC      drivers/gpu/drm/drm_blend.o
  CC      fs/proc/fd.o
  CC      lib/dynamic_queue_limits.o
  CC      lib/glob.o
  CC      fs/proc/proc_tty.o
  CC      lib/strncpy_from_user.o
  CC      drivers/gpu/drm/drm_encoder.o
  CC      fs/proc/cmdline.o
  CC      lib/strnlen_user.o
  CC      fs/proc/consoles.o
  CC      lib/net_utils.o
  CC      fs/proc/cpuinfo.o
  CC      drivers/gpu/drm/drm_mode_object.o
  CC      fs/proc/devices.o
  CC      lib/sg_pool.o
  CC      fs/proc/interrupts.o
  CC      fs/proc/loadavg.o
  CC      drivers/gpu/drm/drm_property.o
  CC      lib/sbitmap.o
  CC      net/core/rtnetlink.o
  CC      fs/proc/meminfo.o
  CC      fs/proc/stat.o
  CC      lib/argv_split.o
  CC      lib/chacha20.o
  CC      fs/proc/uptime.o
  CC      drivers/gpu/drm/drm_plane.o
  CC      lib/cmdline.o
  CC      fs/proc/version.o
  CC      lib/cpumask.o
  CC      fs/proc/softirqs.o
  CC      lib/ctype.o
  CC      lib/dec_and_lock.o
  CC      fs/proc/namespaces.o
  CC      lib/decompress.o
  CC      lib/decompress_inflate.o
  CC      lib/decompress_unxz.o
  CC      drivers/gpu/drm/drm_color_mgmt.o
  CC      fs/proc/self.o
  CC      lib/dump_stack.o
  CC      fs/proc/thread_self.o
  CC      lib/earlycpio.o
  CC      lib/extable.o
  CC      fs/proc/proc_sysctl.o
  CC      drivers/gpu/drm/drm_print.o
  CC      net/core/utils.o
  CC      lib/fdt.o
  CC      lib/fdt_empty_tree.o
  CC      lib/fdt_ro.o
  CC      lib/fdt_rw.o
  CC      drivers/gpu/drm/drm_dumb_buffers.o
  CC      lib/fdt_strerror.o
  CC      lib/fdt_sw.o
  CC      net/core/link_watch.o
  CC      lib/fdt_wip.o
  CC      lib/flex_proportions.o
  CC      drivers/gpu/drm/drm_mode_config.o
  CC      fs/proc/proc_net.o
  CC      lib/idr.o
  CC      lib/int_sqrt.o
  CC      net/core/filter.o
  CC      lib/ioremap.o
  CC      fs/proc/kmsg.o
  CC      drivers/gpu/drm/drm_vblank.o
  CC      fs/proc/page.o
  CC      lib/irq_regs.o
  CC      lib/is_single_threaded.o
  CC      lib/klist.o
  AR      fs/proc/proc.o
  AR      fs/proc/built-in.o
  AR      fs/quota/built-in.o
  CC      fs/ramfs/inode.o
  CC      lib/kobject.o
  CC      fs/ramfs/file-mmu.o
  AR      fs/ramfs/ramfs.o
  AR      fs/ramfs/built-in.o
  CC      fs/sysfs/file.o
  CC      drivers/gpu/drm/drm_syncobj.o
  CC      lib/kobject_uevent.o
  CC      fs/sysfs/dir.o
  CC      fs/sysfs/symlink.o
  CC      lib/nmi_backtrace.o
  CC      drivers/gpu/drm/drm_gem_cma_helper.o
  CC      net/core/sock_diag.o
  CC      fs/sysfs/mount.o
  CC      lib/nodemask.o
  CC      fs/sysfs/group.o
  CC      lib/plist.o
  CC      lib/radix-tree.o
  AR      fs/sysfs/built-in.o
  CC      fs/eventpoll.o
  CC      drivers/gpu/drm/ati_pcigart.o
  CC      net/core/dev_ioctl.o
  CC      drivers/gpu/drm/drm_panel.o
  CC      lib/ratelimit.o
  CC      net/core/tso.o
  CC      lib/rbtree.o
  CC      drivers/gpu/drm/drm_of.o
  CC      fs/anon_inodes.o
  CC      lib/seq_buf.o
  CC      fs/signalfd.o
  CC      net/core/sock_reuseport.o
  CC      lib/sha1.o
  AR      drivers/gpu/drm/bridge/synopsys/built-in.o
  AR      drivers/gpu/drm/bridge/built-in.o
  AR      drivers/gpu/drm/hisilicon/built-in.o
  AR      drivers/gpu/drm/i2c/built-in.o
  AR      drivers/gpu/drm/omapdrm/displays/built-in.o
  AR      drivers/gpu/drm/omapdrm/dss/built-in.o
  AR      drivers/gpu/drm/omapdrm/built-in.o
  AR      drivers/gpu/drm/panel/built-in.o
  AR      drivers/gpu/drm/tilcdc/built-in.o
  CC      drivers/gpu/drm/xilinx/xilinx_drm_crtc.o
  CC      lib/show_mem.o
  CC      fs/timerfd.o
  CC      lib/siphash.o
  CC      net/core/fib_notifier.o
  CC      drivers/gpu/drm/xilinx/xilinx_drm_connector.o
  CC      fs/eventfd.o
  CC      lib/string.o
  CC      drivers/gpu/drm/xilinx/xilinx_drm_drv.o
  CC      net/core/net-sysfs.o
  CC      lib/timerqueue.o
  CC      lib/vsprintf.o
  CC      fs/aio.o
  CC      drivers/gpu/drm/xilinx/xilinx_drm_encoder.o
  CC      drivers/gpu/drm/xilinx/xilinx_drm_fb.o
  CC      drivers/gpu/drm/xilinx/xilinx_drm_gem.o
  CC      net/core/net-procfs.o
  CC      drivers/gpu/drm/xilinx/xilinx_drm_plane.o
  CC      fs/locks.o
  CC      lib/win_minmax.o
  CC      net/core/ptp_classifier.o
  GEN     lib/crc32table.h
  AR      lib/lib.a
  CC      lib/crc32.o
  CC      drivers/gpu/drm/xilinx/xilinx_cresample.o
  CC      net/core/gro_cells.o
  EXPORTS lib/lib-ksyms.o
  AR      lib/built-in.o
  AR      virt/lib/built-in.o
  AR      virt/built-in.o
  CC      drivers/hid/hid-core.o
  CC      drivers/gpu/drm/xilinx/xilinx_osd.o
  AR      net/core/built-in.o
  CC      net/ethernet/eth.o
  CC      drivers/gpu/drm/xilinx/xilinx_rgb2yuv.o
  CC      fs/binfmt_script.o
  CC      drivers/gpu/drm/xilinx/xilinx_vtc.o
  CC      fs/binfmt_elf.o
  CC      drivers/hid/hid-input.o
  AR      net/ethernet/built-in.o
  CC      net/ipv4/route.o
  CC      drivers/gpu/drm/xilinx/xilinx_drm_dp.o
  CC      fs/mbcache.o
  CC      drivers/gpu/drm/xilinx/xilinx_drm_dp_sub.o
  CC      fs/posix_acl.o
  CC      drivers/hid/hid-generic.o
  CC      drivers/hid/hid-microsoft.o
  AR      drivers/gpu/drm/xilinx/xilinx_drm.o
  AR      drivers/gpu/drm/xilinx/built-in.o
  AR      drivers/gpu/drm/drm_kms_helper.o
  AR      drivers/gpu/drm/drm.o
  AR      drivers/gpu/drm/built-in.o
  AR      drivers/gpu/built-in.o
  CC      drivers/hwmon/hwmon.o
  CC      net/ipv4/inetpeer.o
  CC      fs/coredump.o
  CC      drivers/hid/usbhid/hid-core.o
  CC      drivers/hwmon/pmbus/pmbus_core.o
  CC      net/ipv4/protocol.o
  CC      fs/drop_caches.o
  CC      drivers/hid/usbhid/hid-quirks.o
  CC      fs/fhandle.o
  CC      net/ipv4/ip_input.o
  CC      drivers/hwmon/pmbus/pmbus.o
  AR      drivers/hid/usbhid/usbhid.o
  AR      drivers/hid/usbhid/built-in.o
  AR      drivers/hid/hid.o
  AR      drivers/hid/built-in.o
  AR      drivers/hwtracing/intel_th/built-in.o
  CC      drivers/i2c/i2c-boardinfo.o
  CC      drivers/hwmon/pmbus/ucd9000.o
  AR      fs/built-in.o
  AR      drivers/idle/built-in.o
  CC      drivers/i2c/i2c-core-base.o
  CC      drivers/hwmon/pmbus/ucd9200.o
  CC      net/ipv4/ip_fragment.o
  CC      drivers/i2c/i2c-core-smbus.o
  AR      drivers/hwmon/pmbus/built-in.o
  AR      drivers/hwmon/built-in.o
  CC      drivers/i2c/i2c-core-of.o
  CC      drivers/i2c/i2c-dev.o
  CC      net/ipv6/addrconf_core.o
  CC      drivers/i2c/i2c-mux.o
  CC      net/ipv4/ip_forward.o
  CC      net/ipv4/ip_options.o
  CC      drivers/i2c/algos/i2c-algo-bit.o
  CC      net/ipv6/exthdrs_core.o
  CC      net/ipv6/ip6_checksum.o
  AR      drivers/i2c/algos/built-in.o
  AR      drivers/i2c/busses/built-in.o
  CC      drivers/i2c/muxes/i2c-mux-pca954x.o
  CC      net/netlink/af_netlink.o
  CC      net/ipv4/ip_output.o
  AR      drivers/i2c/muxes/built-in.o
  AR      drivers/i2c/i2c-core.o
  AR      drivers/i2c/built-in.o
  CC      drivers/iio/industrialio-core.o
  CC      net/ipv6/ip6_icmp.o
  CC      net/ipv6/output_core.o
  CC      drivers/iio/industrialio-event.o
  CC      net/ipv6/protocol.o
  CC      net/ipv4/ip_sockglue.o
  CC      drivers/iio/inkern.o
  CC      net/ipv6/ip6_offload.o
  CC      net/netlink/genetlink.o
  CC      drivers/iio/industrialio-buffer.o
  CC      net/ipv6/tcpv6_offload.o
  CC      net/ipv4/inet_hashtables.o
  AR      net/netlink/built-in.o
  CC      net/ipv6/exthdrs_offload.o
  CC      net/ipv4/inet_timewait_sock.o
  CC      drivers/iio/industrialio-trigger.o
  AR      net/ipv6/built-in.o
  CC      net/packet/af_packet.o
  AR      drivers/iio/accel/built-in.o
  AR      drivers/iio/adc/built-in.o
  AR      drivers/iio/amplifiers/built-in.o
  CC      drivers/iio/buffer/kfifo_buf.o
  AR      drivers/iio/chemical/built-in.o
  AR      drivers/iio/common/cros_ec_sensors/built-in.o
  AR      drivers/iio/common/hid-sensors/built-in.o
  AR      drivers/iio/common/ms_sensors/built-in.o
  AR      drivers/iio/common/ssp_sensors/built-in.o
  AR      drivers/iio/common/st_sensors/built-in.o
  AR      drivers/iio/common/built-in.o
  CC      net/ipv4/inet_connection_sock.o
  CC      drivers/input/input.o
  AR      drivers/iio/buffer/built-in.o
  AR      drivers/iio/counter/built-in.o
  AR      drivers/iio/dac/built-in.o
  AR      drivers/iio/dummy/built-in.o
  AR      drivers/iio/frequency/built-in.o
  AR      drivers/iio/gyro/built-in.o
  AR      drivers/iio/health/built-in.o
  AR      drivers/iio/humidity/built-in.o
  AR      drivers/iio/imu/bmi160/built-in.o
  AR      drivers/iio/imu/inv_mpu6050/built-in.o
  AR      drivers/iio/imu/st_lsm6dsx/built-in.o
  AR      drivers/iio/imu/built-in.o
  AR      drivers/iio/light/built-in.o
  AR      drivers/iio/magnetometer/built-in.o
  AR      drivers/iio/multiplexer/built-in.o
  AR      drivers/iio/orientation/built-in.o
  AR      drivers/iio/potentiometer/built-in.o
  AR      drivers/iio/potentiostat/built-in.o
  AR      drivers/iio/pressure/built-in.o
  AR      drivers/iio/proximity/built-in.o
  AR      drivers/iio/temperature/built-in.o
  AR      drivers/iio/trigger/built-in.o
  AR      drivers/iio/industrialio.o
  AR      drivers/iio/built-in.o
  CC      net/ipv4/tcp.o
  CC      net/ipv4/tcp_input.o
  CC      drivers/input/input-compat.o
  CC      drivers/input/input-mt.o
  CC      drivers/input/ff-core.o
  AR      net/packet/built-in.o
  CC      net/sched/sch_generic.o
  CC      drivers/input/input-polldev.o
  CC      drivers/input/sparse-keymap.o
  CC      net/ipv4/tcp_output.o
  CC      net/sched/sch_mq.o
  CC      drivers/input/input-leds.o
  AR      net/sched/built-in.o
  CC      net/sunrpc/clnt.o
  CC      drivers/input/mousedev.o
  CC      drivers/input/evdev.o
  CC      drivers/input/serio/serio.o
  CC      net/sunrpc/xprt.o
  CC      drivers/input/keyboard/atkbd.o
  CC      net/ipv4/tcp_timer.o
  CC      drivers/input/serio/serport.o
  CC      drivers/input/serio/libps2.o
  CC      drivers/input/keyboard/gpio_keys.o
  CC      net/sunrpc/socklib.o
  AR      drivers/input/serio/built-in.o
  CC      drivers/input/keyboard/gpio_keys_polled.o
  CC      net/ipv4/tcp_ipv4.o
  AR      drivers/iommu/built-in.o
  CC      net/unix/af_unix.o
  AR      drivers/input/keyboard/built-in.o
  CC      drivers/input/mouse/psmouse-base.o
  CC      net/sunrpc/xprtsock.o
  CC      drivers/input/mouse/synaptics.o
  CC      net/ipv4/tcp_minisocks.o
  CC      net/sunrpc/sched.o
  CC      drivers/input/mouse/focaltech.o
  CC      net/unix/garbage.o
  CC      drivers/input/mouse/alps.o
  CC      net/unix/sysctl_net_unix.o
  CC      net/ipv4/tcp_cong.o
  CC      net/sunrpc/auth.o
  AR      net/unix/unix.o
  AR      net/unix/built-in.o
  AR      net/wireless/built-in.o
  CC      net/ipv4/tcp_metrics.o
  CC      drivers/input/mouse/byd.o
  CC      drivers/input/mouse/logips2pp.o
  CC      net/ipv4/tcp_fastopen.o
  CC      net/xfrm/xfrm_policy.o
  CC      net/sunrpc/auth_null.o
  CC      drivers/input/mouse/trackpoint.o
  CC      net/sunrpc/auth_unix.o
  CC      drivers/input/mouse/cypress_ps2.o
  CC      net/ipv4/tcp_rate.o
  CC      drivers/input/mouse/psmouse-smbus.o
  CC      net/sunrpc/auth_generic.o
  AR      drivers/input/mouse/psmouse.o
  AR      drivers/input/mouse/built-in.o
  AR      drivers/input/input-core.o
  AR      drivers/input/built-in.o
  CC      drivers/irqchip/irqchip.o
  CC      drivers/irqchip/irq-gic.o
  CC      net/ipv4/tcp_recovery.o
  CC      net/sunrpc/svc.o
  CC      net/ipv4/tcp_ulp.o
  CC      net/xfrm/xfrm_state.o
  CC      drivers/irqchip/irq-gic-common.o
  AR      drivers/irqchip/built-in.o
  CC      drivers/leds/led-core.o
  CC      net/ipv4/tcp_offload.o
  CC      net/sunrpc/svcsock.o
  CC      drivers/leds/led-class.o
  CC      drivers/leds/led-triggers.o
  CC      net/ipv4/datagram.o
  CC      drivers/leds/leds-gpio.o
  CC      net/xfrm/xfrm_hash.o
  CC      drivers/leds/trigger/ledtrig-timer.o
  CC      net/sunrpc/svcauth.o
  CC      drivers/leds/trigger/ledtrig-oneshot.o
  CC      net/ipv4/raw.o
  CC      net/xfrm/xfrm_input.o
  CC      drivers/leds/trigger/ledtrig-heartbeat.o
  CC      net/sunrpc/svcauth_unix.o
  CC      drivers/leds/trigger/ledtrig-backlight.o
  CC      net/xfrm/xfrm_output.o
  CC      drivers/leds/trigger/ledtrig-gpio.o
  CC      net/ipv4/udp.o
  CC      net/sunrpc/addr.o
  CC      drivers/leds/trigger/ledtrig-cpu.o
  CC      drivers/leds/trigger/ledtrig-default-on.o
  CC      net/xfrm/xfrm_sysctl.o
  CC      drivers/leds/trigger/ledtrig-transient.o
  CC      net/sunrpc/rpcb_clnt.o
  CC      drivers/leds/trigger/ledtrig-camera.o
  CC      net/xfrm/xfrm_replay.o
  AR      drivers/leds/trigger/built-in.o
  AR      drivers/leds/built-in.o
  AR      drivers/macintosh/built-in.o
  CC      drivers/mailbox/mailbox.o
  CC      net/sunrpc/timer.o
  AR      drivers/mailbox/built-in.o
  AR      drivers/media/common/b2c2/built-in.o
  AR      drivers/media/common/saa7146/built-in.o
  AR      drivers/media/common/siano/built-in.o
  AR      drivers/media/common/v4l2-tpg/built-in.o
  AR      drivers/media/common/built-in.o
  AR      drivers/media/firewire/built-in.o
  AR      drivers/media/i2c/soc_camera/built-in.o
  CC      drivers/media/i2c/adv7604.o
  CC      net/xfrm/xfrm_device.o
  CC      net/sunrpc/xdr.o
  CC      net/ipv4/udplite.o
  AR      net/xfrm/built-in.o
  CC      net/sysctl_net.o
  CC      net/ipv4/udp_offload.o
  CC      drivers/media/i2c/ir-kbd-i2c.o
  AR      drivers/media/mmc/siano/built-in.o
  AR      drivers/media/mmc/built-in.o
  CC      net/ipv4/arp.o
  CC      net/sunrpc/sunrpc_syms.o
  AR      drivers/media/i2c/built-in.o
  AR      drivers/media/pci/b2c2/built-in.o
  AR      drivers/media/pci/ddbridge/built-in.o
  AR      drivers/media/pci/dm1105/built-in.o
  AR      drivers/media/pci/mantis/built-in.o
  AR      drivers/media/pci/netup_unidvb/built-in.o
  AR      drivers/media/pci/ngene/built-in.o
  AR      drivers/media/pci/pluto2/built-in.o
  AR      drivers/media/pci/pt1/built-in.o
  AR      drivers/media/pci/pt3/built-in.o
  AR      drivers/media/pci/saa7146/built-in.o
  AR      drivers/media/pci/smipcie/built-in.o
  AR      drivers/media/pci/ttpci/built-in.o
  AR      drivers/media/pci/built-in.o
  AR      drivers/media/platform/blackfin/built-in.o
  AR      drivers/media/platform/davinci/built-in.o
  AR      drivers/media/platform/meson/built-in.o
  AR      drivers/media/platform/omap/built-in.o
  AR      drivers/media/platform/stm32/built-in.o
  CC      drivers/media/platform/xilinx/xilinx-dma.o
  AR      drivers/media/radio/built-in.o
  CC      drivers/media/rc/keymaps/rc-adstech-dvb-t-pci.o
  CC      net/sunrpc/cache.o
  CC      drivers/media/rc/keymaps/rc-alink-dtu-m.o
  CC      drivers/media/rc/keymaps/rc-anysee.o
  CC      net/ipv4/icmp.o
  CC      drivers/media/platform/xilinx/xilinx-vip.o
  CC      drivers/media/rc/keymaps/rc-apac-viewcomp.o
  CC      drivers/media/rc/keymaps/rc-asus-pc39.o
  CC      drivers/media/rc/keymaps/rc-asus-ps3-100.o
  CC      drivers/media/platform/xilinx/xilinx-vipp.o
  CC      drivers/media/rc/keymaps/rc-ati-tv-wonder-hd-600.o
  CC      net/sunrpc/rpc_pipe.o
  CC      drivers/media/rc/keymaps/rc-ati-x10.o
  CC      drivers/media/platform/xilinx/xilinx-cfa.o
  CC      net/ipv4/devinet.o
  CC      drivers/media/rc/keymaps/rc-avermedia-a16d.o
  CC      drivers/media/rc/keymaps/rc-avermedia.o
  CC      drivers/media/platform/xilinx/xilinx-cresample.o
  CC      drivers/media/rc/keymaps/rc-avermedia-cardbus.o
  CC      drivers/media/rc/keymaps/rc-avermedia-dvbt.o
  CC      drivers/media/platform/xilinx/xilinx-remapper.o
  CC      drivers/media/rc/keymaps/rc-avermedia-m135a.o
  CC      net/sunrpc/svc_xprt.o
  CC      drivers/media/platform/xilinx/xilinx-rgb2yuv.o
  CC      drivers/media/rc/keymaps/rc-avermedia-m733a-rm-k6.o
  CC      drivers/media/rc/keymaps/rc-avermedia-rm-ks.o
  CC      drivers/media/platform/xilinx/xilinx-scaler.o
  CC      net/ipv4/af_inet.o
  CC      drivers/media/rc/keymaps/rc-avertv-303.o
  CC      drivers/media/rc/keymaps/rc-azurewave-ad-tu700.o
  CC      drivers/media/rc/keymaps/rc-behold.o
  CC      drivers/media/platform/xilinx/xilinx-switch.o
  CC      net/sunrpc/xprtmultipath.o
  CC      drivers/media/rc/keymaps/rc-behold-columbus.o
  CC      drivers/media/rc/keymaps/rc-budget-ci-old.o
  CC      drivers/media/platform/xilinx/xilinx-tpg.o
  CC      drivers/media/rc/keymaps/rc-cec.o
  CC      net/sunrpc/stats.o
  CC      drivers/media/rc/keymaps/rc-cinergy-1400.o
  CC      net/ipv4/igmp.o
  CC      drivers/media/rc/keymaps/rc-cinergy.o
  CC      drivers/media/platform/xilinx/xilinx-vtc.o
  CC      drivers/media/rc/keymaps/rc-d680-dmb.o
  CC      drivers/media/rc/keymaps/rc-delock-61959.o
  AR      drivers/media/platform/xilinx/xilinx-video.o
  AR      drivers/media/platform/xilinx/built-in.o
  AR      drivers/media/platform/built-in.o
  CC      net/ipv4/fib_frontend.o
  CC      net/sunrpc/sysctl.o
  CC      drivers/media/rc/keymaps/rc-dib0700-nec.o
  CC      drivers/media/rc/keymaps/rc-dib0700-rc5.o
  AR      net/sunrpc/sunrpc.o
  AR      net/sunrpc/built-in.o
  CC      drivers/media/rc/keymaps/rc-digitalnow-tinytwin.o
  CC      drivers/memory/pl35x-smc.o
  CC      drivers/media/rc/keymaps/rc-digittrade.o
  CC      drivers/media/rc/keymaps/rc-dm1105-nec.o
  AR      drivers/memory/built-in.o
  CC      drivers/media/rc/keymaps/rc-dntv-live-dvb-t.o
  AR      drivers/media/spi/built-in.o
  CC      drivers/media/rc/keymaps/rc-dntv-live-dvbt-pro.o
  CC      drivers/media/rc/rc-main.o
  CC      drivers/mfd/syscon.o
  CC      net/ipv4/fib_semantics.o
  CC      drivers/media/rc/keymaps/rc-dtt200u.o
  CC      drivers/media/rc/keymaps/rc-dvbsky.o
  AR      drivers/mfd/built-in.o
  AR      drivers/misc/cb710/built-in.o
  CC      drivers/misc/eeprom/at24.o
  CC      drivers/media/rc/keymaps/rc-dvico-mce.o
  CC      drivers/media/rc/keymaps/rc-dvico-portable.o
  CC      drivers/misc/eeprom/at25.o
  CC      drivers/media/rc/rc-ir-raw.o
  CC      drivers/media/rc/keymaps/rc-em-terratec.o
  CC      drivers/media/rc/keymaps/rc-encore-enltv2.o
  AR      drivers/misc/eeprom/built-in.o
  AR      drivers/misc/lis3lv02d/built-in.o
  AR      drivers/misc/mic/bus/built-in.o
  AR      drivers/misc/mic/built-in.o
  AR      drivers/misc/ti-st/built-in.o
  CC      drivers/misc/sram.o
  CC      net/ipv4/fib_trie.o
  CC      drivers/media/rc/keymaps/rc-encore-enltv.o
  CC      net/ipv4/fib_notifier.o
  CC      drivers/media/rc/keymaps/rc-encore-enltv-fm53.o
  CC      drivers/misc/sram-exec.o
  CC      drivers/media/rc/keymaps/rc-evga-indtube.o
  CC      drivers/media/rc/keymaps/rc-eztv.o
  CC      drivers/mmc/core/core.o
  CC      drivers/misc/xilinx_trafgen.o
  CC      drivers/media/rc/keymaps/rc-flydvb.o
  CC      drivers/media/rc/keymaps/rc-flyvideo.o
  CC      drivers/media/rc/keymaps/rc-fusionhdtv-mce.o
  AR      drivers/misc/built-in.o
  CC      drivers/mmc/core/bus.o
  CC      drivers/media/rc/keymaps/rc-gadmei-rm008z.o
  CC      net/ipv4/inet_fragment.o
  CC      drivers/media/rc/keymaps/rc-geekbox.o
  CC      drivers/mtd/mtdcore.o
  CC      drivers/media/rc/keymaps/rc-genius-tvgo-a11mce.o
  CC      drivers/mmc/core/host.o
  CC      drivers/media/rc/keymaps/rc-gotview7135.o
  CC      net/ipv4/ping.o
  CC      drivers/media/rc/keymaps/rc-imon-mce.o
  CC      drivers/media/rc/keymaps/rc-imon-pad.o
  CC      drivers/mmc/core/mmc.o
  CC      drivers/media/rc/keymaps/rc-iodata-bctv7e.o
  CC      drivers/mtd/mtdsuper.o
  CC      drivers/media/rc/keymaps/rc-it913x-v1.o
  CC      drivers/media/rc/keymaps/rc-it913x-v2.o
  CC      drivers/mtd/mtdconcat.o
  CC      net/ipv4/ip_tunnel_core.o
  CC      drivers/media/rc/keymaps/rc-kaiomy.o
  CC      drivers/mmc/core/mmc_ops.o
  CC      drivers/media/rc/keymaps/rc-kworld-315u.o
  CC      drivers/media/rc/keymaps/rc-kworld-pc150u.o
  CC      drivers/media/rc/keymaps/rc-kworld-plus-tv-analog.o
  CC      net/ipv4/gre_offload.o
  CC      drivers/mmc/core/sd.o
  CC      drivers/media/rc/keymaps/rc-leadtek-y04g0051.o
  CC      drivers/media/rc/keymaps/rc-lme2510.o
  CC      drivers/mtd/mtdpart.o
  CC      drivers/media/rc/keymaps/rc-manli.o
  CC      net/ipv4/sysctl_net_ipv4.o
  CC      drivers/mmc/core/sd_ops.o
  CC      drivers/media/rc/keymaps/rc-medion-x10.o
  CC      drivers/media/rc/keymaps/rc-medion-x10-digitainer.o
  CC      drivers/mmc/core/sdio.o
  CC      drivers/media/rc/keymaps/rc-medion-x10-or2x.o
  CC      net/ipv4/proc.o
  CC      drivers/mtd/mtdchar.o
  CC      drivers/media/rc/keymaps/rc-msi-digivox-ii.o
  CC      drivers/media/rc/keymaps/rc-msi-digivox-iii.o
  CC      drivers/mmc/core/sdio_ops.o
  CC      drivers/media/rc/keymaps/rc-msi-tvanywhere.o
  CC      net/ipv4/xfrm4_mode_beet.o
  CC      drivers/media/rc/keymaps/rc-msi-tvanywhere-plus.o
  CC      drivers/mmc/core/sdio_bus.o
  CC      drivers/mtd/ofpart.o
  CC      drivers/media/rc/keymaps/rc-nebula.o
  CC      drivers/media/rc/keymaps/rc-nec-terratec-cinergy-xs.o
  CC      net/ipv4/xfrm4_mode_transport.o
  CC      drivers/mmc/core/sdio_cis.o
  CC      drivers/mtd/cmdlinepart.o
  CC      drivers/media/rc/keymaps/rc-norwood.o
  CC      drivers/mtd/chips/chipreg.o
  CC      drivers/mmc/core/sdio_io.o
  CC      drivers/media/rc/keymaps/rc-npgtech.o
  CC      net/ipv4/xfrm4_mode_tunnel.o
  CC      drivers/media/rc/keymaps/rc-pctv-sedna.o
  CC      drivers/mtd/chips/cfi_probe.o
  CC      drivers/mmc/core/sdio_irq.o
  CC      drivers/media/rc/keymaps/rc-pinnacle-color.o
  CC      drivers/media/rc/keymaps/rc-pinnacle-grey.o
  CC      drivers/mtd/chips/cfi_util.o
  CC      net/ipv4/ipconfig.o
  CC      drivers/mmc/core/slot-gpio.o
  CC      drivers/media/rc/keymaps/rc-pinnacle-pctv-hd.o
  CC      drivers/media/rc/keymaps/rc-pixelview.o
  CC      drivers/mmc/core/pwrseq.o
  CC      drivers/mtd/chips/cfi_cmdset_0002.o
  CC      drivers/media/rc/keymaps/rc-pixelview-mk12.o
  CC      drivers/media/rc/keymaps/rc-pixelview-002t.o
  CC      drivers/mmc/core/pwrseq_simple.o
  CC      drivers/media/rc/keymaps/rc-pixelview-new.o
  CC      net/ipv4/inet_diag.o
  CC      drivers/mmc/core/pwrseq_emmc.o
  CC      drivers/media/rc/keymaps/rc-powercolor-real-angel.o
  CC      drivers/mmc/core/block.o
  CC      drivers/media/rc/keymaps/rc-proteus-2309.o
  CC      drivers/media/rc/keymaps/rc-purpletv.o
  CC      drivers/media/rc/keymaps/rc-pv951.o
  CC      drivers/media/rc/keymaps/rc-hauppauge.o
  CC      drivers/mtd/chips/gen_probe.o
  CC      net/ipv4/tcp_diag.o
  CC      drivers/media/rc/keymaps/rc-rc6-mce.o
  CC      drivers/media/rc/keymaps/rc-real-audio-220-32-keys.o
  CC      drivers/mmc/core/queue.o
  AR      drivers/mtd/chips/built-in.o
  CC      drivers/mtd/devices/m25p80.o
  CC      net/ipv4/tcp_cubic.o
  CC      drivers/media/rc/keymaps/rc-reddo.o
  CC      drivers/media/rc/keymaps/rc-snapstream-firefly.o
  AR      drivers/mtd/devices/built-in.o
  AR      drivers/mtd/lpddr/built-in.o
  CC      drivers/mtd/maps/physmap.o
  AR      drivers/mmc/core/mmc_core.o
  AR      drivers/mmc/core/mmc_block.o
  AR      drivers/mmc/core/built-in.o
  CC      drivers/mmc/host/sdhci.o
  CC      drivers/media/rc/keymaps/rc-streamzap.o
  CC      drivers/mtd/maps/physmap_of_core.o
  CC      drivers/media/rc/keymaps/rc-tbs-nec.o
  CC      net/ipv4/xfrm4_policy.o
  CC      drivers/media/rc/keymaps/rc-technisat-ts35.o
  AR      drivers/mtd/maps/physmap_of.o
  AR      drivers/mtd/maps/built-in.o
  CC      drivers/mtd/nand/nand_base.o
  CC      drivers/media/rc/keymaps/rc-technisat-usb2.o
  CC      drivers/media/rc/keymaps/rc-terratec-cinergy-c-pci.o
  CC      net/ipv4/xfrm4_state.o
  CC      drivers/media/rc/keymaps/rc-terratec-cinergy-s2-hd.o
  CC      drivers/media/rc/keymaps/rc-terratec-cinergy-xs.o
  CC      net/ipv4/xfrm4_input.o
  CC      drivers/media/rc/keymaps/rc-terratec-slim.o
  CC      drivers/media/rc/keymaps/rc-terratec-slim-2.o
  CC      drivers/mmc/host/sdhci-pltfm.o
  CC      drivers/media/rc/keymaps/rc-tevii-nec.o
  CC      drivers/media/rc/keymaps/rc-tivo.o
  CC      net/ipv4/xfrm4_output.o
  CC      drivers/media/rc/keymaps/rc-total-media-in-hand.o
  CC      drivers/mmc/host/sdhci-of-arasan.o
  CC      drivers/media/rc/keymaps/rc-total-media-in-hand-02.o
  CC      drivers/mtd/nand/nand_bbt.o
  CC      drivers/media/rc/keymaps/rc-trekstor.o
  CC      net/ipv4/xfrm4_protocol.o
  AR      drivers/mmc/host/built-in.o
  AR      drivers/mmc/built-in.o
  CC      drivers/media/rc/keymaps/rc-tt-1500.o
  CC      drivers/media/rc/ir-nec-decoder.o
  CC      drivers/media/rc/keymaps/rc-twinhan-dtv-cab-ci.o
  AR      drivers/mtd/onenand/built-in.o
  AR      drivers/mtd/parsers/built-in.o
  CC      drivers/mtd/spi-nor/spi-nor.o
  CC      drivers/mtd/nand/nand_timings.o
  CC      drivers/media/rc/keymaps/rc-twinhan1027.o
  AR      net/ipv4/built-in.o
  AR      net/built-in.o
  CC      drivers/media/rc/keymaps/rc-videomate-m1f.o
  CC      drivers/media/rc/ir-rc5-decoder.o
  CC      drivers/mtd/nand/nand_ids.o
  CC      drivers/media/rc/keymaps/rc-videomate-s350.o
  CC      drivers/mtd/nand/nand_amd.o
  CC      drivers/mtd/nand/nand_hynix.o
  CC      drivers/media/rc/keymaps/rc-videomate-tv-pvr.o
  CC      drivers/mtd/nand/nand_macronix.o
  CC      drivers/media/rc/keymaps/rc-winfast.o
  CC      drivers/media/rc/keymaps/rc-winfast-usbii-deluxe.o
  CC      drivers/mtd/nand/nand_micron.o
  CC      drivers/mtd/nand/nand_samsung.o
  CC      drivers/media/rc/keymaps/rc-su3000.o
  CC      drivers/media/rc/ir-rc6-decoder.o
  CC      drivers/mtd/nand/nand_toshiba.o
  AR      drivers/mtd/spi-nor/built-in.o
  CC      drivers/mtd/nand/nand_ecc.o
  CC      drivers/media/rc/keymaps/rc-zx-irdec.o
  AR      drivers/media/tuners/built-in.o
  AR      drivers/media/usb/b2c2/built-in.o
  AR      drivers/media/usb/dvb-usb/built-in.o
  AR      drivers/media/usb/dvb-usb-v2/built-in.o
  AR      drivers/media/usb/s2255/built-in.o
  AR      drivers/media/usb/siano/built-in.o
  AR      drivers/media/usb/stkwebcam/built-in.o
  AR      drivers/media/usb/ttusb-budget/built-in.o
  AR      drivers/media/usb/ttusb-dec/built-in.o
  AR      drivers/media/usb/zr364xx/built-in.o
  AR      drivers/media/usb/built-in.o
  CC      drivers/media/v4l2-core/v4l2-fwnode.o
  AR      drivers/media/rc/keymaps/built-in.o
  CC      drivers/media/v4l2-core/v4l2-dev.o
  CC      drivers/media/rc/ir-jvc-decoder.o
  AR      drivers/mtd/nand/nand.o
  AR      drivers/mtd/nand/built-in.o
  AR      drivers/mtd/tests/built-in.o
  CC      drivers/mtd/mtd_blkdevs.o
  CC      drivers/media/rc/ir-sony-decoder.o
  CC      drivers/net/mii.o
  CC      drivers/media/rc/ir-sanyo-decoder.o
  CC      drivers/media/v4l2-core/v4l2-ioctl.o
  CC      drivers/mtd/mtdblock.o
  CC      drivers/media/rc/ir-sharp-decoder.o
  CC      drivers/net/Space.o
  AR      drivers/mtd/mtd.o
  AR      drivers/mtd/built-in.o
  AR      drivers/nfc/built-in.o
  AR      drivers/nvme/host/built-in.o
  AR      drivers/nvme/target/built-in.o
  AR      drivers/nvme/built-in.o
  CC      drivers/nvmem/core.o
  CC      drivers/media/rc/ir-mce_kbd-decoder.o
  CC      drivers/net/loopback.o
  CC      drivers/media/rc/ir-xmp-decoder.o
  AR      drivers/nvmem/nvmem_core.o
  AR      drivers/nvmem/built-in.o
  CC      drivers/of/base.o
  CC      drivers/net/can/dev.o
  AR      drivers/media/rc/rc-core.o
  AR      drivers/media/rc/built-in.o
  CC      drivers/media/media-device.o
  CC      drivers/media/v4l2-core/v4l2-device.o
  CC      drivers/of/device.o
  CC      drivers/media/v4l2-core/v4l2-fh.o
  CC      drivers/media/media-devnode.o
  CC      drivers/net/can/rx-offload.o
  CC      drivers/media/v4l2-core/v4l2-event.o
  CC      drivers/pci/access.o
  CC      drivers/of/platform.o
  AR      drivers/net/can/rcar/built-in.o
  AR      drivers/net/can/softing/built-in.o
  AR      drivers/net/can/spi/built-in.o
  AR      drivers/net/can/usb/built-in.o
  CC      drivers/net/can/xilinx_can.o
  CC      drivers/media/v4l2-core/v4l2-ctrls.o
  CC      drivers/of/property.o
  CC      drivers/pci/bus.o
  CC      drivers/of/fdt.o
  AR      drivers/net/can/can-dev.o
  AR      drivers/net/can/built-in.o
  AR      drivers/net/ethernet/3com/built-in.o
  AR      drivers/net/ethernet/adaptec/built-in.o
  AR      drivers/net/ethernet/agere/built-in.o
  AR      drivers/net/ethernet/alacritech/built-in.o
  AR      drivers/net/ethernet/alteon/built-in.o
  AR      drivers/net/ethernet/amazon/built-in.o
  AR      drivers/net/ethernet/amd/built-in.o
  AR      drivers/net/ethernet/aquantia/built-in.o
  AR      drivers/net/ethernet/arc/built-in.o
  AR      drivers/net/ethernet/atheros/built-in.o
  AR      drivers/net/ethernet/broadcom/built-in.o
  AR      drivers/net/ethernet/brocade/built-in.o
  CC      drivers/net/ethernet/cadence/macb_main.o
  CC      drivers/pci/probe.o
  CC      drivers/of/fdt_address.o
  CC      drivers/media/v4l2-core/v4l2-subdev.o
  CC      drivers/of/address.o
  CC      drivers/pci/host-bridge.o
  CC      drivers/media/v4l2-core/v4l2-clk.o
  CC      drivers/of/irq.o
  CC      drivers/pci/remove.o
  CC      drivers/media/v4l2-core/v4l2-async.o
  CC      drivers/net/ethernet/cadence/macb_ptp.o
  CC      drivers/pci/pci.o
  CC      drivers/of/of_net.o
  CC      drivers/media/v4l2-core/v4l2-mc.o
  CC      drivers/of/of_mdio.o
  AR      drivers/net/ethernet/cadence/macb.o
  AR      drivers/net/ethernet/cadence/built-in.o
  AR      drivers/net/ethernet/cavium/liquidio/built-in.o
  AR      drivers/net/ethernet/cavium/octeon/built-in.o
  AR      drivers/net/ethernet/cavium/thunder/built-in.o
  AR      drivers/net/ethernet/cavium/built-in.o
  AR      drivers/net/ethernet/chelsio/built-in.o
  AR      drivers/net/ethernet/cirrus/built-in.o
  AR      drivers/net/ethernet/cisco/built-in.o
  AR      drivers/net/ethernet/dec/built-in.o
  AR      drivers/net/ethernet/dlink/built-in.o
  AR      drivers/net/ethernet/emulex/built-in.o
  AR      drivers/net/ethernet/ezchip/built-in.o
  AR      drivers/net/ethernet/faraday/built-in.o
  AR      drivers/net/ethernet/hisilicon/built-in.o
  AR      drivers/net/ethernet/hp/built-in.o
  AR      drivers/net/ethernet/huawei/built-in.o
  AR      drivers/net/ethernet/i825xx/built-in.o
  CC      drivers/net/ethernet/intel/e1000e/82571.o
  CC      drivers/media/v4l2-core/v4l2-common.o
  CC      drivers/of/of_pci.o
  CC      drivers/net/ethernet/intel/e1000e/ich8lan.o
  CC      drivers/media/v4l2-core/v4l2-dv-timings.o
  CC      drivers/of/of_pci_irq.o
  CC      drivers/media/v4l2-core/videobuf2-core.o
  CC      drivers/pci/pci-driver.o
  CC      drivers/of/of_reserved_mem.o
  AR      drivers/of/built-in.o
  AR      drivers/pci/dwc/built-in.o
  CC      drivers/perf/arm_pmu.o
  CC      drivers/pci/search.o
  CC      drivers/net/ethernet/intel/e1000e/80003es2lan.o
  CC      drivers/media/v4l2-core/videobuf2-v4l2.o
  CC      drivers/pci/pci-sysfs.o
  CC      drivers/perf/arm_pmu_platform.o
  AR      drivers/perf/built-in.o
  CC      drivers/media/v4l2-core/videobuf2-memops.o
  CC      drivers/net/ethernet/intel/e1000e/mac.o
  CC      drivers/net/ethernet/intel/e1000e/manage.o
  CC      drivers/pci/rom.o
  CC      drivers/media/v4l2-core/videobuf2-dma-contig.o
  CC      drivers/pinctrl/core.o
  CC      drivers/pci/setup-res.o
  CC      drivers/net/ethernet/intel/e1000e/nvm.o
  AR      drivers/media/v4l2-core/videodev.o
  AR      drivers/media/v4l2-core/built-in.o
  CC      drivers/media/media-entity.o
  CC      drivers/pci/irq.o
  CC      drivers/net/ethernet/intel/e1000e/phy.o
  CC      drivers/pinctrl/pinctrl-utils.o
  CC      drivers/pci/vpd.o
  AR      drivers/media/media.o
  AR      drivers/media/built-in.o
  CC      drivers/pci/setup-bus.o
  CC      drivers/pinctrl/pinmux.o
  CC      drivers/pinctrl/pinconf.o
  CC      drivers/pinctrl/devicetree.o
  CC      drivers/net/ethernet/intel/e1000e/param.o
  CC      drivers/pinctrl/pinconf-generic.o
  CC      drivers/pinctrl/pinctrl-zynq.o
  AR      drivers/pinctrl/bcm/built-in.o
  CC      drivers/net/phy/mdio-boardinfo.o
  CC      drivers/net/ethernet/intel/e1000e/ethtool.o
  CC      drivers/pci/vc.o
  AR      drivers/pinctrl/freescale/built-in.o
  AR      drivers/pinctrl/mvebu/built-in.o
  AR      drivers/pinctrl/nomadik/built-in.o
  AR      drivers/pinctrl/sprd/built-in.o
  AR      drivers/pinctrl/ti/built-in.o
  AR      drivers/pinctrl/built-in.o
  CC      drivers/pci/mmap.o
  CC      drivers/net/phy/phy.o
  CC      drivers/net/ethernet/intel/e1000e/netdev.o
  CC      drivers/pci/setup-irq.o
  CC      drivers/pci/proc.o
  CC      drivers/pci/slot.o
  CC      drivers/net/ethernet/intel/e1000e/ptp.o
  CC      drivers/net/phy/phy-c45.o
  CC      drivers/net/phy/phy-core.o
  AR      drivers/net/ethernet/mellanox/built-in.o
  AR      drivers/net/usb/built-in.o
  AR      drivers/net/wireless/admtek/built-in.o
  AR      drivers/net/wireless/ath/built-in.o
  AR      drivers/net/wireless/atmel/built-in.o
  AR      drivers/net/wireless/broadcom/built-in.o
  AR      drivers/net/wireless/cisco/built-in.o
  AR      drivers/net/wireless/intel/built-in.o
  CC      drivers/pci/quirks.o
  AR      drivers/net/wireless/intersil/built-in.o
  AR      drivers/net/wireless/marvell/built-in.o
  AR      drivers/net/wireless/mediatek/built-in.o
  AR      drivers/net/wireless/quantenna/built-in.o
  AR      drivers/net/wireless/ralink/built-in.o
  AR      drivers/net/wireless/realtek/built-in.o
  AR      drivers/net/wireless/rsi/built-in.o
  AR      drivers/net/wireless/st/built-in.o
  AR      drivers/net/wireless/ti/built-in.o
  AR      drivers/net/wireless/zydas/built-in.o
  AR      drivers/net/wireless/built-in.o
  AR      drivers/net/ethernet/myricom/built-in.o
  AR      drivers/net/ethernet/neterion/built-in.o
  CC      drivers/pci/msi.o
  CC      drivers/net/phy/phy_device.o
  AR      drivers/platform/built-in.o
  CC      drivers/net/phy/mdio_bus.o
  CC      drivers/pci/syscall.o
  CC      drivers/net/phy/mdio_device.o
  CC      drivers/pci/of.o
  AR      drivers/net/ethernet/intel/e1000e/e1000e.o
  AR      drivers/net/ethernet/intel/e1000e/built-in.o
  AR      drivers/net/ethernet/intel/built-in.o
  AR      drivers/net/ethernet/netronome/built-in.o
  AR      drivers/net/ethernet/nvidia/built-in.o
  AR      drivers/net/ethernet/oki-semi/built-in.o
  AR      drivers/net/ethernet/packetengines/built-in.o
  AR      drivers/net/ethernet/qlogic/built-in.o
  AR      drivers/net/ethernet/qualcomm/emac/built-in.o
  AR      drivers/net/ethernet/qualcomm/built-in.o
  AR      drivers/net/ethernet/rdc/built-in.o
  CC      drivers/net/ethernet/realtek/r8169.o
  CC      drivers/net/phy/swphy.o
  AR      drivers/net/ethernet/renesas/built-in.o
  AR      drivers/pci/host/built-in.o
  AR      drivers/net/ethernet/rocker/built-in.o
  AR      drivers/pci/switch/built-in.o
  AR      drivers/pci/built-in.o
  AR      drivers/net/ethernet/samsung/built-in.o
  AR      drivers/net/ethernet/silan/built-in.o
  AR      drivers/power/reset/built-in.o
  AR      drivers/net/ethernet/sis/built-in.o
  CC      drivers/power/supply/power_supply_core.o
  AR      drivers/net/ethernet/sun/built-in.o
  CC      drivers/power/supply/power_supply_sysfs.o
  CC      drivers/pps/pps.o
  CC      drivers/net/phy/mdio-bitbang.o
  CC      drivers/power/supply/power_supply_leds.o
  CC      drivers/pps/kapi.o
  AR      drivers/power/supply/power_supply.o
  AR      drivers/power/supply/built-in.o
  AR      drivers/power/built-in.o
  AR      drivers/net/ethernet/synopsys/built-in.o
  CC      drivers/pps/sysfs.o
  CC      drivers/net/phy/fixed_phy.o
  AR      drivers/pps/clients/built-in.o
  AR      drivers/pps/generators/built-in.o
  CC      drivers/net/phy/marvell.o
  AR      drivers/pps/pps_core.o
  AR      drivers/pps/built-in.o
  CC      drivers/ptp/ptp_clock.o
  CC      drivers/net/phy/vitesse.o
  CC      drivers/ptp/ptp_chardev.o
  AR      drivers/net/ethernet/tehuti/built-in.o
  AR      drivers/net/ethernet/ti/built-in.o
  AR      drivers/net/ethernet/xilinx/built-in.o
  AR      drivers/net/phy/libphy.o
  CC      drivers/ptp/ptp_sysfs.o
  AR      drivers/net/phy/built-in.o
  AR      drivers/pwm/built-in.o
  CC      drivers/regulator/core.o
  AR      drivers/remoteproc/built-in.o
  CC      drivers/rtc/rtc-lib.o
  AR      drivers/ptp/ptp.o
  AR      drivers/ptp/built-in.o
  CC      drivers/scsi/scsi.o
  CC      drivers/rtc/hctosys.o
  AR      drivers/net/ethernet/realtek/built-in.o
  CC      drivers/rtc/systohc.o
  AR      drivers/net/ethernet/built-in.o
  AR      drivers/net/built-in.o
  AR      drivers/soc/bcm/built-in.o
  AR      drivers/soc/fsl/built-in.o
  AR      drivers/soc/renesas/built-in.o
  AR      drivers/soc/xilinx/built-in.o
  AR      drivers/soc/built-in.o
  CC      drivers/spi/spi.o
  CC      drivers/scsi/hosts.o
  CC      drivers/rtc/class.o
  CC      drivers/rtc/interface.o
  CC      drivers/regulator/dummy.o
  CC      drivers/scsi/scsi_ioctl.o
  CC      drivers/regulator/fixed-helper.o
  CC      drivers/rtc/nvmem.o
  CC      drivers/scsi/scsicam.o
  CC      drivers/regulator/helpers.o
  CC      drivers/rtc/rtc-dev.o
  CC      drivers/spi/spidev.o
  CC      drivers/regulator/devres.o
  CC      drivers/scsi/scsi_error.o
  CC      drivers/rtc/rtc-proc.o
  CC      drivers/rtc/rtc-sysfs.o
  CC      drivers/regulator/of_regulator.o
  CC      drivers/spi/spi-bitbang.o
  CC      drivers/rtc/rtc-pcf8563.o
  CC      drivers/regulator/fixed.o
  CC      drivers/spi/spi-cadence.o
  AR      drivers/rtc/rtc-core.o
  AR      drivers/rtc/built-in.o
  CC      drivers/thermal/thermal_core.o
  CC      drivers/scsi/scsi_lib.o
  AR      drivers/regulator/built-in.o
  CC      drivers/tty/tty_io.o
  CC      drivers/spi/spi-xilinx.o
  CC      drivers/spi/spi-zynq-qspi.o
  CC      drivers/thermal/thermal_sysfs.o
  AR      drivers/spi/built-in.o
  CC      drivers/uio/uio.o
  CC      drivers/thermal/thermal_helpers.o
  CC      drivers/scsi/scsi_common.o
  CC      drivers/tty/n_tty.o
  CC      drivers/scsi/scsi_lib_dma.o
  CC      drivers/thermal/thermal_hwmon.o
  CC      drivers/uio/uio_pdrv_genirq.o
  CC      drivers/scsi/scsi_scan.o
  CC      drivers/thermal/of-thermal.o
  AR      drivers/uio/built-in.o
  CC      drivers/usb/common/common.o
  AR      drivers/usb/common/usb-common.o
  AR      drivers/usb/common/built-in.o
  CC      drivers/usb/core/usb.o
  CC      drivers/tty/tty_ioctl.o
  CC      drivers/thermal/step_wise.o
  CC      drivers/thermal/user_space.o
  CC      drivers/scsi/scsi_sysfs.o
  CC      drivers/thermal/cpu_cooling.o
  CC      drivers/usb/core/hub.o
  CC      drivers/tty/tty_ldisc.o
  AR      drivers/thermal/broadcom/built-in.o
  AR      drivers/thermal/samsung/built-in.o
  AR      drivers/thermal/thermal_sys.o
  AR      drivers/thermal/built-in.o
  CC      drivers/scsi/scsi_devinfo.o
  CC      drivers/tty/tty_buffer.o
  CC      drivers/tty/tty_port.o
  CC      drivers/scsi/scsi_sysctl.o
  AR      drivers/usb/gadget/function/built-in.o
  AR      drivers/usb/gadget/legacy/built-in.o
  CC      drivers/tty/tty_mutex.o
  CC      drivers/usb/gadget/udc/core.o
  CC      drivers/scsi/scsi_proc.o
  CC      drivers/tty/tty_ldsem.o
  CC      drivers/tty/tty_baudrate.o
  CC      drivers/scsi/scsi_trace.o
  CC      drivers/usb/core/hcd.o
  CC      drivers/usb/gadget/udc/trace.o
  CC      drivers/tty/tty_jobctrl.o
  CC      drivers/usb/gadget/udc/udc-xilinx.o
  CC      drivers/scsi/scsi_logging.o
  CC      drivers/tty/n_null.o
  CC      drivers/scsi/scsi_pm.o
  CC      drivers/tty/pty.o
  AR      drivers/usb/gadget/udc/udc-core.o
  AR      drivers/usb/gadget/udc/built-in.o
  AR      drivers/usb/gadget/built-in.o
  CC      drivers/video/hdmi.o
  CC      drivers/usb/core/urb.o
  AR      drivers/scsi/arm/built-in.o
  CC      drivers/scsi/sd.o
  AR      drivers/tty/ipwireless/built-in.o
  CC      drivers/tty/serial/serial_core.o
  AR      drivers/video/backlight/built-in.o
  CC      drivers/video/console/dummycon.o
  CC      drivers/usb/core/message.o
  AR      drivers/video/console/built-in.o
  CC      drivers/video/fbdev/core/fb_cmdline.o
  CC      drivers/video/fbdev/core/fb_notify.o
  CC      drivers/video/fbdev/core/fbmem.o
  CC      drivers/tty/serial/earlycon.o
  CC      drivers/usb/core/driver.o
  CC      drivers/tty/serial/xilinx_uartps.o
  CC      drivers/scsi/sg.o
  CC      drivers/video/fbdev/core/fbmon.o
  CC      drivers/usb/core/config.o
  AR      drivers/tty/serial/built-in.o
  CC      drivers/tty/vt/vt_ioctl.o
  CC      drivers/video/fbdev/core/fbcmap.o
  CC      drivers/usb/core/file.o
  AR      drivers/scsi/scsi_mod.o
  AR      drivers/scsi/sd_mod.o
  AR      drivers/scsi/built-in.o
  CC      drivers/video/fbdev/core/fbsysfs.o
  AR      drivers/virtio/built-in.o
  CC      drivers/video/fbdev/core/modedb.o
  CC      drivers/tty/vt/vc_screen.o
  CC      drivers/usb/core/buffer.o
  CC      drivers/usb/core/sysfs.o
  CC      drivers/tty/vt/selection.o
  CC      drivers/usb/core/endpoint.o
  CC      drivers/video/fbdev/core/fbcvt.o
  AR      drivers/video/fbdev/omap2/omapfb/displays/built-in.o
  AR      drivers/video/fbdev/omap2/omapfb/dss/built-in.o
  AR      drivers/video/fbdev/omap2/omapfb/built-in.o
  AR      drivers/video/fbdev/omap2/built-in.o
  CC      drivers/usb/core/devio.o
  CC      drivers/tty/vt/keyboard.o
  CC      drivers/video/fbdev/core/fb_defio.o
  CC      drivers/usb/core/notify.o
  CC      drivers/tty/vt/consolemap.o
  CC      drivers/video/fbdev/core/fbcon.o
  CC      drivers/usb/core/generic.o
  CONMK   drivers/tty/vt/consolemap_deftbl.c
  CC      drivers/tty/vt/vt.o
  CC      drivers/usb/core/quirks.o
  SHIPPED drivers/tty/vt/defkeymap.c
  CC      drivers/watchdog/watchdog_core.o
  CC      drivers/usb/core/devices.o
  CC      drivers/watchdog/watchdog_dev.o
  CC      drivers/usb/core/port.o
  CC      drivers/video/fbdev/core/bitblit.o
  CC      drivers/watchdog/cadence_wdt.o
  CC      drivers/usb/core/of.o
  CC      drivers/watchdog/of_xilinx_wdt.o
  CC      drivers/usb/core/hcd-pci.o
  CC      drivers/video/fbdev/core/softcursor.o
  AR      drivers/watchdog/watchdog.o
  AR      drivers/watchdog/built-in.o
  CC      drivers/usb/host/pci-quirks.o
  AR      drivers/usb/core/usbcore.o
  AR      drivers/usb/core/built-in.o
  CC      drivers/video/fbdev/core/cfbfillrect.o
  CC      drivers/tty/vt/consolemap_deftbl.o
  CC      drivers/video/fbdev/core/cfbcopyarea.o
  CC      drivers/tty/vt/defkeymap.o
  AR      drivers/tty/vt/built-in.o
  AR      drivers/tty/built-in.o
  AR      drivers/usb/misc/built-in.o
  CC      drivers/usb/phy/of.o
  CC      drivers/usb/host/ehci-hcd.o
  AR      drivers/usb/phy/built-in.o
  CC      drivers/usb/storage/scsiglue.o
  CC      drivers/video/fbdev/core/cfbimgblt.o
  CC      drivers/video/fbdev/core/sysfillrect.o
  CC      drivers/usb/storage/protocol.o
  CC      drivers/video/fbdev/core/syscopyarea.o
  CC      drivers/usb/host/ehci-pci.o
  CC      drivers/video/fbdev/core/sysimgblt.o
  CC      drivers/usb/storage/transport.o
  CC      drivers/video/fbdev/core/fb_sys_fops.o
  CC      drivers/usb/storage/usb.o
  AR      drivers/video/fbdev/core/fb.o
  AR      drivers/video/fbdev/core/built-in.o
  AR      drivers/video/fbdev/built-in.o
  AR      drivers/video/built-in.o
  CC      drivers/usb/storage/initializers.o
  CC      drivers/usb/storage/sierra_ms.o
  CC      drivers/usb/storage/option_ms.o
  CC      drivers/usb/storage/usual-tables.o
  AR      drivers/usb/storage/usb-storage.o
  AR      drivers/usb/storage/built-in.o
  AR      drivers/usb/host/built-in.o
  AR      drivers/usb/built-in.o
  AR      drivers/built-in.o
  GEN     .version
  CHK     include/generated/compile.h
  UPD     include/generated/compile.h
  CC      init/version.o
  AR      init/built-in.o
  AR      built-in.o
  LD      vmlinux.o
  MODPOST vmlinux.o
  KSYM    .tmp_kallsyms1.o
  KSYM    .tmp_kallsyms2.o
  LD      vmlinux
  SORTEX  vmlinux
  SYSMAP  System.map
  OBJCOPY arch/arm/boot/Image
  Kernel: arch/arm/boot/Image is ready
  LDS     arch/arm/boot/compressed/vmlinux.lds
  AS      arch/arm/boot/compressed/head.o
  GZIP    arch/arm/boot/compressed/piggy_data
  CC      arch/arm/boot/compressed/misc.o
  CC      arch/arm/boot/compressed/decompress.o
  AS      arch/arm/boot/compressed/debug.o
  CC      arch/arm/boot/compressed/string.o
  AS      arch/arm/boot/compressed/hyp-stub.o
  AS      arch/arm/boot/compressed/lib1funcs.o
  AS      arch/arm/boot/compressed/ashldi3.o
  AS      arch/arm/boot/compressed/bswapsdi2.o
  AS      arch/arm/boot/compressed/piggy.o
  LD      arch/arm/boot/compressed/vmlinux
  OBJCOPY arch/arm/boot/zImage
  Kernel: arch/arm/boot/zImage is ready
  UIMAGE  arch/arm/boot/uImage
Image Name:   Linux-4.14.0-xilinx-dirty
Created:      Fri Mar  1 07:03:00 2024
Image Type:   ARM Linux Kernel Image (uncompressed)
Data Size:    3719840 Bytes = 3632.66 KiB = 3.55 MiB
Load Address: 00008000
Entry Point:  00008000
  Kernel: arch/arm/boot/uImage is ready
make[1]: Leaving directory '/home/binh/work/pulpino-binh/fpga/sw/linux-xlnx'
cp linux-xlnx/arch/arm/boot/uImage ./sd_image/uImage
