cd u-boot-xlnx && make CROSS_COMPILE=arm-linux-gnueabihf- -j4
make[1]: Entering directory '/home/binh/work/pulpino-binh/fpga/sw/u-boot-xlnx'
  CHK     include/config/uboot.release
  CHK     include/generated/timestamp_autogenerated.h
  UPD     include/generated/timestamp_autogenerated.h
  HOSTCC  scripts/dtc/dtc-lexer.lex.o
  CHK     include/generated/version_autogenerated.h
  CC      lib/asm-offsets.s
  CC      arch/arm/lib/asm-offsets.s
  CHK     include/config.h
  CFG     u-boot.cfg
  CHK     include/generated/generic-asm-offsets.h
  CHK     include/generated/asm-offsets.h
  HOSTLD  scripts/dtc/dtc
  HOSTCC  tools/envcrc.o
  WRAP    tools/lib/crc32.c
  HOSTCC  tools/env/embedded.o
  WRAP    tools/lib/sha1.c
  HOSTCC  tools/gen_eth_addr
  HOSTCC  tools/gen_ethaddr_crc.o
  WRAP    tools/lib/crc8.c
  HOSTCC  tools/img2srec
  HOSTCC  tools/mkenvimage.o
  HOSTCC  tools/os_support.o
  HOSTCC  tools/aisimage.o
  HOSTCC  tools/atmelimage.o
  WRAP    tools/common/image-sig.c
  WRAP    tools/common/bootm.c
  HOSTCC  tools/default_image.o
  WRAP    tools/lib/fdtdec_common.c
  WRAP    tools/lib/fdtdec.c
  HOSTCC  tools/fit_common.o
  HOSTCC  tools/fit_image.o
  WRAP    tools/common/image-fit.c
  HOSTCC  tools/image-host.o
  WRAP    tools/common/image.c
  HOSTCC  tools/imagetool.o
  HOSTCC  tools/imximage.o
  HOSTCC  tools/kwbimage.o
  WRAP    tools/lib/md5.c
  HOSTCC  tools/lpc32xximage.o
  HOSTCC  tools/mxsimage.o
  HOSTCC  tools/omapimage.o
  HOSTCC  tools/pblimage.o
  HOSTCC  tools/pbl_crc32.o
  HOSTCC  tools/vybridimage.o
  WRAP    tools/lib/rc4.c
  HOSTCC  tools/rkcommon.o
  HOSTCC  tools/rkimage.o
  HOSTCC  tools/rksd.o
  HOSTCC  tools/rkspi.o
  HOSTCC  tools/socfpgaimage.o
  WRAP    tools/lib/sha256.c
  WRAP    tools/common/hash.c
  HOSTCC  tools/ublimage.o
  HOSTCC  tools/zynqimage.o
  HOSTCC  tools/zynqmpimage.o
  HOSTCC  tools/libfdt/fdt.o
  HOSTCC  tools/libfdt/fdt_wip.o
  HOSTCC  tools/libfdt/fdt_sw.o
  HOSTCC  tools/libfdt/fdt_strerror.o
  HOSTCC  tools/libfdt/fdt_empty_tree.o
  HOSTCC  tools/libfdt/fdt_addresses.o
  HOSTCC  tools/libfdt/fdt_overlay.o
  WRAP    tools/lib/libfdt/fdt_ro.c
  WRAP    tools/lib/libfdt/fdt_rw.c
  WRAP    tools/lib/libfdt/fdt_region.c
  HOSTCC  tools/gpimage.o
  HOSTCC  tools/gpimage-common.o
  WRAP    tools/lib/rsa/rsa-sign.c
  WRAP    tools/lib/rsa/rsa-verify.c
  WRAP    tools/lib/rsa/rsa-checksum.c
  WRAP    tools/lib/rsa/rsa-mod-exp.c
  HOSTCC  tools/dumpimage.o
  HOSTCC  tools/mkimage.o
  HOSTCC  tools/fit_info.o
  HOSTCC  tools/fit_check_sign.o
  HOSTCC  tools/proftool
  HOSTCC  tools/fdtgrep.o
  HOSTCC  tools/lib/crc32.o
  HOSTCC  tools/lib/sha1.o
  HOSTCC  tools/lib/crc8.o
  HOSTLD  tools/mkenvimage
  HOSTCC  tools/common/image-sig.o
  HOSTCC  tools/common/bootm.o
  HOSTCC  tools/lib/fdtdec_common.o
  HOSTCC  tools/lib/fdtdec.o
  HOSTCC  tools/common/image-fit.o
  HOSTCC  tools/common/image.o
  HOSTCC  tools/lib/md5.o
  HOSTCC  tools/lib/rc4.o
  HOSTCC  tools/lib/sha256.o
  HOSTCC  tools/common/hash.o
  HOSTCC  tools/lib/libfdt/fdt_ro.o
  HOSTCC  tools/lib/libfdt/fdt_rw.o
  HOSTCC  tools/lib/libfdt/fdt_region.o
  HOSTCC  tools/lib/rsa/rsa-sign.o
  HOSTCC  tools/lib/rsa/rsa-verify.o
  HOSTCC  tools/lib/rsa/rsa-checksum.o
  HOSTCC  tools/lib/rsa/rsa-mod-exp.o
In file included from tools/lib/rsa/rsa-sign.c:1:
./tools/../lib/rsa/rsa-sign.c: In function ‘rsa_pem_get_pub_key’:
./tools/../lib/rsa/rsa-sign.c:91:9: warning: ‘EVP_PKEY_get1_RSA’ is deprecated: Since OpenSSL 3.0 [-Wdeprecated-declarations]
   91 |         rsa = EVP_PKEY_get1_RSA(key);
      |         ^~~
In file included from include/image.h:1049,
                 from ./tools/../lib/rsa/rsa-sign.c:10,
                 from tools/lib/rsa/rsa-sign.c:1:
/usr/include/openssl/evp.h:1348:16: note: declared here
 1348 | struct rsa_st *EVP_PKEY_get1_RSA(EVP_PKEY *pkey);
      |                ^~~~~~~~~~~~~~~~~
In file included from tools/lib/rsa/rsa-sign.c:1:
./tools/../lib/rsa/rsa-sign.c: In function ‘rsa_engine_get_pub_key’:
./tools/../lib/rsa/rsa-sign.c:133:9: warning: ‘ENGINE_get_id’ is deprecated: Since OpenSSL 3.0 [-Wdeprecated-declarations]
  133 |         engine_id = ENGINE_get_id(engine);
      |         ^~~~~~~~~
In file included from ./tools/../lib/rsa/rsa-sign.c:18,
                 from tools/lib/rsa/rsa-sign.c:1:
/usr/include/openssl/engine.h:552:35: note: declared here
  552 | OSSL_DEPRECATEDIN_3_0 const char *ENGINE_get_id(const ENGINE *e);
      |                                   ^~~~~~~~~~~~~
In file included from tools/lib/rsa/rsa-sign.c:1:
./tools/../lib/rsa/rsa-sign.c:149:9: warning: ‘ENGINE_load_public_key’ is deprecated: Since OpenSSL 3.0 [-Wdeprecated-declarations]
  149 |         key = ENGINE_load_public_key(engine, key_id, NULL, NULL);
      |         ^~~
In file included from ./tools/../lib/rsa/rsa-sign.c:18,
                 from tools/lib/rsa/rsa-sign.c:1:
/usr/include/openssl/engine.h:641:11: note: declared here
  641 | EVP_PKEY *ENGINE_load_public_key(ENGINE *e, const char *key_id,
      |           ^~~~~~~~~~~~~~~~~~~~~~
In file included from tools/lib/rsa/rsa-sign.c:1:
./tools/../lib/rsa/rsa-sign.c:154:9: warning: ‘EVP_PKEY_get1_RSA’ is deprecated: Since OpenSSL 3.0 [-Wdeprecated-declarations]
  154 |         rsa = EVP_PKEY_get1_RSA(key);
      |         ^~~
In file included from include/image.h:1049,
                 from ./tools/../lib/rsa/rsa-sign.c:10,
                 from tools/lib/rsa/rsa-sign.c:1:
/usr/include/openssl/evp.h:1348:16: note: declared here
 1348 | struct rsa_st *EVP_PKEY_get1_RSA(EVP_PKEY *pkey);
      |                ^~~~~~~~~~~~~~~~~
In file included from tools/lib/rsa/rsa-sign.c:1:
./tools/../lib/rsa/rsa-sign.c: In function ‘rsa_pem_get_priv_key’:
./tools/../lib/rsa/rsa-sign.c:212:9: warning: ‘PEM_read_RSAPrivateKey’ is deprecated: Since OpenSSL 3.0 [-Wdeprecated-declarations]
  212 |         rsa = PEM_read_RSAPrivateKey(f, 0, NULL, path);
      |         ^~~
In file included from ./tools/../lib/rsa/rsa-sign.c:14,
                 from tools/lib/rsa/rsa-sign.c:1:
/usr/include/openssl/pem.h:447:1: note: declared here
  447 | DECLARE_PEM_rw_cb_attr(OSSL_DEPRECATEDIN_3_0, RSAPrivateKey, RSA)
      | ^~~~~~~~~~~~~~~~~~~~~~
In file included from tools/lib/rsa/rsa-sign.c:1:
./tools/../lib/rsa/rsa-sign.c: In function ‘rsa_engine_get_priv_key’:
./tools/../lib/rsa/rsa-sign.c:244:9: warning: ‘ENGINE_get_id’ is deprecated: Since OpenSSL 3.0 [-Wdeprecated-declarations]
  244 |         engine_id = ENGINE_get_id(engine);
      |         ^~~~~~~~~
In file included from ./tools/../lib/rsa/rsa-sign.c:18,
                 from tools/lib/rsa/rsa-sign.c:1:
/usr/include/openssl/engine.h:552:35: note: declared here
  552 | OSSL_DEPRECATEDIN_3_0 const char *ENGINE_get_id(const ENGINE *e);
      |                                   ^~~~~~~~~~~~~
In file included from tools/lib/rsa/rsa-sign.c:1:
./tools/../lib/rsa/rsa-sign.c:260:9: warning: ‘ENGINE_load_private_key’ is deprecated: Since OpenSSL 3.0 [-Wdeprecated-declarations]
  260 |         key = ENGINE_load_private_key(engine, key_id, NULL, NULL);
      |         ^~~
In file included from ./tools/../lib/rsa/rsa-sign.c:18,
                 from tools/lib/rsa/rsa-sign.c:1:
/usr/include/openssl/engine.h:638:11: note: declared here
  638 | EVP_PKEY *ENGINE_load_private_key(ENGINE *e, const char *key_id,
      |           ^~~~~~~~~~~~~~~~~~~~~~~
In file included from tools/lib/rsa/rsa-sign.c:1:
./tools/../lib/rsa/rsa-sign.c:265:9: warning: ‘EVP_PKEY_get1_RSA’ is deprecated: Since OpenSSL 3.0 [-Wdeprecated-declarations]
  265 |         rsa = EVP_PKEY_get1_RSA(key);
      |         ^~~
In file included from include/image.h:1049,
                 from ./tools/../lib/rsa/rsa-sign.c:10,
                 from tools/lib/rsa/rsa-sign.c:1:
/usr/include/openssl/evp.h:1348:16: note: declared here
 1348 | struct rsa_st *EVP_PKEY_get1_RSA(EVP_PKEY *pkey);
      |                ^~~~~~~~~~~~~~~~~
In file included from tools/lib/rsa/rsa-sign.c:1:
./tools/../lib/rsa/rsa-sign.c: In function ‘rsa_engine_init’:
./tools/../lib/rsa/rsa-sign.c:328:9: warning: ‘ENGINE_load_builtin_engines’ is deprecated: Since OpenSSL 3.0 [-Wdeprecated-declarations]
  328 |         ENGINE_load_builtin_engines();
      |         ^~~~~~~~~~~~~~~~~~~~~~~~~~~
In file included from ./tools/../lib/rsa/rsa-sign.c:18,
                 from tools/lib/rsa/rsa-sign.c:1:
/usr/include/openssl/engine.h:358:28: note: declared here
  358 | OSSL_DEPRECATEDIN_3_0 void ENGINE_load_builtin_engines(void);
      |                            ^~~~~~~~~~~~~~~~~~~~~~~~~~~
In file included from tools/lib/rsa/rsa-sign.c:1:
./tools/../lib/rsa/rsa-sign.c:330:9: warning: ‘ENGINE_by_id’ is deprecated: Since OpenSSL 3.0 [-Wdeprecated-declarations]
  330 |         e = ENGINE_by_id(engine_id);
      |         ^
In file included from ./tools/../lib/rsa/rsa-sign.c:18,
                 from tools/lib/rsa/rsa-sign.c:1:
/usr/include/openssl/engine.h:336:31: note: declared here
  336 | OSSL_DEPRECATEDIN_3_0 ENGINE *ENGINE_by_id(const char *id);
      |                               ^~~~~~~~~~~~
In file included from tools/lib/rsa/rsa-sign.c:1:
./tools/../lib/rsa/rsa-sign.c:337:9: warning: ‘ENGINE_init’ is deprecated: Since OpenSSL 3.0 [-Wdeprecated-declarations]
  337 |         if (!ENGINE_init(e)) {
      |         ^~
In file included from ./tools/../lib/rsa/rsa-sign.c:18,
                 from tools/lib/rsa/rsa-sign.c:1:
/usr/include/openssl/engine.h:620:27: note: declared here
  620 | OSSL_DEPRECATEDIN_3_0 int ENGINE_init(ENGINE *e);
      |                           ^~~~~~~~~~~
In file included from tools/lib/rsa/rsa-sign.c:1:
./tools/../lib/rsa/rsa-sign.c:343:9: warning: ‘ENGINE_set_default_RSA’ is deprecated: Since OpenSSL 3.0 [-Wdeprecated-declarations]
  343 |         if (!ENGINE_set_default_RSA(e)) {
      |         ^~
In file included from ./tools/../lib/rsa/rsa-sign.c:18,
                 from tools/lib/rsa/rsa-sign.c:1:
/usr/include/openssl/engine.h:684:27: note: declared here
  684 | OSSL_DEPRECATEDIN_3_0 int ENGINE_set_default_RSA(ENGINE *e);
      |                           ^~~~~~~~~~~~~~~~~~~~~~
In file included from tools/lib/rsa/rsa-sign.c:1:
./tools/../lib/rsa/rsa-sign.c:354:9: warning: ‘ENGINE_finish’ is deprecated: Since OpenSSL 3.0 [-Wdeprecated-declarations]
  354 |         ENGINE_finish(e);
      |         ^~~~~~~~~~~~~
In file included from ./tools/../lib/rsa/rsa-sign.c:18,
                 from tools/lib/rsa/rsa-sign.c:1:
/usr/include/openssl/engine.h:628:27: note: declared here
  628 | OSSL_DEPRECATEDIN_3_0 int ENGINE_finish(ENGINE *e);
      |                           ^~~~~~~~~~~~~
In file included from tools/lib/rsa/rsa-sign.c:1:
./tools/../lib/rsa/rsa-sign.c:356:9: warning: ‘ENGINE_free’ is deprecated: Since OpenSSL 3.0 [-Wdeprecated-declarations]
  356 |         ENGINE_free(e);
      |         ^~~~~~~~~~~
In file included from ./tools/../lib/rsa/rsa-sign.c:18,
                 from tools/lib/rsa/rsa-sign.c:1:
/usr/include/openssl/engine.h:493:27: note: declared here
  493 | OSSL_DEPRECATEDIN_3_0 int ENGINE_free(ENGINE *e);
      |                           ^~~~~~~~~~~
In file included from tools/lib/rsa/rsa-sign.c:1:
./tools/../lib/rsa/rsa-sign.c: In function ‘rsa_engine_remove’:
./tools/../lib/rsa/rsa-sign.c:381:17: warning: ‘ENGINE_finish’ is deprecated: Since OpenSSL 3.0 [-Wdeprecated-declarations]
  381 |                 ENGINE_finish(e);
      |                 ^~~~~~~~~~~~~
In file included from ./tools/../lib/rsa/rsa-sign.c:18,
                 from tools/lib/rsa/rsa-sign.c:1:
/usr/include/openssl/engine.h:628:27: note: declared here
  628 | OSSL_DEPRECATEDIN_3_0 int ENGINE_finish(ENGINE *e);
      |                           ^~~~~~~~~~~~~
In file included from tools/lib/rsa/rsa-sign.c:1:
./tools/../lib/rsa/rsa-sign.c:382:17: warning: ‘ENGINE_free’ is deprecated: Since OpenSSL 3.0 [-Wdeprecated-declarations]
  382 |                 ENGINE_free(e);
      |                 ^~~~~~~~~~~
In file included from ./tools/../lib/rsa/rsa-sign.c:18,
                 from tools/lib/rsa/rsa-sign.c:1:
/usr/include/openssl/engine.h:493:27: note: declared here
  493 | OSSL_DEPRECATEDIN_3_0 int ENGINE_free(ENGINE *e);
      |                           ^~~~~~~~~~~
In file included from tools/lib/rsa/rsa-sign.c:1:
./tools/../lib/rsa/rsa-sign.c: In function ‘rsa_sign_with_key’:
./tools/../lib/rsa/rsa-sign.c:400:9: warning: ‘EVP_PKEY_set1_RSA’ is deprecated: Since OpenSSL 3.0 [-Wdeprecated-declarations]
  400 |         if (!EVP_PKEY_set1_RSA(key, rsa)) {
      |         ^~
In file included from include/image.h:1049,
                 from ./tools/../lib/rsa/rsa-sign.c:10,
                 from tools/lib/rsa/rsa-sign.c:1:
/usr/include/openssl/evp.h:1344:5: note: declared here
 1344 | int EVP_PKEY_set1_RSA(EVP_PKEY *pkey, struct rsa_st *key);
      |     ^~~~~~~~~~~~~~~~~
In file included from tools/lib/rsa/rsa-sign.c:1:
./tools/../lib/rsa/rsa-sign.c: In function ‘rsa_sign’:
./tools/../lib/rsa/rsa-sign.c:486:9: warning: ‘RSA_free’ is deprecated: Since OpenSSL 3.0 [-Wdeprecated-declarations]
  486 |         RSA_free(rsa);
      |         ^~~~~~~~
In file included from ./tools/../lib/rsa/rsa-sign.c:13,
                 from tools/lib/rsa/rsa-sign.c:1:
/usr/include/openssl/rsa.h:298:28: note: declared here
  298 | OSSL_DEPRECATEDIN_3_0 void RSA_free(RSA *r);
      |                            ^~~~~~~~
In file included from tools/lib/rsa/rsa-sign.c:1:
./tools/../lib/rsa/rsa-sign.c:494:9: warning: ‘RSA_free’ is deprecated: Since OpenSSL 3.0 [-Wdeprecated-declarations]
  494 |         RSA_free(rsa);
      |         ^~~~~~~~
In file included from ./tools/../lib/rsa/rsa-sign.c:13,
                 from tools/lib/rsa/rsa-sign.c:1:
/usr/include/openssl/rsa.h:298:28: note: declared here
  298 | OSSL_DEPRECATEDIN_3_0 void RSA_free(RSA *r);
      |                            ^~~~~~~~
In file included from tools/lib/rsa/rsa-sign.c:1:
./tools/../lib/rsa/rsa-sign.c: In function ‘rsa_get_exponent’:
./tools/../lib/rsa/rsa-sign.c:519:9: warning: ‘RSA_get0_key’ is deprecated: Since OpenSSL 3.0 [-Wdeprecated-declarations]
  519 |         RSA_get0_key(key, NULL, &key_e, NULL);
      |         ^~~~~~~~~~~~
In file included from ./tools/../lib/rsa/rsa-sign.c:13,
                 from tools/lib/rsa/rsa-sign.c:1:
/usr/include/openssl/rsa.h:222:28: note: declared here
  222 | OSSL_DEPRECATEDIN_3_0 void RSA_get0_key(const RSA *r,
      |                            ^~~~~~~~~~~~
In file included from tools/lib/rsa/rsa-sign.c:1:
./tools/../lib/rsa/rsa-sign.c: In function ‘rsa_get_params’:
./tools/../lib/rsa/rsa-sign.c:582:9: warning: ‘RSA_get0_key’ is deprecated: Since OpenSSL 3.0 [-Wdeprecated-declarations]
  582 |         RSA_get0_key(key, &key_n, NULL, NULL);
      |         ^~~~~~~~~~~~
In file included from ./tools/../lib/rsa/rsa-sign.c:13,
                 from tools/lib/rsa/rsa-sign.c:1:
/usr/include/openssl/rsa.h:222:28: note: declared here
  222 | OSSL_DEPRECATEDIN_3_0 void RSA_get0_key(const RSA *r,
      |                            ^~~~~~~~~~~~
In file included from tools/lib/rsa/rsa-sign.c:1:
./tools/../lib/rsa/rsa-sign.c: In function ‘rsa_add_verify_data’:
./tools/../lib/rsa/rsa-sign.c:772:9: warning: ‘RSA_free’ is deprecated: Since OpenSSL 3.0 [-Wdeprecated-declarations]
  772 |         RSA_free(rsa);
      |         ^~~~~~~~
In file included from ./tools/../lib/rsa/rsa-sign.c:13,
                 from tools/lib/rsa/rsa-sign.c:1:
/usr/include/openssl/rsa.h:298:28: note: declared here
  298 | OSSL_DEPRECATEDIN_3_0 void RSA_free(RSA *r);
      |                            ^~~~~~~~
  HOSTLD  tools/fdtgrep
  HOSTLD  tools/envcrc
  HOSTLD  tools/gen_ethaddr_crc
  HOSTLD  tools/dumpimage
  HOSTLD  tools/mkimage
  HOSTLD  tools/fit_info
  HOSTLD  tools/fit_check_sign
  LD      arch/arm/cpu/built-in.o
  CC      arch/arm/cpu/armv7/cache_v7.o
  CC      board/xilinx/zynq/board.o
  CC      arch/arm/mach-zynq/timer.o
  AS      arch/arm/lib/vectors.o
  AS      arch/arm/lib/crt0.o
  AS      arch/arm/lib/setjmp.o
  AS      arch/arm/lib/relocate.o
  CC      arch/arm/lib/bootm-fdt.o
  AS      arch/arm/cpu/armv7/cache_v7_asm.o
  CC      arch/arm/mach-zynq/cpu.o
  LD      board/xilinx/zynq/built-in.o
  CC      arch/arm/mach-zynq/ddrc.o
  CC      arch/arm/cpu/armv7/cpu.o
  CC      arch/arm/lib/bootm.o
  CC      arch/arm/mach-zynq/slcr.o
  CC      arch/arm/cpu/armv7/cp15.o
  CC      cmd/boot.o
  CC      arch/arm/cpu/armv7/syslib.o
  CC      arch/arm/lib/zimage.o
  CC      cmd/bootm.o
  CC      arch/arm/mach-zynq/clk.o
  AS      arch/arm/cpu/armv7/lowlevel_init.o
  AS      arch/arm/cpu/armv7/start.o
  LD      arch/arm/cpu/armv7/built-in.o
  AS      arch/arm/lib/memset.o
  AS      arch/arm/lib/memcpy.o
  AS      arch/arm/mach-zynq/lowlevel_init.o
  CC      arch/arm/lib/sections.o
  CC      cmd/help.o
  CC      arch/arm/lib/stack.o
  LD      arch/arm/mach-zynq/built-in.o
  CC      common/init/board_init.o
  CC      disk/part.o
  CC      arch/arm/lib/interrupts.o
  CC      cmd/version.o
  LD      common/init/built-in.o
  CC      common/main.o
  CC      cmd/blk_common.o
  CC      arch/arm/lib/reset.o
  CC      cmd/source.o
  CC      common/exports.o
  CC      arch/arm/lib/cache.o
  CC      common/hash.o
  CC      arch/arm/lib/cache-cp15.o
  CC      disk/part_dos.o
  CC      cmd/bdinfo.o
  CC      cmd/bootefi.o
  CC      arch/arm/lib/psci-dt.o
  CC      common/cli_hush.o
  AS      arch/arm/lib/ashldi3.o
  AS      arch/arm/lib/ashrdi3.o
  CC      arch/arm/lib/div0.o
  AS      arch/arm/lib/div64.o
  AS      arch/arm/lib/lib1funcs.o
  CC      disk/part_iso.o
  AS      arch/arm/lib/lshrdi3.o
  AS      arch/arm/lib/muldi3.o
  AS      arch/arm/lib/uldivmod.o
  CC      arch/arm/lib/eabi_compat.o
  CC      cmd/bootz.o
  AS      arch/arm/lib/crt0_arm_efi.o
  CC      arch/arm/lib/reloc_arm_efi.o
  CC      cmd/cache.o
  CC      disk/part_efi.o
  LD      arch/arm/lib/built-in.o
  AR      arch/arm/lib/lib.a
  LD      drivers/adc/built-in.o
  LD      drivers/ata/built-in.o
  CC      drivers/block/blk-uclass.o
  CC      cmd/clk.o
  CC      cmd/console.o
  CC      cmd/echo.o
  CC      cmd/elf.o
  LD      drivers/block/built-in.o
  CC      drivers/clk/clk-uclass.o
  CC      cmd/exit.o
  CC      drivers/clk/clk_fixed_rate.o
  LD      disk/built-in.o
  LD      drivers/dma/built-in.o
  CC      cmd/ext4.o
  CC      drivers/core/device.o
  CC      common/autoboot.o
  CC      drivers/clk/clk_zynq.o
  CC      cmd/ext2.o
  CC      common/board_f.o
  CC      cmd/fat.o
  CC      cmd/fdt.o
  LD      drivers/clk/tegra/built-in.o
  LD      drivers/clk/built-in.o
  CC      drivers/core/fdtaddr.o
  CC      common/board_r.o
  CC      drivers/gpio/gpio-uclass.o
  CC      drivers/core/lists.o
  CC      common/board_info.o
  CC      drivers/core/root.o
  CC      common/bootm.o
  CC      drivers/core/uclass.o
  CC      drivers/gpio/zynq_gpio.o
  CC      cmd/fpga.o
  CC      common/bootm_os.o
  CC      cmd/fs.o
  LD      drivers/gpio/built-in.o
  CC      cmd/gpio.o
  LD      drivers/i2c/built-in.o
  CC      drivers/core/util.o
  CC      common/fdt_support.o
  CC      common/miiphyutil.o
  CC      drivers/core/device-remove.o
  CC      cmd/itest.o
  CC      drivers/core/simple-bus.o
  CC      cmd/load.o
  CC      cmd/mem.o
  CC      drivers/core/dump.o
  CC      drivers/core/of_extra.o
  CC      drivers/core/ofnode.o
  CC      drivers/crypto/fsl/sec.o
  CC      cmd/mii.o
  LD      drivers/crypto/fsl/built-in.o
  CC      drivers/crypto/rsa_mod_exp/mod_exp_uclass.o
  CC      common/usb.o
  CC      drivers/crypto/rsa_mod_exp/mod_exp_sw.o
  CC      drivers/core/read_extra.o
  LD      drivers/crypto/rsa_mod_exp/built-in.o
  LD      drivers/crypto/built-in.o
  CC      drivers/dfu/dfu.o
  CC      cmd/mdio.o
  LD      drivers/core/built-in.o
  CC      cmd/misc.o
  CC      cmd/mmc.o
  LD      drivers/firmware/built-in.o
  CC      drivers/dfu/dfu_mmc.o
  CC      common/usb_hub.o
  CC      common/usb_storage.o
  CC      cmd/net.o
  CC      drivers/dfu/dfu_ram.o
  CC      cmd/part.o
  CC      drivers/fpga/fpga.o
  LD      drivers/dfu/built-in.o
  CC      drivers/input/input.o
  CC      cmd/pcmcia.o
  CC      drivers/fpga/zynqpl.o
  CC      cmd/pxe.o
  CC      common/splash.o
  CC      drivers/input/key_matrix.o
  CC      common/menu.o
  CC      drivers/fpga/xilinx.o
  LD      drivers/input/built-in.o
  CC      common/cli_readline.o
  CC      drivers/mtd/mtdcore.o
  LD      drivers/fpga/built-in.o
  LD      drivers/mailbox/built-in.o
  LD      drivers/memory/built-in.o
  LD      drivers/misc/built-in.o
  CC      drivers/mmc/mmc.o
  CC      cmd/sf.o
  CC      common/cli_simple.o
  CC      common/console.o
  CC      drivers/mtd/mtd_uboot.o
  CC      cmd/test.o
  LD      drivers/mtd/built-in.o
  CC      common/dlmalloc.o
  CC      cmd/usb.o
  CC      cmd/disk.o
  CC      common/malloc_simple.o
  LD      drivers/mtd/onenand/built-in.o
  CC      common/image.o
  CC      cmd/thordown.o
  CC      drivers/mmc/mmc-uclass.o
  CC      cmd/ximg.o
  CC      cmd/spl.o
  CC      common/image-fdt.o
  CC      drivers/mmc/mmc_write.o
  CC      cmd/dfu.o
  CC      cmd/nvedit.o
  CC      common/image-fit.o
  CC      common/image-sig.o
  CC      drivers/mmc/sdhci.o
  CC      common/memsize.o
  LD      cmd/built-in.o
  CC      common/stdio.o
  CC      drivers/mtd/spi/sf-uclass.o
  CC      common/cli.o
  CC      drivers/mtd/spi/sf_probe.o
  CC      drivers/mmc/zynq_sdhci.o
  CC      common/dfu.o
  CC      drivers/mtd/spi/spi_flash.o
  CC      drivers/mtd/spi/spi_flash_ids.o
  LD      drivers/pcmcia/built-in.o
  CC      common/command.o
  CC      common/s_record.o
  LD      drivers/mmc/built-in.o
  LD      drivers/phy/marvell/built-in.o
  LD      drivers/pwm/built-in.o
  LD      drivers/reset/built-in.o
  CC      drivers/rtc/date.o
  LD      drivers/rtc/built-in.o
  LD      drivers/scsi/built-in.o
  LD      drivers/soc/built-in.o
  LD      drivers/sound/built-in.o
  LD      drivers/spmi/built-in.o
  LD      drivers/sysreset/built-in.o
  CC      drivers/net/zynq_gem.o
  LD      drivers/thermal/built-in.o
  LD      drivers/tpm/built-in.o
  LD      drivers/video/bridge/built-in.o
  LD      drivers/video/sunxi/built-in.o
  LD      drivers/video/built-in.o
  LD      drivers/watchdog/built-in.o
  LD      drivers/built-in.o
  CC      drivers/net/phy/phy.o
  CC      common/xyzModem.o
  LD      drivers/net/built-in.o
  CC      drivers/mtd/spi/sf.o
  CC      drivers/net/phy/marvell.o
  LD      common/built-in.o
  LD      drivers/mtd/spi/built-in.o
  CC      drivers/net/phy/realtek.o
  CC      drivers/net/phy/xilinx_phy.o
  LD      drivers/pci/built-in.o
  LD      drivers/power/built-in.o
  LD      drivers/power/battery/built-in.o
  LD      drivers/power/domain/built-in.o
  LD      drivers/power/fuel_gauge/built-in.o
  LD      drivers/power/mfd/built-in.o
  LD      drivers/power/pmic/built-in.o
  LD      drivers/power/regulator/built-in.o
  CC      drivers/serial/serial-uclass.o
  CC      drivers/spi/spi-uclass.o
  CC      drivers/serial/arm_dcc.o
  CC      drivers/serial/serial_zynq.o
  LD      drivers/net/phy/built-in.o
  CC      drivers/usb/common/common.o
  LD      drivers/usb/dwc3/built-in.o
  LD      drivers/usb/emul/built-in.o
  LD      drivers/usb/eth/built-in.o
  CC      drivers/usb/gadget/epautoconf.o
  LD      drivers/usb/common/built-in.o
  CC      drivers/spi/zynq_qspi.o
  LD      drivers/usb/gadget/udc/built-in.o
  CC      drivers/usb/host/usb-uclass.o
  LD      drivers/serial/built-in.o
  CC      drivers/usb/gadget/config.o
  LD      drivers/usb/musb-new/built-in.o
  CC      drivers/usb/gadget/usbstring.o
  CC      drivers/usb/gadget/ci_udc.o
  CC      drivers/usb/gadget/g_dnl.o
  LD      drivers/spi/built-in.o
  LD      drivers/usb/musb/built-in.o
  LD      drivers/usb/phy/built-in.o
  CC      drivers/usb/gadget/f_thor.o
  CC      drivers/usb/host/ehci-hcd.o
  CC      drivers/usb/gadget/f_dfu.o
  CC      drivers/usb/ulpi/ulpi.o
  CC      drivers/usb/ulpi/ulpi-viewport.o
  DTC     arch/arm/dts/zynq-cc108.dtb
  DTC     arch/arm/dts/zynq-cse-nand.dtb
  DTC     arch/arm/dts/zynq-cse-nor.dtb
  DTC     arch/arm/dts/zynq-cse-qspi-parallel.dtb
  DTC     arch/arm/dts/zynq-cse-qspi-single.dtb
  DTC     arch/arm/dts/zynq-cse-qspi-stacked.dtb
  DTC     arch/arm/dts/zynq-cse-qspi-x1-single.dtb
  DTC     arch/arm/dts/zynq-cse-qspi-x1-stacked.dtb
  LD      drivers/usb/ulpi/built-in.o
  DTC     arch/arm/dts/zynq-cse-qspi-x2-single.dtb
  DTC     arch/arm/dts/zynq-cse-qspi-x2-stacked.dtb
  DTC     arch/arm/dts/zynq-microzed.dtb
  CC      drivers/usb/host/ehci-zynq.o
  DTC     arch/arm/dts/zynq-picozed.dtb
  LD      drivers/usb/gadget/built-in.o
  DTC     arch/arm/dts/zynq-syzygy-hub.dtb
  DTC     arch/arm/dts/zynq-topic-miami.dtb
  DTC     arch/arm/dts/zynq-topic-miamilite.dtb
  DTC     arch/arm/dts/zynq-topic-miamiplus.dtb
  DTC     arch/arm/dts/zynq-zc702.dtb
  CC      env/common.o
  CC      fs/fs.o
  DTC     arch/arm/dts/zynq-zc706.dtb
  DTC     arch/arm/dts/zynq-zc770-xm010.dtb
  DTC     arch/arm/dts/zynq-zc770-xm011.dtb
  DTC     arch/arm/dts/zynq-zc770-xm012.dtb
  LD      drivers/usb/host/built-in.o
  DTC     arch/arm/dts/zynq-zc770-xm013.dtb
  DTC     arch/arm/dts/zynq-zed.dtb
  DTC     arch/arm/dts/zynq-zturn-myir.dtb
  DTC     arch/arm/dts/zynq-zybo.dtb
  CC      lib/efi_loader/efi_image_loader.o
make[3]: 'arch/arm/dts/zynq-zed.dtb' is up to date.
  SHIPPED dts/dt.dtb
  DTB     dts/dt.dtb.S
  AS      dts/dt.dtb.o
  CC      env/env.o
  LD      dts/built-in.o
  CC      lib/efi_loader/efi_boottime.o
  CC      env/attr.o
  CC      fs/ext4/ext4fs.o
  CC      env/callback.o
  CC      env/flags.o
  CC      env/sf.o
  CC      fs/ext4/ext4_common.o
  CC      fs/fat/fat_write.o
  LD      env/built-in.o
  CC      fs/fs_internal.o
  CC      net/checksum.o
  CC      net/arp.o
  CC      lib/efi_loader/efi_runtime.o
  CC      net/bootp.o
  CC      lib/efi_loader/efi_console.o
  CC      net/eth-uclass.o
  CC      lib/efi_loader/efi_memory.o
  CC      lib/efi_loader/efi_device_path_to_text.o
  CC      net/eth_common.o
  CC      lib/efi_loader/efi_device_path.o
  LD      fs/fat/built-in.o
  CC      fs/ext4/dev.o
  CC      fs/ext4/ext4_write.o
  CC      net/net.o
  CC      lib/efi_loader/efi_file.o
  CC      net/nfs.o
  CC      lib/efi_loader/efi_variable.o
  CC      net/ping.o
  CC      fs/ext4/ext4_journal.o
  CC      lib/efi_loader/efi_bootmgr.o
  CC      lib/efi_loader/efi_watchdog.o
  CC      net/tftp.o
  CC      fs/ext4/crc16.o
  CC      lib/efi_loader/efi_disk.o
  LD      lib/efi_selftest/built-in.o
  CC      lib/libfdt/fdt.o
  CC      lib/efi_loader/efi_net.o
  LD      net/built-in.o
  CC      lib/libfdt/fdt_wip.o
  CC      lib/libfdt/fdt_strerror.o
  CC      lib/efi_loader/efi_smbios.o
  LD      fs/ext4/built-in.o
  CC      lib/libfdt/fdt_sw.o
  LD      fs/built-in.o
  LD      test/built-in.o
  CC      lib/libfdt/fdt_empty_tree.o
  CC      lib/rsa/rsa-verify.o
  CC      lib/rsa/rsa-checksum.o
  CC      lib/efi_loader/helloworld.o
  CC      lib/rsa/rsa-mod-exp.o
  LD      lib/efi_loader/built-in.o
  LD      lib/efi_loader/helloworld_efi.so
  OBJCOPY lib/efi_loader/helloworld.efi
rm lib/efi_loader/helloworld.o lib/efi_loader/helloworld_efi.so
  CC      lib/zlib/zlib.o
  CC      lib/libfdt/fdt_addresses.o
  CC      lib/libfdt/fdt_ro.o
  CC      lib/libfdt/fdt_rw.o
  LD      lib/rsa/built-in.o
  CC      lib/charset.o
  CC      test/dm/cmd_dm.o
  LD      test/dm/built-in.o
  CC      lib/crc7.o
  CC      lib/libfdt/fdt_region.o
  CC      lib/crc8.o
  CC      lib/crc16.o
  CC      lib/fdtdec_common.o
  CC      lib/smbios.o
  CC      lib/initcall.o
  CC      lib/lmb.o
  CC      lib/ldiv.o
  CC      lib/md5.o
  LD      lib/libfdt/built-in.o
  CC      lib/net_utils.o
  CC      lib/qsort.o
  CC      lib/rc4.o
  CC      lib/list_sort.o
  CC      lib/sha1.o
  CC      lib/sha256.o
  CC      lib/gunzip.o
  LD      lib/zlib/built-in.o
  CC      lib/fdtdec.o
  CC      lib/hashtable.o
  CC      lib/errno.o
  CC      lib/display_options.o
  CC      lib/crc32.o
  CC      lib/ctype.o
  CC      lib/div64.o
  CC      lib/hang.o
  CC      lib/linux_compat.o
  CC      lib/linux_string.o
  CC      lib/membuff.o
  CC      lib/slre.o
  CC      lib/string.o
  CC      lib/tables_csum.o
  CC      lib/time.o
  CC      lib/uuid.o
  CC      lib/rand.o
  CC      lib/vsprintf.o
  CC      lib/panic.o
  CC      lib/strto.o
  CC      lib/strmhz.o
  LD      lib/built-in.o
  CC      examples/standalone/stubs.o
  CC      examples/standalone/hello_world.o
  LD      examples/standalone/libstubs.o
  LD      examples/standalone/hello_world
  OBJCOPY examples/standalone/hello_world.srec
  OBJCOPY examples/standalone/hello_world.bin
  LD      u-boot
  OBJCOPY u-boot.srec
  OBJCOPY u-boot-nodtb.bin
  SYM     u-boot.sym
  COPY    u-boot.bin
make[3]: 'arch/arm/dts/zynq-zed.dtb' is up to date.
  FDTGREP dts/dt-spl.dtb
  MKIMAGE u-boot.img
  LD      spl/arch/arm/cpu/built-in.o
  CC      spl/arch/arm/cpu/armv7/cache_v7.o
  CC      spl/arch/arm/mach-zynq/timer.o
  CC      spl/board/xilinx/zynq/board.o
  AS      spl/arch/arm/lib/vectors.o
  AS      spl/arch/arm/lib/crt0.o
  AS      spl/arch/arm/lib/setjmp.o
  CC      spl/arch/arm/lib/spl.o
  AS      spl/arch/arm/cpu/armv7/cache_v7_asm.o
  CC      spl/arch/arm/cpu/armv7/cpu.o
  CC      spl/board/xilinx/zynq/zynq-zed/ps7_init_gpl.o
  CC      spl/arch/arm/lib/zimage.o
  CC      spl/arch/arm/mach-zynq/cpu.o
  CC      spl/arch/arm/cpu/armv7/cp15.o
  LD      spl/board/xilinx/zynq/built-in.o
  CC      spl/arch/arm/cpu/armv7/syslib.o
  CC      spl/arch/arm/lib/bootm-fdt.o
  CC      spl/arch/arm/mach-zynq/ddrc.o
  CC      spl/arch/arm/mach-zynq/slcr.o
  AS      spl/arch/arm/cpu/armv7/lowlevel_init.o
  AS      spl/arch/arm/cpu/armv7/start.o
  CC      spl/arch/arm/mach-zynq/clk.o
  AS      spl/arch/arm/lib/memset.o
  LD      spl/arch/arm/cpu/armv7/built-in.o
  AS      spl/arch/arm/lib/memcpy.o
  CC      spl/common/spl/spl.o
  CC      spl/arch/arm/lib/sections.o
  CC      spl/arch/arm/lib/stack.o
  CC      spl/arch/arm/lib/interrupts.o
  CC      spl/common/spl/spl_mmc.o
  AS      spl/arch/arm/mach-zynq/lowlevel_init.o
  CC      spl/arch/arm/mach-zynq/spl.o
  CC      spl/arch/arm/mach-zynq/ps7_spl_init.o
  CC      spl/arch/arm/lib/reset.o
  CC      spl/common/init/board_init.o
  LD      spl/arch/arm/mach-zynq/built-in.o
  CC      spl/arch/arm/lib/cache.o
  CC      spl/arch/arm/lib/cache-cp15.o
  CC      spl/common/spl/spl_fat.o
  LD      spl/common/init/built-in.o
  CC      spl/common/spl/spl_spi.o
  CC      spl/arch/arm/lib/psci-dt.o
  CC      spl/common/spl/spl_ram.o
  AS      spl/arch/arm/lib/ashldi3.o
  AS      spl/arch/arm/lib/ashrdi3.o
  CC      spl/common/fdt_support.o
  CC      spl/arch/arm/lib/div0.o
  AS      spl/arch/arm/lib/div64.o
  AS      spl/arch/arm/lib/lib1funcs.o
  LD      spl/common/spl/built-in.o
  CC      spl/common/console.o
  CC      spl/cmd/nvedit.o
  AS      spl/arch/arm/lib/lshrdi3.o
  AS      spl/arch/arm/lib/muldi3.o
  AS      spl/arch/arm/lib/uldivmod.o
  CC      spl/arch/arm/lib/eabi_compat.o
  AS      spl/arch/arm/lib/crt0_arm_efi.o
  CC      spl/arch/arm/lib/reloc_arm_efi.o
  LD      spl/arch/arm/lib/built-in.o
  LD      spl/cmd/built-in.o
  AR      spl/arch/arm/lib/lib.a
  CC      spl/env/common.o
  CC      spl/lib/libfdt/fdt.o
  CC      spl/common/dlmalloc.o
  CC      spl/env/env.o
  CC      spl/lib/libfdt/fdt_wip.o
  LD      spl/env/built-in.o
  CC      spl/lib/libfdt/fdt_strerror.o
  CC      spl/lib/libfdt/fdt_sw.o
  CC      spl/common/malloc_simple.o
  CC      spl/lib/libfdt/fdt_empty_tree.o
  CC      spl/disk/part.o
  CC      spl/disk/part_dos.o
  CC      spl/lib/libfdt/fdt_addresses.o
  CC      spl/lib/libfdt/fdt_ro.o
  CC      spl/common/image.o
  CC      spl/common/image-fdt.o
  CC      spl/disk/part_iso.o
  CC      spl/disk/part_efi.o
  CC      spl/common/memsize.o
  CC      spl/lib/libfdt/fdt_rw.o
  CC      spl/common/stdio.o
  CC      spl/drivers/block/blk-uclass.o
  CC      spl/common/cli.o
  CC      spl/common/dfu.o
  LD      spl/drivers/block/built-in.o
  CC      spl/drivers/clk/clk-uclass.o
  CC      spl/common/command.o
  LD      spl/disk/built-in.o
  CC      spl/lib/libfdt/fdt_region.o
  CC      spl/lib/rsa/rsa-mod-exp.o
  CC      spl/drivers/clk/clk_fixed_rate.o
  CC      spl/drivers/clk/clk_zynq.o
  CC      spl/common/s_record.o
  LD      spl/drivers/clk/tegra/built-in.o
  LD      spl/drivers/clk/built-in.o
  LD      spl/lib/rsa/built-in.o
  CC      spl/lib/sha1.o
  CC      spl/drivers/core/device.o
  CC      spl/common/xyzModem.o
  LD      spl/lib/libfdt/built-in.o
  CC      spl/drivers/core/fdtaddr.o
  CC      spl/drivers/core/lists.o
  LD      spl/common/built-in.o
  CC      spl/drivers/core/root.o
make[4]: 'arch/arm/dts/zynq-zed.dtb' is up to date.
  FDTGREP spl/dts/dt-spl.dtb
  DTB     spl/dts/dt-spl.dtb.S
  AS      spl/dts/dt-spl.dtb.o
  LD      spl/dts/built-in.o
  CC      spl/drivers/core/uclass.o
  CC      spl/fs/fat/fat_write.o
  CC      spl/lib/sha256.o
  CC      spl/drivers/core/util.o
  CC      spl/fs/fs_internal.o
  LDS     spl/u-boot-spl.lds
  CC      spl/drivers/core/simple-bus.o
  CC      spl/lib/fdtdec_common.o
  CC      spl/drivers/core/dump.o
  CC      spl/lib/fdtdec.o
  CC      spl/drivers/core/of_extra.o
  CC      spl/drivers/core/ofnode.o
  CC      spl/lib/hashtable.o
  CC      spl/drivers/core/read_extra.o
  CC      spl/lib/errno.o
  CC      spl/lib/display_options.o
  LD      spl/drivers/core/built-in.o
  CC      spl/drivers/mmc/mmc.o
  CC      spl/drivers/mtd/spi/sf-uclass.o
  CC      spl/drivers/mtd/spi/sf_probe.o
  LD      spl/fs/fat/built-in.o
  LD      spl/fs/built-in.o
  CC      spl/drivers/mtd/spi/spi_flash.o
  CC      spl/lib/crc32.o
  CC      spl/drivers/mtd/spi/spi_flash_ids.o
  CC      spl/lib/ctype.o
  CC      spl/lib/div64.o
  CC      spl/drivers/serial/serial-uclass.o
  CC      spl/drivers/serial/arm_dcc.o
  CC      spl/drivers/serial/serial_zynq.o
  LD      spl/drivers/serial/built-in.o
  CC      spl/lib/hang.o
  CC      spl/drivers/mtd/spi/sf.o
  CC      spl/drivers/spi/spi-uclass.o
  CC      spl/lib/linux_compat.o
  LD      spl/drivers/mtd/spi/built-in.o
  CC      spl/lib/linux_string.o
  CC      spl/drivers/spi/zynq_qspi.o
  CC      spl/lib/membuff.o
  CC      spl/drivers/mmc/mmc-uclass.o
  CC      spl/lib/slre.o
  CC      spl/lib/string.o
  CC      spl/drivers/mmc/sdhci.o
  LD      spl/drivers/spi/built-in.o
  CC      spl/drivers/mmc/zynq_sdhci.o
  CC      spl/lib/tables_csum.o
  CC      spl/lib/time.o
  CC      spl/lib/uuid.o
  CC      spl/lib/rand.o
  CC      spl/lib/vsprintf.o
  CC      spl/lib/panic.o
  CC      spl/lib/strto.o
  LD      spl/drivers/mmc/built-in.o
  LD      spl/drivers/built-in.o
  CC      spl/lib/strmhz.o
  LD      spl/lib/built-in.o
  LD      spl/u-boot-spl
  OBJCOPY spl/u-boot-spl-nodtb.bin
  COPY    spl/u-boot-spl.bin
  MKIMAGE spl/boot.bin
  CFGCHK  u-boot.cfg
make[1]: Leaving directory '/home/binh/work/pulpino-binh/fpga/sw/u-boot-xlnx'
cp u-boot-xlnx/u-boot ./sd_image/u-boot.elf
