The target system is: Linux-CXX -  - 
The host system is: Linux - 6.5.0-27-generic - x86_64
Compiling the C compiler identification source file "CMakeCCompilerId.c" succeeded.
Compiler: /opt/riscv/bin/riscv32-unknown-elf-gcc 
Build flags: -O3;-g
Id flags: 

The output was:
0


Compilation of the C compiler identification source "CMakeCCompilerId.c" produced "a.out"

The C compiler identification is GNU, found in "/home/binh/work/pulpino-binh/sw/bbuild/CMakeFiles/3.3.2/CompilerIdC/a.out"

Compiling the CXX compiler identification source file "CMakeCXXCompilerId.cpp" succeeded.
Compiler: /opt/riscv/bin/riscv32-unknown-elf-c++ 
Build flags: 
Id flags: 

The output was:
0


Compilation of the CXX compiler identification source "CMakeCXXCompilerId.cpp" produced "a.out"

The CXX compiler identification is GNU, found in "/home/binh/work/pulpino-binh/sw/bbuild/CMakeFiles/3.3.2/CompilerIdCXX/a.out"

Determining if the C compiler works passed with the following output:
Change Dir: /home/binh/work/pulpino-binh/sw/bbuild/CMakeFiles/CMakeTmp

Run Build Command:"/usr/bin/gmake" "cmTC_b15c6/fast"
/usr/bin/gmake -f CMakeFiles/cmTC_b15c6.dir/build.make CMakeFiles/cmTC_b15c6.dir/build
gmake[1]: Entering directory '/home/binh/work/pulpino-binh/sw/bbuild/CMakeFiles/CMakeTmp'
Building C object CMakeFiles/cmTC_b15c6.dir/testCCompiler.c.o
/opt/riscv/bin/riscv32-unknown-elf-gcc   -O3 -g    -o CMakeFiles/cmTC_b15c6.dir/testCCompiler.c.o   -c /home/binh/work/pulpino-binh/sw/bbuild/CMakeFiles/CMakeTmp/testCCompiler.c
Linking C executable cmTC_b15c6
/home/binh/Downloads/vivado-2018.3/SDK/2018.3/tps/lnx64/cmake-3.3.2/bin/cmake -E cmake_link_script CMakeFiles/cmTC_b15c6.dir/link.txt --verbose=1
/opt/riscv/bin/riscv32-unknown-elf-gcc  -O3 -g     CMakeFiles/cmTC_b15c6.dir/testCCompiler.c.o  -o cmTC_b15c6  
gmake[1]: Leaving directory '/home/binh/work/pulpino-binh/sw/bbuild/CMakeFiles/CMakeTmp'


Detecting C compiler ABI info compiled with the following output:
Change Dir: /home/binh/work/pulpino-binh/sw/bbuild/CMakeFiles/CMakeTmp

Run Build Command:"/usr/bin/gmake" "cmTC_4a41e/fast"
/usr/bin/gmake -f CMakeFiles/cmTC_4a41e.dir/build.make CMakeFiles/cmTC_4a41e.dir/build
gmake[1]: Entering directory '/home/binh/work/pulpino-binh/sw/bbuild/CMakeFiles/CMakeTmp'
Building C object CMakeFiles/cmTC_4a41e.dir/CMakeCCompilerABI.c.o
/opt/riscv/bin/riscv32-unknown-elf-gcc   -O3 -g    -o CMakeFiles/cmTC_4a41e.dir/CMakeCCompilerABI.c.o   -c /home/binh/Downloads/vivado-2018.3/SDK/2018.3/tps/lnx64/cmake-3.3.2/share/cmake-3.3/Modules/CMakeCCompilerABI.c
Linking C executable cmTC_4a41e
/home/binh/Downloads/vivado-2018.3/SDK/2018.3/tps/lnx64/cmake-3.3.2/bin/cmake -E cmake_link_script CMakeFiles/cmTC_4a41e.dir/link.txt --verbose=1
/opt/riscv/bin/riscv32-unknown-elf-gcc  -O3 -g    -v CMakeFiles/cmTC_4a41e.dir/CMakeCCompilerABI.c.o  -o cmTC_4a41e   
Using built-in specs.
COLLECT_GCC=/opt/riscv/bin/riscv32-unknown-elf-gcc
COLLECT_LTO_WRAPPER=/opt/riscv/libexec/gcc/riscv32-unknown-elf/12.2.0/lto-wrapper
Target: riscv32-unknown-elf
Configured with: /home/binh/riscv-gnu-toolchain/gcc/configure --target=riscv32-unknown-elf --prefix=/opt/riscv --disable-shared --disable-threads --enable-languages=c,c++ --with-pkgversion=g2ee5e430018 --with-system-zlib --enable-tls --with-newlib --with-sysroot=/opt/riscv/riscv32-unknown-elf --with-native-system-header-dir=/include --disable-libmudflap --disable-libssp --disable-libquadmath --disable-libgomp --disable-nls --disable-tm-clone-registry --src=.././gcc --disable-multilib --with-abi=ilp32 --with-arch=rv32gc --with-tune=rocket --with-isa-spec=20191213 'CFLAGS_FOR_TARGET=-Os    -mcmodel=medlow' 'CXXFLAGS_FOR_TARGET=-Os    -mcmodel=medlow'
Thread model: single
Supported LTO compression algorithms: zlib
gcc version 12.2.0 (g2ee5e430018) 
COMPILER_PATH=/opt/riscv/libexec/gcc/riscv32-unknown-elf/12.2.0/:/opt/riscv/libexec/gcc/riscv32-unknown-elf/12.2.0/:/opt/riscv/libexec/gcc/riscv32-unknown-elf/:/opt/riscv/lib/gcc/riscv32-unknown-elf/12.2.0/:/opt/riscv/lib/gcc/riscv32-unknown-elf/:/opt/riscv/lib/gcc/riscv32-unknown-elf/12.2.0/../../../../riscv32-unknown-elf/bin/
LIBRARY_PATH=/opt/riscv/lib/gcc/riscv32-unknown-elf/12.2.0/:/opt/riscv/lib/gcc/riscv32-unknown-elf/12.2.0/../../../../riscv32-unknown-elf/lib/:/opt/riscv/riscv32-unknown-elf/lib/
COLLECT_GCC_OPTIONS='-O3' '-g' '-v' '-o' 'cmTC_4a41e' '-mtune=rocket' '-march=rv32imafdc_zicsr_zifencei' '-mabi=ilp32' '-misa-spec=20191213' '-march=rv32imafdc_zicsr_zifencei' '-dumpdir' 'cmTC_4a41e.'
 /opt/riscv/libexec/gcc/riscv32-unknown-elf/12.2.0/collect2 -plugin /opt/riscv/libexec/gcc/riscv32-unknown-elf/12.2.0/liblto_plugin.so -plugin-opt=/opt/riscv/libexec/gcc/riscv32-unknown-elf/12.2.0/lto-wrapper -plugin-opt=-fresolution=/tmp/cc1KbQXv.res -plugin-opt=-pass-through=-lgcc -plugin-opt=-pass-through=-lc -plugin-opt=-pass-through=-lgloss -plugin-opt=-pass-through=-lgcc --sysroot=/opt/riscv/riscv32-unknown-elf -melf32lriscv -o cmTC_4a41e /opt/riscv/lib/gcc/riscv32-unknown-elf/12.2.0/../../../../riscv32-unknown-elf/lib/crt0.o /opt/riscv/lib/gcc/riscv32-unknown-elf/12.2.0/crtbegin.o -L/opt/riscv/lib/gcc/riscv32-unknown-elf/12.2.0 -L/opt/riscv/lib/gcc/riscv32-unknown-elf/12.2.0/../../../../riscv32-unknown-elf/lib -L/opt/riscv/riscv32-unknown-elf/lib CMakeFiles/cmTC_4a41e.dir/CMakeCCompilerABI.c.o -lgcc --start-group -lc -lgloss --end-group -lgcc /opt/riscv/lib/gcc/riscv32-unknown-elf/12.2.0/crtend.o
COLLECT_GCC_OPTIONS='-O3' '-g' '-v' '-o' 'cmTC_4a41e' '-mtune=rocket' '-march=rv32imafdc_zicsr_zifencei' '-mabi=ilp32' '-misa-spec=20191213' '-march=rv32imafdc_zicsr_zifencei' '-dumpdir' 'cmTC_4a41e.'
gmake[1]: Leaving directory '/home/binh/work/pulpino-binh/sw/bbuild/CMakeFiles/CMakeTmp'


Parsed C implicit link information from above output:
  link line regex: [^( *|.*[/\])(riscv32-unknown-elf-ld|([^/\]+-)?ld|collect2)[^/\]*( |$)]
  ignore line: [Change Dir: /home/binh/work/pulpino-binh/sw/bbuild/CMakeFiles/CMakeTmp]
  ignore line: []
  ignore line: [Run Build Command:"/usr/bin/gmake" "cmTC_4a41e/fast"]
  ignore line: [/usr/bin/gmake -f CMakeFiles/cmTC_4a41e.dir/build.make CMakeFiles/cmTC_4a41e.dir/build]
  ignore line: [gmake[1]: Entering directory '/home/binh/work/pulpino-binh/sw/bbuild/CMakeFiles/CMakeTmp']
  ignore line: [Building C object CMakeFiles/cmTC_4a41e.dir/CMakeCCompilerABI.c.o]
  ignore line: [/opt/riscv/bin/riscv32-unknown-elf-gcc   -O3 -g    -o CMakeFiles/cmTC_4a41e.dir/CMakeCCompilerABI.c.o   -c /home/binh/Downloads/vivado-2018.3/SDK/2018.3/tps/lnx64/cmake-3.3.2/share/cmake-3.3/Modules/CMakeCCompilerABI.c]
  ignore line: [Linking C executable cmTC_4a41e]
  ignore line: [/home/binh/Downloads/vivado-2018.3/SDK/2018.3/tps/lnx64/cmake-3.3.2/bin/cmake -E cmake_link_script CMakeFiles/cmTC_4a41e.dir/link.txt --verbose=1]
  ignore line: [/opt/riscv/bin/riscv32-unknown-elf-gcc  -O3 -g    -v CMakeFiles/cmTC_4a41e.dir/CMakeCCompilerABI.c.o  -o cmTC_4a41e   ]
  ignore line: [Using built-in specs.]
  ignore line: [COLLECT_GCC=/opt/riscv/bin/riscv32-unknown-elf-gcc]
  ignore line: [COLLECT_LTO_WRAPPER=/opt/riscv/libexec/gcc/riscv32-unknown-elf/12.2.0/lto-wrapper]
  ignore line: [Target: riscv32-unknown-elf]
  ignore line: [Configured with: /home/binh/riscv-gnu-toolchain/gcc/configure --target=riscv32-unknown-elf --prefix=/opt/riscv --disable-shared --disable-threads --enable-languages=c,c++ --with-pkgversion=g2ee5e430018 --with-system-zlib --enable-tls --with-newlib --with-sysroot=/opt/riscv/riscv32-unknown-elf --with-native-system-header-dir=/include --disable-libmudflap --disable-libssp --disable-libquadmath --disable-libgomp --disable-nls --disable-tm-clone-registry --src=.././gcc --disable-multilib --with-abi=ilp32 --with-arch=rv32gc --with-tune=rocket --with-isa-spec=20191213 'CFLAGS_FOR_TARGET=-Os    -mcmodel=medlow' 'CXXFLAGS_FOR_TARGET=-Os    -mcmodel=medlow']
  ignore line: [Thread model: single]
  ignore line: [Supported LTO compression algorithms: zlib]
  ignore line: [gcc version 12.2.0 (g2ee5e430018) ]
  ignore line: [COMPILER_PATH=/opt/riscv/libexec/gcc/riscv32-unknown-elf/12.2.0/:/opt/riscv/libexec/gcc/riscv32-unknown-elf/12.2.0/:/opt/riscv/libexec/gcc/riscv32-unknown-elf/:/opt/riscv/lib/gcc/riscv32-unknown-elf/12.2.0/:/opt/riscv/lib/gcc/riscv32-unknown-elf/:/opt/riscv/lib/gcc/riscv32-unknown-elf/12.2.0/../../../../riscv32-unknown-elf/bin/]
  ignore line: [LIBRARY_PATH=/opt/riscv/lib/gcc/riscv32-unknown-elf/12.2.0/:/opt/riscv/lib/gcc/riscv32-unknown-elf/12.2.0/../../../../riscv32-unknown-elf/lib/:/opt/riscv/riscv32-unknown-elf/lib/]
  ignore line: [COLLECT_GCC_OPTIONS='-O3' '-g' '-v' '-o' 'cmTC_4a41e' '-mtune=rocket' '-march=rv32imafdc_zicsr_zifencei' '-mabi=ilp32' '-misa-spec=20191213' '-march=rv32imafdc_zicsr_zifencei' '-dumpdir' 'cmTC_4a41e.']
  link line: [ /opt/riscv/libexec/gcc/riscv32-unknown-elf/12.2.0/collect2 -plugin /opt/riscv/libexec/gcc/riscv32-unknown-elf/12.2.0/liblto_plugin.so -plugin-opt=/opt/riscv/libexec/gcc/riscv32-unknown-elf/12.2.0/lto-wrapper -plugin-opt=-fresolution=/tmp/cc1KbQXv.res -plugin-opt=-pass-through=-lgcc -plugin-opt=-pass-through=-lc -plugin-opt=-pass-through=-lgloss -plugin-opt=-pass-through=-lgcc --sysroot=/opt/riscv/riscv32-unknown-elf -melf32lriscv -o cmTC_4a41e /opt/riscv/lib/gcc/riscv32-unknown-elf/12.2.0/../../../../riscv32-unknown-elf/lib/crt0.o /opt/riscv/lib/gcc/riscv32-unknown-elf/12.2.0/crtbegin.o -L/opt/riscv/lib/gcc/riscv32-unknown-elf/12.2.0 -L/opt/riscv/lib/gcc/riscv32-unknown-elf/12.2.0/../../../../riscv32-unknown-elf/lib -L/opt/riscv/riscv32-unknown-elf/lib CMakeFiles/cmTC_4a41e.dir/CMakeCCompilerABI.c.o -lgcc --start-group -lc -lgloss --end-group -lgcc /opt/riscv/lib/gcc/riscv32-unknown-elf/12.2.0/crtend.o]
    arg [/opt/riscv/libexec/gcc/riscv32-unknown-elf/12.2.0/collect2] ==> ignore
    arg [-plugin] ==> ignore
    arg [/opt/riscv/libexec/gcc/riscv32-unknown-elf/12.2.0/liblto_plugin.so] ==> ignore
    arg [-plugin-opt=/opt/riscv/libexec/gcc/riscv32-unknown-elf/12.2.0/lto-wrapper] ==> ignore
    arg [-plugin-opt=-fresolution=/tmp/cc1KbQXv.res] ==> ignore
    arg [-plugin-opt=-pass-through=-lgcc] ==> ignore
    arg [-plugin-opt=-pass-through=-lc] ==> ignore
    arg [-plugin-opt=-pass-through=-lgloss] ==> ignore
    arg [-plugin-opt=-pass-through=-lgcc] ==> ignore
    arg [--sysroot=/opt/riscv/riscv32-unknown-elf] ==> ignore
    arg [-melf32lriscv] ==> ignore
    arg [-o] ==> ignore
    arg [cmTC_4a41e] ==> ignore
    arg [/opt/riscv/lib/gcc/riscv32-unknown-elf/12.2.0/../../../../riscv32-unknown-elf/lib/crt0.o] ==> ignore
    arg [/opt/riscv/lib/gcc/riscv32-unknown-elf/12.2.0/crtbegin.o] ==> ignore
    arg [-L/opt/riscv/lib/gcc/riscv32-unknown-elf/12.2.0] ==> dir [/opt/riscv/lib/gcc/riscv32-unknown-elf/12.2.0]
    arg [-L/opt/riscv/lib/gcc/riscv32-unknown-elf/12.2.0/../../../../riscv32-unknown-elf/lib] ==> dir [/opt/riscv/lib/gcc/riscv32-unknown-elf/12.2.0/../../../../riscv32-unknown-elf/lib]
    arg [-L/opt/riscv/riscv32-unknown-elf/lib] ==> dir [/opt/riscv/riscv32-unknown-elf/lib]
    arg [CMakeFiles/cmTC_4a41e.dir/CMakeCCompilerABI.c.o] ==> ignore
    arg [-lgcc] ==> lib [gcc]
    arg [--start-group] ==> ignore
    arg [-lc] ==> lib [c]
    arg [-lgloss] ==> lib [gloss]
    arg [--end-group] ==> ignore
    arg [-lgcc] ==> lib [gcc]
    arg [/opt/riscv/lib/gcc/riscv32-unknown-elf/12.2.0/crtend.o] ==> ignore
  remove lib [gcc]
  remove lib [gcc]
  collapse library dir [/opt/riscv/lib/gcc/riscv32-unknown-elf/12.2.0] ==> [/opt/riscv/lib/gcc/riscv32-unknown-elf/12.2.0]
  collapse library dir [/opt/riscv/lib/gcc/riscv32-unknown-elf/12.2.0/../../../../riscv32-unknown-elf/lib] ==> [/opt/riscv/riscv32-unknown-elf/lib]
  collapse library dir [/opt/riscv/riscv32-unknown-elf/lib] ==> [/opt/riscv/riscv32-unknown-elf/lib]
  implicit libs: [c;gloss]
  implicit dirs: [/opt/riscv/lib/gcc/riscv32-unknown-elf/12.2.0;/opt/riscv/riscv32-unknown-elf/lib]
  implicit fwks: []




Detecting C [-std=c11] compiler features compiled with the following output:
Change Dir: /home/binh/work/pulpino-binh/sw/bbuild/CMakeFiles/CMakeTmp

Run Build Command:"/usr/bin/gmake" "cmTC_6775d/fast"
/usr/bin/gmake -f CMakeFiles/cmTC_6775d.dir/build.make CMakeFiles/cmTC_6775d.dir/build
gmake[1]: Entering directory '/home/binh/work/pulpino-binh/sw/bbuild/CMakeFiles/CMakeTmp'
Building C object CMakeFiles/cmTC_6775d.dir/feature_tests.c.o
/opt/riscv/bin/riscv32-unknown-elf-gcc   -O3 -g    -std=c11 -o CMakeFiles/cmTC_6775d.dir/feature_tests.c.o   -c /home/binh/work/pulpino-binh/sw/bbuild/CMakeFiles/feature_tests.c
Linking C executable cmTC_6775d
/home/binh/Downloads/vivado-2018.3/SDK/2018.3/tps/lnx64/cmake-3.3.2/bin/cmake -E cmake_link_script CMakeFiles/cmTC_6775d.dir/link.txt --verbose=1
/opt/riscv/bin/riscv32-unknown-elf-gcc  -O3 -g     CMakeFiles/cmTC_6775d.dir/feature_tests.c.o  -o cmTC_6775d  
gmake[1]: Leaving directory '/home/binh/work/pulpino-binh/sw/bbuild/CMakeFiles/CMakeTmp'


    Feature record: C_FEATURE:1c_function_prototypes
    Feature record: C_FEATURE:1c_restrict
    Feature record: C_FEATURE:1c_static_assert
    Feature record: C_FEATURE:1c_variadic_macros


Detecting C [-std=c99] compiler features compiled with the following output:
Change Dir: /home/binh/work/pulpino-binh/sw/bbuild/CMakeFiles/CMakeTmp

Run Build Command:"/usr/bin/gmake" "cmTC_b4afa/fast"
/usr/bin/gmake -f CMakeFiles/cmTC_b4afa.dir/build.make CMakeFiles/cmTC_b4afa.dir/build
gmake[1]: Entering directory '/home/binh/work/pulpino-binh/sw/bbuild/CMakeFiles/CMakeTmp'
Building C object CMakeFiles/cmTC_b4afa.dir/feature_tests.c.o
/opt/riscv/bin/riscv32-unknown-elf-gcc   -O3 -g    -std=c99 -o CMakeFiles/cmTC_b4afa.dir/feature_tests.c.o   -c /home/binh/work/pulpino-binh/sw/bbuild/CMakeFiles/feature_tests.c
Linking C executable cmTC_b4afa
/home/binh/Downloads/vivado-2018.3/SDK/2018.3/tps/lnx64/cmake-3.3.2/bin/cmake -E cmake_link_script CMakeFiles/cmTC_b4afa.dir/link.txt --verbose=1
/opt/riscv/bin/riscv32-unknown-elf-gcc  -O3 -g     CMakeFiles/cmTC_b4afa.dir/feature_tests.c.o  -o cmTC_b4afa  
gmake[1]: Leaving directory '/home/binh/work/pulpino-binh/sw/bbuild/CMakeFiles/CMakeTmp'


    Feature record: C_FEATURE:1c_function_prototypes
    Feature record: C_FEATURE:1c_restrict
    Feature record: C_FEATURE:0c_static_assert
    Feature record: C_FEATURE:1c_variadic_macros


Detecting C [-std=c90] compiler features compiled with the following output:
Change Dir: /home/binh/work/pulpino-binh/sw/bbuild/CMakeFiles/CMakeTmp

Run Build Command:"/usr/bin/gmake" "cmTC_86127/fast"
/usr/bin/gmake -f CMakeFiles/cmTC_86127.dir/build.make CMakeFiles/cmTC_86127.dir/build
gmake[1]: Entering directory '/home/binh/work/pulpino-binh/sw/bbuild/CMakeFiles/CMakeTmp'
Building C object CMakeFiles/cmTC_86127.dir/feature_tests.c.o
/opt/riscv/bin/riscv32-unknown-elf-gcc   -O3 -g    -std=c90 -o CMakeFiles/cmTC_86127.dir/feature_tests.c.o   -c /home/binh/work/pulpino-binh/sw/bbuild/CMakeFiles/feature_tests.c
Linking C executable cmTC_86127
/home/binh/Downloads/vivado-2018.3/SDK/2018.3/tps/lnx64/cmake-3.3.2/bin/cmake -E cmake_link_script CMakeFiles/cmTC_86127.dir/link.txt --verbose=1
/opt/riscv/bin/riscv32-unknown-elf-gcc  -O3 -g     CMakeFiles/cmTC_86127.dir/feature_tests.c.o  -o cmTC_86127  
gmake[1]: Leaving directory '/home/binh/work/pulpino-binh/sw/bbuild/CMakeFiles/CMakeTmp'


    Feature record: C_FEATURE:1c_function_prototypes
    Feature record: C_FEATURE:0c_restrict
    Feature record: C_FEATURE:0c_static_assert
    Feature record: C_FEATURE:0c_variadic_macros
Determining if the CXX compiler works passed with the following output:
Change Dir: /home/binh/work/pulpino-binh/sw/bbuild/CMakeFiles/CMakeTmp

Run Build Command:"/usr/bin/gmake" "cmTC_b516c/fast"
/usr/bin/gmake -f CMakeFiles/cmTC_b516c.dir/build.make CMakeFiles/cmTC_b516c.dir/build
gmake[1]: Entering directory '/home/binh/work/pulpino-binh/sw/bbuild/CMakeFiles/CMakeTmp'
Building CXX object CMakeFiles/cmTC_b516c.dir/testCXXCompiler.cxx.o
/opt/riscv/bin/riscv32-unknown-elf-c++     -o CMakeFiles/cmTC_b516c.dir/testCXXCompiler.cxx.o -c /home/binh/work/pulpino-binh/sw/bbuild/CMakeFiles/CMakeTmp/testCXXCompiler.cxx
Linking CXX executable cmTC_b516c
/home/binh/Downloads/vivado-2018.3/SDK/2018.3/tps/lnx64/cmake-3.3.2/bin/cmake -E cmake_link_script CMakeFiles/cmTC_b516c.dir/link.txt --verbose=1
/opt/riscv/bin/riscv32-unknown-elf-c++        CMakeFiles/cmTC_b516c.dir/testCXXCompiler.cxx.o  -o cmTC_b516c  
gmake[1]: Leaving directory '/home/binh/work/pulpino-binh/sw/bbuild/CMakeFiles/CMakeTmp'


Detecting CXX compiler ABI info compiled with the following output:
Change Dir: /home/binh/work/pulpino-binh/sw/bbuild/CMakeFiles/CMakeTmp

Run Build Command:"/usr/bin/gmake" "cmTC_b8f2c/fast"
/usr/bin/gmake -f CMakeFiles/cmTC_b8f2c.dir/build.make CMakeFiles/cmTC_b8f2c.dir/build
gmake[1]: Entering directory '/home/binh/work/pulpino-binh/sw/bbuild/CMakeFiles/CMakeTmp'
Building CXX object CMakeFiles/cmTC_b8f2c.dir/CMakeCXXCompilerABI.cpp.o
/opt/riscv/bin/riscv32-unknown-elf-c++     -o CMakeFiles/cmTC_b8f2c.dir/CMakeCXXCompilerABI.cpp.o -c /home/binh/Downloads/vivado-2018.3/SDK/2018.3/tps/lnx64/cmake-3.3.2/share/cmake-3.3/Modules/CMakeCXXCompilerABI.cpp
Linking CXX executable cmTC_b8f2c
/home/binh/Downloads/vivado-2018.3/SDK/2018.3/tps/lnx64/cmake-3.3.2/bin/cmake -E cmake_link_script CMakeFiles/cmTC_b8f2c.dir/link.txt --verbose=1
/opt/riscv/bin/riscv32-unknown-elf-c++       -v CMakeFiles/cmTC_b8f2c.dir/CMakeCXXCompilerABI.cpp.o  -o cmTC_b8f2c   
Using built-in specs.
COLLECT_GCC=/opt/riscv/bin/riscv32-unknown-elf-c++
COLLECT_LTO_WRAPPER=/opt/riscv/libexec/gcc/riscv32-unknown-elf/12.2.0/lto-wrapper
Target: riscv32-unknown-elf
Configured with: /home/binh/riscv-gnu-toolchain/gcc/configure --target=riscv32-unknown-elf --prefix=/opt/riscv --disable-shared --disable-threads --enable-languages=c,c++ --with-pkgversion=g2ee5e430018 --with-system-zlib --enable-tls --with-newlib --with-sysroot=/opt/riscv/riscv32-unknown-elf --with-native-system-header-dir=/include --disable-libmudflap --disable-libssp --disable-libquadmath --disable-libgomp --disable-nls --disable-tm-clone-registry --src=.././gcc --disable-multilib --with-abi=ilp32 --with-arch=rv32gc --with-tune=rocket --with-isa-spec=20191213 'CFLAGS_FOR_TARGET=-Os    -mcmodel=medlow' 'CXXFLAGS_FOR_TARGET=-Os    -mcmodel=medlow'
Thread model: single
Supported LTO compression algorithms: zlib
gcc version 12.2.0 (g2ee5e430018) 
COMPILER_PATH=/opt/riscv/libexec/gcc/riscv32-unknown-elf/12.2.0/:/opt/riscv/libexec/gcc/riscv32-unknown-elf/12.2.0/:/opt/riscv/libexec/gcc/riscv32-unknown-elf/:/opt/riscv/lib/gcc/riscv32-unknown-elf/12.2.0/:/opt/riscv/lib/gcc/riscv32-unknown-elf/:/opt/riscv/lib/gcc/riscv32-unknown-elf/12.2.0/../../../../riscv32-unknown-elf/bin/
LIBRARY_PATH=/opt/riscv/lib/gcc/riscv32-unknown-elf/12.2.0/:/opt/riscv/lib/gcc/riscv32-unknown-elf/12.2.0/../../../../riscv32-unknown-elf/lib/:/opt/riscv/riscv32-unknown-elf/lib/
COLLECT_GCC_OPTIONS='-v' '-o' 'cmTC_b8f2c' '-mtune=rocket' '-march=rv32imafdc_zicsr_zifencei' '-mabi=ilp32' '-misa-spec=20191213' '-march=rv32imafdc_zicsr_zifencei' '-dumpdir' 'cmTC_b8f2c.'
 /opt/riscv/libexec/gcc/riscv32-unknown-elf/12.2.0/collect2 -plugin /opt/riscv/libexec/gcc/riscv32-unknown-elf/12.2.0/liblto_plugin.so -plugin-opt=/opt/riscv/libexec/gcc/riscv32-unknown-elf/12.2.0/lto-wrapper -plugin-opt=-fresolution=/tmp/ccMfQtJY.res -plugin-opt=-pass-through=-lgcc -plugin-opt=-pass-through=-lc -plugin-opt=-pass-through=-lgloss -plugin-opt=-pass-through=-lgcc --sysroot=/opt/riscv/riscv32-unknown-elf -melf32lriscv -o cmTC_b8f2c /opt/riscv/lib/gcc/riscv32-unknown-elf/12.2.0/../../../../riscv32-unknown-elf/lib/crt0.o /opt/riscv/lib/gcc/riscv32-unknown-elf/12.2.0/crtbegin.o -L/opt/riscv/lib/gcc/riscv32-unknown-elf/12.2.0 -L/opt/riscv/lib/gcc/riscv32-unknown-elf/12.2.0/../../../../riscv32-unknown-elf/lib -L/opt/riscv/riscv32-unknown-elf/lib CMakeFiles/cmTC_b8f2c.dir/CMakeCXXCompilerABI.cpp.o -lstdc++ -lm -lgcc --start-group -lc -lgloss --end-group -lgcc /opt/riscv/lib/gcc/riscv32-unknown-elf/12.2.0/crtend.o
COLLECT_GCC_OPTIONS='-v' '-o' 'cmTC_b8f2c' '-mtune=rocket' '-march=rv32imafdc_zicsr_zifencei' '-mabi=ilp32' '-misa-spec=20191213' '-march=rv32imafdc_zicsr_zifencei' '-dumpdir' 'cmTC_b8f2c.'
gmake[1]: Leaving directory '/home/binh/work/pulpino-binh/sw/bbuild/CMakeFiles/CMakeTmp'


Parsed CXX implicit link information from above output:
  link line regex: [^( *|.*[/\])(riscv32-unknown-elf-ld|([^/\]+-)?ld|collect2)[^/\]*( |$)]
  ignore line: [Change Dir: /home/binh/work/pulpino-binh/sw/bbuild/CMakeFiles/CMakeTmp]
  ignore line: []
  ignore line: [Run Build Command:"/usr/bin/gmake" "cmTC_b8f2c/fast"]
  ignore line: [/usr/bin/gmake -f CMakeFiles/cmTC_b8f2c.dir/build.make CMakeFiles/cmTC_b8f2c.dir/build]
  ignore line: [gmake[1]: Entering directory '/home/binh/work/pulpino-binh/sw/bbuild/CMakeFiles/CMakeTmp']
  ignore line: [Building CXX object CMakeFiles/cmTC_b8f2c.dir/CMakeCXXCompilerABI.cpp.o]
  ignore line: [/opt/riscv/bin/riscv32-unknown-elf-c++     -o CMakeFiles/cmTC_b8f2c.dir/CMakeCXXCompilerABI.cpp.o -c /home/binh/Downloads/vivado-2018.3/SDK/2018.3/tps/lnx64/cmake-3.3.2/share/cmake-3.3/Modules/CMakeCXXCompilerABI.cpp]
  ignore line: [Linking CXX executable cmTC_b8f2c]
  ignore line: [/home/binh/Downloads/vivado-2018.3/SDK/2018.3/tps/lnx64/cmake-3.3.2/bin/cmake -E cmake_link_script CMakeFiles/cmTC_b8f2c.dir/link.txt --verbose=1]
  ignore line: [/opt/riscv/bin/riscv32-unknown-elf-c++       -v CMakeFiles/cmTC_b8f2c.dir/CMakeCXXCompilerABI.cpp.o  -o cmTC_b8f2c   ]
  ignore line: [Using built-in specs.]
  ignore line: [COLLECT_GCC=/opt/riscv/bin/riscv32-unknown-elf-c++]
  ignore line: [COLLECT_LTO_WRAPPER=/opt/riscv/libexec/gcc/riscv32-unknown-elf/12.2.0/lto-wrapper]
  ignore line: [Target: riscv32-unknown-elf]
  ignore line: [Configured with: /home/binh/riscv-gnu-toolchain/gcc/configure --target=riscv32-unknown-elf --prefix=/opt/riscv --disable-shared --disable-threads --enable-languages=c,c++ --with-pkgversion=g2ee5e430018 --with-system-zlib --enable-tls --with-newlib --with-sysroot=/opt/riscv/riscv32-unknown-elf --with-native-system-header-dir=/include --disable-libmudflap --disable-libssp --disable-libquadmath --disable-libgomp --disable-nls --disable-tm-clone-registry --src=.././gcc --disable-multilib --with-abi=ilp32 --with-arch=rv32gc --with-tune=rocket --with-isa-spec=20191213 'CFLAGS_FOR_TARGET=-Os    -mcmodel=medlow' 'CXXFLAGS_FOR_TARGET=-Os    -mcmodel=medlow']
  ignore line: [Thread model: single]
  ignore line: [Supported LTO compression algorithms: zlib]
  ignore line: [gcc version 12.2.0 (g2ee5e430018) ]
  ignore line: [COMPILER_PATH=/opt/riscv/libexec/gcc/riscv32-unknown-elf/12.2.0/:/opt/riscv/libexec/gcc/riscv32-unknown-elf/12.2.0/:/opt/riscv/libexec/gcc/riscv32-unknown-elf/:/opt/riscv/lib/gcc/riscv32-unknown-elf/12.2.0/:/opt/riscv/lib/gcc/riscv32-unknown-elf/:/opt/riscv/lib/gcc/riscv32-unknown-elf/12.2.0/../../../../riscv32-unknown-elf/bin/]
  ignore line: [LIBRARY_PATH=/opt/riscv/lib/gcc/riscv32-unknown-elf/12.2.0/:/opt/riscv/lib/gcc/riscv32-unknown-elf/12.2.0/../../../../riscv32-unknown-elf/lib/:/opt/riscv/riscv32-unknown-elf/lib/]
  ignore line: [COLLECT_GCC_OPTIONS='-v' '-o' 'cmTC_b8f2c' '-mtune=rocket' '-march=rv32imafdc_zicsr_zifencei' '-mabi=ilp32' '-misa-spec=20191213' '-march=rv32imafdc_zicsr_zifencei' '-dumpdir' 'cmTC_b8f2c.']
  link line: [ /opt/riscv/libexec/gcc/riscv32-unknown-elf/12.2.0/collect2 -plugin /opt/riscv/libexec/gcc/riscv32-unknown-elf/12.2.0/liblto_plugin.so -plugin-opt=/opt/riscv/libexec/gcc/riscv32-unknown-elf/12.2.0/lto-wrapper -plugin-opt=-fresolution=/tmp/ccMfQtJY.res -plugin-opt=-pass-through=-lgcc -plugin-opt=-pass-through=-lc -plugin-opt=-pass-through=-lgloss -plugin-opt=-pass-through=-lgcc --sysroot=/opt/riscv/riscv32-unknown-elf -melf32lriscv -o cmTC_b8f2c /opt/riscv/lib/gcc/riscv32-unknown-elf/12.2.0/../../../../riscv32-unknown-elf/lib/crt0.o /opt/riscv/lib/gcc/riscv32-unknown-elf/12.2.0/crtbegin.o -L/opt/riscv/lib/gcc/riscv32-unknown-elf/12.2.0 -L/opt/riscv/lib/gcc/riscv32-unknown-elf/12.2.0/../../../../riscv32-unknown-elf/lib -L/opt/riscv/riscv32-unknown-elf/lib CMakeFiles/cmTC_b8f2c.dir/CMakeCXXCompilerABI.cpp.o -lstdc++ -lm -lgcc --start-group -lc -lgloss --end-group -lgcc /opt/riscv/lib/gcc/riscv32-unknown-elf/12.2.0/crtend.o]
    arg [/opt/riscv/libexec/gcc/riscv32-unknown-elf/12.2.0/collect2] ==> ignore
    arg [-plugin] ==> ignore
    arg [/opt/riscv/libexec/gcc/riscv32-unknown-elf/12.2.0/liblto_plugin.so] ==> ignore
    arg [-plugin-opt=/opt/riscv/libexec/gcc/riscv32-unknown-elf/12.2.0/lto-wrapper] ==> ignore
    arg [-plugin-opt=-fresolution=/tmp/ccMfQtJY.res] ==> ignore
    arg [-plugin-opt=-pass-through=-lgcc] ==> ignore
    arg [-plugin-opt=-pass-through=-lc] ==> ignore
    arg [-plugin-opt=-pass-through=-lgloss] ==> ignore
    arg [-plugin-opt=-pass-through=-lgcc] ==> ignore
    arg [--sysroot=/opt/riscv/riscv32-unknown-elf] ==> ignore
    arg [-melf32lriscv] ==> ignore
    arg [-o] ==> ignore
    arg [cmTC_b8f2c] ==> ignore
    arg [/opt/riscv/lib/gcc/riscv32-unknown-elf/12.2.0/../../../../riscv32-unknown-elf/lib/crt0.o] ==> ignore
    arg [/opt/riscv/lib/gcc/riscv32-unknown-elf/12.2.0/crtbegin.o] ==> ignore
    arg [-L/opt/riscv/lib/gcc/riscv32-unknown-elf/12.2.0] ==> dir [/opt/riscv/lib/gcc/riscv32-unknown-elf/12.2.0]
    arg [-L/opt/riscv/lib/gcc/riscv32-unknown-elf/12.2.0/../../../../riscv32-unknown-elf/lib] ==> dir [/opt/riscv/lib/gcc/riscv32-unknown-elf/12.2.0/../../../../riscv32-unknown-elf/lib]
    arg [-L/opt/riscv/riscv32-unknown-elf/lib] ==> dir [/opt/riscv/riscv32-unknown-elf/lib]
    arg [CMakeFiles/cmTC_b8f2c.dir/CMakeCXXCompilerABI.cpp.o] ==> ignore
    arg [-lstdc++] ==> lib [stdc++]
    arg [-lm] ==> lib [m]
    arg [-lgcc] ==> lib [gcc]
    arg [--start-group] ==> ignore
    arg [-lc] ==> lib [c]
    arg [-lgloss] ==> lib [gloss]
    arg [--end-group] ==> ignore
    arg [-lgcc] ==> lib [gcc]
    arg [/opt/riscv/lib/gcc/riscv32-unknown-elf/12.2.0/crtend.o] ==> ignore
  remove lib [gcc]
  remove lib [gcc]
  collapse library dir [/opt/riscv/lib/gcc/riscv32-unknown-elf/12.2.0] ==> [/opt/riscv/lib/gcc/riscv32-unknown-elf/12.2.0]
  collapse library dir [/opt/riscv/lib/gcc/riscv32-unknown-elf/12.2.0/../../../../riscv32-unknown-elf/lib] ==> [/opt/riscv/riscv32-unknown-elf/lib]
  collapse library dir [/opt/riscv/riscv32-unknown-elf/lib] ==> [/opt/riscv/riscv32-unknown-elf/lib]
  implicit libs: [stdc++;m;c;gloss]
  implicit dirs: [/opt/riscv/lib/gcc/riscv32-unknown-elf/12.2.0;/opt/riscv/riscv32-unknown-elf/lib]
  implicit fwks: []




Detecting CXX [-std=c++14] compiler features compiled with the following output:
Change Dir: /home/binh/work/pulpino-binh/sw/bbuild/CMakeFiles/CMakeTmp

Run Build Command:"/usr/bin/gmake" "cmTC_93d21/fast"
/usr/bin/gmake -f CMakeFiles/cmTC_93d21.dir/build.make CMakeFiles/cmTC_93d21.dir/build
gmake[1]: Entering directory '/home/binh/work/pulpino-binh/sw/bbuild/CMakeFiles/CMakeTmp'
Building CXX object CMakeFiles/cmTC_93d21.dir/feature_tests.cxx.o
/opt/riscv/bin/riscv32-unknown-elf-c++    -std=c++14 -o CMakeFiles/cmTC_93d21.dir/feature_tests.cxx.o -c /home/binh/work/pulpino-binh/sw/bbuild/CMakeFiles/feature_tests.cxx
Linking CXX executable cmTC_93d21
/home/binh/Downloads/vivado-2018.3/SDK/2018.3/tps/lnx64/cmake-3.3.2/bin/cmake -E cmake_link_script CMakeFiles/cmTC_93d21.dir/link.txt --verbose=1
/opt/riscv/bin/riscv32-unknown-elf-c++        CMakeFiles/cmTC_93d21.dir/feature_tests.cxx.o  -o cmTC_93d21  
gmake[1]: Leaving directory '/home/binh/work/pulpino-binh/sw/bbuild/CMakeFiles/CMakeTmp'


    Feature record: CXX_FEATURE:1cxx_aggregate_default_initializers
    Feature record: CXX_FEATURE:1cxx_alias_templates
    Feature record: CXX_FEATURE:1cxx_alignas
    Feature record: CXX_FEATURE:1cxx_alignof
    Feature record: CXX_FEATURE:1cxx_attributes
    Feature record: CXX_FEATURE:1cxx_attribute_deprecated
    Feature record: CXX_FEATURE:1cxx_auto_type
    Feature record: CXX_FEATURE:1cxx_binary_literals
    Feature record: CXX_FEATURE:1cxx_constexpr
    Feature record: CXX_FEATURE:1cxx_contextual_conversions
    Feature record: CXX_FEATURE:1cxx_decltype
    Feature record: CXX_FEATURE:1cxx_decltype_auto
    Feature record: CXX_FEATURE:1cxx_decltype_incomplete_return_types
    Feature record: CXX_FEATURE:1cxx_default_function_template_args
    Feature record: CXX_FEATURE:1cxx_defaulted_functions
    Feature record: CXX_FEATURE:1cxx_defaulted_move_initializers
    Feature record: CXX_FEATURE:1cxx_delegating_constructors
    Feature record: CXX_FEATURE:1cxx_deleted_functions
    Feature record: CXX_FEATURE:1cxx_digit_separators
    Feature record: CXX_FEATURE:1cxx_enum_forward_declarations
    Feature record: CXX_FEATURE:1cxx_explicit_conversions
    Feature record: CXX_FEATURE:1cxx_extended_friend_declarations
    Feature record: CXX_FEATURE:1cxx_extern_templates
    Feature record: CXX_FEATURE:1cxx_final
    Feature record: CXX_FEATURE:1cxx_func_identifier
    Feature record: CXX_FEATURE:1cxx_generalized_initializers
    Feature record: CXX_FEATURE:1cxx_generic_lambdas
    Feature record: CXX_FEATURE:1cxx_inheriting_constructors
    Feature record: CXX_FEATURE:1cxx_inline_namespaces
    Feature record: CXX_FEATURE:1cxx_lambdas
    Feature record: CXX_FEATURE:1cxx_lambda_init_captures
    Feature record: CXX_FEATURE:1cxx_local_type_template_args
    Feature record: CXX_FEATURE:1cxx_long_long_type
    Feature record: CXX_FEATURE:1cxx_noexcept
    Feature record: CXX_FEATURE:1cxx_nonstatic_member_init
    Feature record: CXX_FEATURE:1cxx_nullptr
    Feature record: CXX_FEATURE:1cxx_override
    Feature record: CXX_FEATURE:1cxx_range_for
    Feature record: CXX_FEATURE:1cxx_raw_string_literals
    Feature record: CXX_FEATURE:1cxx_reference_qualified_functions
    Feature record: CXX_FEATURE:1cxx_relaxed_constexpr
    Feature record: CXX_FEATURE:1cxx_return_type_deduction
    Feature record: CXX_FEATURE:1cxx_right_angle_brackets
    Feature record: CXX_FEATURE:1cxx_rvalue_references
    Feature record: CXX_FEATURE:1cxx_sizeof_member
    Feature record: CXX_FEATURE:1cxx_static_assert
    Feature record: CXX_FEATURE:1cxx_strong_enums
    Feature record: CXX_FEATURE:1cxx_template_template_parameters
    Feature record: CXX_FEATURE:1cxx_thread_local
    Feature record: CXX_FEATURE:1cxx_trailing_return_types
    Feature record: CXX_FEATURE:1cxx_unicode_literals
    Feature record: CXX_FEATURE:1cxx_uniform_initialization
    Feature record: CXX_FEATURE:1cxx_unrestricted_unions
    Feature record: CXX_FEATURE:1cxx_user_literals
    Feature record: CXX_FEATURE:1cxx_variable_templates
    Feature record: CXX_FEATURE:1cxx_variadic_macros
    Feature record: CXX_FEATURE:1cxx_variadic_templates


Detecting CXX [-std=c++11] compiler features compiled with the following output:
Change Dir: /home/binh/work/pulpino-binh/sw/bbuild/CMakeFiles/CMakeTmp

Run Build Command:"/usr/bin/gmake" "cmTC_8b1d9/fast"
/usr/bin/gmake -f CMakeFiles/cmTC_8b1d9.dir/build.make CMakeFiles/cmTC_8b1d9.dir/build
gmake[1]: Entering directory '/home/binh/work/pulpino-binh/sw/bbuild/CMakeFiles/CMakeTmp'
Building CXX object CMakeFiles/cmTC_8b1d9.dir/feature_tests.cxx.o
/opt/riscv/bin/riscv32-unknown-elf-c++    -std=c++11 -o CMakeFiles/cmTC_8b1d9.dir/feature_tests.cxx.o -c /home/binh/work/pulpino-binh/sw/bbuild/CMakeFiles/feature_tests.cxx
Linking CXX executable cmTC_8b1d9
/home/binh/Downloads/vivado-2018.3/SDK/2018.3/tps/lnx64/cmake-3.3.2/bin/cmake -E cmake_link_script CMakeFiles/cmTC_8b1d9.dir/link.txt --verbose=1
/opt/riscv/bin/riscv32-unknown-elf-c++        CMakeFiles/cmTC_8b1d9.dir/feature_tests.cxx.o  -o cmTC_8b1d9  
gmake[1]: Leaving directory '/home/binh/work/pulpino-binh/sw/bbuild/CMakeFiles/CMakeTmp'


    Feature record: CXX_FEATURE:0cxx_aggregate_default_initializers
    Feature record: CXX_FEATURE:1cxx_alias_templates
    Feature record: CXX_FEATURE:1cxx_alignas
    Feature record: CXX_FEATURE:1cxx_alignof
    Feature record: CXX_FEATURE:1cxx_attributes
    Feature record: CXX_FEATURE:0cxx_attribute_deprecated
    Feature record: CXX_FEATURE:1cxx_auto_type
    Feature record: CXX_FEATURE:0cxx_binary_literals
    Feature record: CXX_FEATURE:1cxx_constexpr
    Feature record: CXX_FEATURE:0cxx_contextual_conversions
    Feature record: CXX_FEATURE:1cxx_decltype
    Feature record: CXX_FEATURE:0cxx_decltype_auto
    Feature record: CXX_FEATURE:1cxx_decltype_incomplete_return_types
    Feature record: CXX_FEATURE:1cxx_default_function_template_args
    Feature record: CXX_FEATURE:1cxx_defaulted_functions
    Feature record: CXX_FEATURE:1cxx_defaulted_move_initializers
    Feature record: CXX_FEATURE:1cxx_delegating_constructors
    Feature record: CXX_FEATURE:1cxx_deleted_functions
    Feature record: CXX_FEATURE:0cxx_digit_separators
    Feature record: CXX_FEATURE:1cxx_enum_forward_declarations
    Feature record: CXX_FEATURE:1cxx_explicit_conversions
    Feature record: CXX_FEATURE:1cxx_extended_friend_declarations
    Feature record: CXX_FEATURE:1cxx_extern_templates
    Feature record: CXX_FEATURE:1cxx_final
    Feature record: CXX_FEATURE:1cxx_func_identifier
    Feature record: CXX_FEATURE:1cxx_generalized_initializers
    Feature record: CXX_FEATURE:0cxx_generic_lambdas
    Feature record: CXX_FEATURE:1cxx_inheriting_constructors
    Feature record: CXX_FEATURE:1cxx_inline_namespaces
    Feature record: CXX_FEATURE:1cxx_lambdas
    Feature record: CXX_FEATURE:0cxx_lambda_init_captures
    Feature record: CXX_FEATURE:1cxx_local_type_template_args
    Feature record: CXX_FEATURE:1cxx_long_long_type
    Feature record: CXX_FEATURE:1cxx_noexcept
    Feature record: CXX_FEATURE:1cxx_nonstatic_member_init
    Feature record: CXX_FEATURE:1cxx_nullptr
    Feature record: CXX_FEATURE:1cxx_override
    Feature record: CXX_FEATURE:1cxx_range_for
    Feature record: CXX_FEATURE:1cxx_raw_string_literals
    Feature record: CXX_FEATURE:1cxx_reference_qualified_functions
    Feature record: CXX_FEATURE:0cxx_relaxed_constexpr
    Feature record: CXX_FEATURE:0cxx_return_type_deduction
    Feature record: CXX_FEATURE:1cxx_right_angle_brackets
    Feature record: CXX_FEATURE:1cxx_rvalue_references
    Feature record: CXX_FEATURE:1cxx_sizeof_member
    Feature record: CXX_FEATURE:1cxx_static_assert
    Feature record: CXX_FEATURE:1cxx_strong_enums
    Feature record: CXX_FEATURE:1cxx_template_template_parameters
    Feature record: CXX_FEATURE:1cxx_thread_local
    Feature record: CXX_FEATURE:1cxx_trailing_return_types
    Feature record: CXX_FEATURE:1cxx_unicode_literals
    Feature record: CXX_FEATURE:1cxx_uniform_initialization
    Feature record: CXX_FEATURE:1cxx_unrestricted_unions
    Feature record: CXX_FEATURE:1cxx_user_literals
    Feature record: CXX_FEATURE:0cxx_variable_templates
    Feature record: CXX_FEATURE:1cxx_variadic_macros
    Feature record: CXX_FEATURE:1cxx_variadic_templates


Detecting CXX [-std=c++98] compiler features compiled with the following output:
Change Dir: /home/binh/work/pulpino-binh/sw/bbuild/CMakeFiles/CMakeTmp

Run Build Command:"/usr/bin/gmake" "cmTC_1c29e/fast"
/usr/bin/gmake -f CMakeFiles/cmTC_1c29e.dir/build.make CMakeFiles/cmTC_1c29e.dir/build
gmake[1]: Entering directory '/home/binh/work/pulpino-binh/sw/bbuild/CMakeFiles/CMakeTmp'
Building CXX object CMakeFiles/cmTC_1c29e.dir/feature_tests.cxx.o
/opt/riscv/bin/riscv32-unknown-elf-c++    -std=c++98 -o CMakeFiles/cmTC_1c29e.dir/feature_tests.cxx.o -c /home/binh/work/pulpino-binh/sw/bbuild/CMakeFiles/feature_tests.cxx
Linking CXX executable cmTC_1c29e
/home/binh/Downloads/vivado-2018.3/SDK/2018.3/tps/lnx64/cmake-3.3.2/bin/cmake -E cmake_link_script CMakeFiles/cmTC_1c29e.dir/link.txt --verbose=1
/opt/riscv/bin/riscv32-unknown-elf-c++        CMakeFiles/cmTC_1c29e.dir/feature_tests.cxx.o  -o cmTC_1c29e  
gmake[1]: Leaving directory '/home/binh/work/pulpino-binh/sw/bbuild/CMakeFiles/CMakeTmp'


    Feature record: CXX_FEATURE:0cxx_aggregate_default_initializers
    Feature record: CXX_FEATURE:0cxx_alias_templates
    Feature record: CXX_FEATURE:0cxx_alignas
    Feature record: CXX_FEATURE:0cxx_alignof
    Feature record: CXX_FEATURE:0cxx_attributes
    Feature record: CXX_FEATURE:0cxx_attribute_deprecated
    Feature record: CXX_FEATURE:0cxx_auto_type
    Feature record: CXX_FEATURE:0cxx_binary_literals
    Feature record: CXX_FEATURE:0cxx_constexpr
    Feature record: CXX_FEATURE:0cxx_contextual_conversions
    Feature record: CXX_FEATURE:0cxx_decltype
    Feature record: CXX_FEATURE:0cxx_decltype_auto
    Feature record: CXX_FEATURE:0cxx_decltype_incomplete_return_types
    Feature record: CXX_FEATURE:0cxx_default_function_template_args
    Feature record: CXX_FEATURE:0cxx_defaulted_functions
    Feature record: CXX_FEATURE:0cxx_defaulted_move_initializers
    Feature record: CXX_FEATURE:0cxx_delegating_constructors
    Feature record: CXX_FEATURE:0cxx_deleted_functions
    Feature record: CXX_FEATURE:0cxx_digit_separators
    Feature record: CXX_FEATURE:0cxx_enum_forward_declarations
    Feature record: CXX_FEATURE:0cxx_explicit_conversions
    Feature record: CXX_FEATURE:0cxx_extended_friend_declarations
    Feature record: CXX_FEATURE:0cxx_extern_templates
    Feature record: CXX_FEATURE:0cxx_final
    Feature record: CXX_FEATURE:0cxx_func_identifier
    Feature record: CXX_FEATURE:0cxx_generalized_initializers
    Feature record: CXX_FEATURE:0cxx_generic_lambdas
    Feature record: CXX_FEATURE:0cxx_inheriting_constructors
    Feature record: CXX_FEATURE:0cxx_inline_namespaces
    Feature record: CXX_FEATURE:0cxx_lambdas
    Feature record: CXX_FEATURE:0cxx_lambda_init_captures
    Feature record: CXX_FEATURE:0cxx_local_type_template_args
    Feature record: CXX_FEATURE:0cxx_long_long_type
    Feature record: CXX_FEATURE:0cxx_noexcept
    Feature record: CXX_FEATURE:0cxx_nonstatic_member_init
    Feature record: CXX_FEATURE:0cxx_nullptr
    Feature record: CXX_FEATURE:0cxx_override
    Feature record: CXX_FEATURE:0cxx_range_for
    Feature record: CXX_FEATURE:0cxx_raw_string_literals
    Feature record: CXX_FEATURE:0cxx_reference_qualified_functions
    Feature record: CXX_FEATURE:0cxx_relaxed_constexpr
    Feature record: CXX_FEATURE:0cxx_return_type_deduction
    Feature record: CXX_FEATURE:0cxx_right_angle_brackets
    Feature record: CXX_FEATURE:0cxx_rvalue_references
    Feature record: CXX_FEATURE:0cxx_sizeof_member
    Feature record: CXX_FEATURE:0cxx_static_assert
    Feature record: CXX_FEATURE:0cxx_strong_enums
    Feature record: CXX_FEATURE:1cxx_template_template_parameters
    Feature record: CXX_FEATURE:0cxx_thread_local
    Feature record: CXX_FEATURE:0cxx_trailing_return_types
    Feature record: CXX_FEATURE:0cxx_unicode_literals
    Feature record: CXX_FEATURE:0cxx_uniform_initialization
    Feature record: CXX_FEATURE:0cxx_unrestricted_unions
    Feature record: CXX_FEATURE:0cxx_user_literals
    Feature record: CXX_FEATURE:0cxx_variable_templates
    Feature record: CXX_FEATURE:0cxx_variadic_macros
    Feature record: CXX_FEATURE:0cxx_variadic_templates
